{"D:\\kognitiv-portal-ui\\src\\index.tsx": {"path":"D:\\kognitiv-portal-ui\\src\\index.tsx","statementMap":{},"fnMap":{},"branchMap":{},"s":{},"f":{},"b":{}}
,"D:\\kognitiv-portal-ui\\src\\KpAccordion\\KpAccordion.stories.tsx": {"path":"D:\\kognitiv-portal-ui\\src\\KpAccordion\\KpAccordion.stories.tsx","statementMap":{"0":{"start":{"line":7,"column":13},"end":{"line":11,"column":36}},"1":{"start":{"line":18,"column":30},"end":{"line":51,"column":1}},"2":{"start":{"line":49,"column":31},"end":{"line":49,"column":49}}},"fnMap":{"0":{"name":"(anonymous_0)","decl":{"start":{"line":49,"column":14},"end":{"line":49,"column":15}},"loc":{"start":{"line":49,"column":30},"end":{"line":49,"column":50}},"line":49}},"branchMap":{},"s":{"0":0,"1":0,"2":0},"f":{"0":0},"b":{}}
,"D:\\kognitiv-portal-ui\\src\\KpAccordion\\KpAccordion.tsx": {"path":"D:\\kognitiv-portal-ui\\src\\KpAccordion\\KpAccordion.tsx","statementMap":{"0":{"start":{"line":29,"column":27},"end":{"line":96,"column":1}},"1":{"start":{"line":39,"column":36},"end":{"line":39,"column":76}},"2":{"start":{"line":42,"column":4},"end":{"line":46,"column":19}},"3":{"start":{"line":43,"column":8},"end":{"line":45,"column":9}},"4":{"start":{"line":44,"column":12},"end":{"line":44,"column":31}},"5":{"start":{"line":48,"column":25},"end":{"line":54,"column":5}},"6":{"start":{"line":48,"column":44},"end":{"line":54,"column":5}},"7":{"start":{"line":49,"column":8},"end":{"line":53,"column":9}},"8":{"start":{"line":50,"column":12},"end":{"line":50,"column":46}},"9":{"start":{"line":52,"column":12},"end":{"line":52,"column":61}},"10":{"start":{"line":52,"column":46},"end":{"line":52,"column":58}},"11":{"start":{"line":56,"column":4},"end":{"line":95,"column":6}},"12":{"start":{"line":59,"column":16},"end":{"line":92,"column":28}}},"fnMap":{"0":{"name":"(anonymous_0)","decl":{"start":{"line":29,"column":27},"end":{"line":29,"column":28}},"loc":{"start":{"line":37,"column":52},"end":{"line":96,"column":1}},"line":37},"1":{"name":"(anonymous_1)","decl":{"start":{"line":42,"column":14},"end":{"line":42,"column":15}},"loc":{"start":{"line":42,"column":20},"end":{"line":46,"column":5}},"line":42},"2":{"name":"(anonymous_2)","decl":{"start":{"line":48,"column":25},"end":{"line":48,"column":26}},"loc":{"start":{"line":48,"column":44},"end":{"line":54,"column":5}},"line":48},"3":{"name":"(anonymous_3)","decl":{"start":{"line":48,"column":44},"end":{"line":48,"column":45}},"loc":{"start":{"line":48,"column":98},"end":{"line":54,"column":5}},"line":48},"4":{"name":"(anonymous_4)","decl":{"start":{"line":52,"column":40},"end":{"line":52,"column":41}},"loc":{"start":{"line":52,"column":46},"end":{"line":52,"column":58}},"line":52},"5":{"name":"(anonymous_5)","decl":{"start":{"line":58,"column":34},"end":{"line":58,"column":35}},"loc":{"start":{"line":59,"column":16},"end":{"line":92,"column":28}},"line":59}},"branchMap":{"0":{"loc":{"start":{"line":39,"column":51},"end":{"line":39,"column":75}},"type":"binary-expr","locations":[{"start":{"line":39,"column":51},"end":{"line":39,"column":69}},{"start":{"line":39,"column":73},"end":{"line":39,"column":75}}],"line":39},"1":{"loc":{"start":{"line":43,"column":8},"end":{"line":45,"column":9}},"type":"if","locations":[{"start":{"line":43,"column":8},"end":{"line":45,"column":9}},{"start":{},"end":{}}],"line":43},"2":{"loc":{"start":{"line":49,"column":8},"end":{"line":53,"column":9}},"type":"if","locations":[{"start":{"line":49,"column":8},"end":{"line":53,"column":9}},{"start":{"line":51,"column":15},"end":{"line":53,"column":9}}],"line":49},"3":{"loc":{"start":{"line":63,"column":35},"end":{"line":63,"column":54}},"type":"binary-expr","locations":[{"start":{"line":63,"column":35},"end":{"line":63,"column":44}},{"start":{"line":63,"column":48},"end":{"line":63,"column":54}}],"line":63},"4":{"loc":{"start":{"line":68,"column":32},"end":{"line":68,"column":48}},"type":"binary-expr","locations":[{"start":{"line":68,"column":32},"end":{"line":68,"column":38}},{"start":{"line":68,"column":42},"end":{"line":68,"column":48}}],"line":68},"5":{"loc":{"start":{"line":76,"column":66},"end":{"line":76,"column":106}},"type":"cond-expr","locations":[{"start":{"line":76,"column":85},"end":{"line":76,"column":98}},{"start":{"line":76,"column":101},"end":{"line":76,"column":106}}],"line":76},"6":{"loc":{"start":{"line":82,"column":25},"end":{"line":84,"column":25}},"type":"binary-expr","locations":[{"start":{"line":82,"column":25},"end":{"line":82,"column":46}},{"start":{"line":83,"column":28},"end":{"line":83,"column":56}}],"line":82},"7":{"loc":{"start":{"line":85,"column":25},"end":{"line":90,"column":25}},"type":"binary-expr","locations":[{"start":{"line":85,"column":25},"end":{"line":85,"column":49}},{"start":{"line":86,"column":28},"end":{"line":89,"column":30}}],"line":85}},"s":{"0":1,"1":2,"2":2,"3":2,"4":0,"5":2,"6":5,"7":0,"8":0,"9":0,"10":0,"11":2,"12":5},"f":{"0":2,"1":2,"2":5,"3":0,"4":0,"5":5},"b":{"0":[2,2],"1":[0,2],"2":[0,0],"3":[5,2],"4":[5,2],"5":[0,5],"6":[5,0],"7":[5,1]},"_coverageSchema":"1a1c01bbd47fc00a2c39e90264f33305004495a9","hash":"55232fa5cc1fa66e4eaa029a66f87c6edab79ca1"}
,"D:\\kognitiv-portal-ui\\src\\KpStepper\\KpStepper.stories.ts": {"path":"D:\\kognitiv-portal-ui\\src\\KpStepper\\KpStepper.stories.ts","statementMap":{"0":{"start":{"line":4,"column":13},"end":{"line":8,"column":34}},"1":{"start":{"line":13,"column":14},"end":{"line":26,"column":1}},"2":{"start":{"line":29,"column":30},"end":{"line":40,"column":1}},"3":{"start":{"line":36,"column":23},"end":{"line":36,"column":52}},"4":{"start":{"line":37,"column":23},"end":{"line":37,"column":52}}},"fnMap":{"0":{"name":"(anonymous_0)","decl":{"start":{"line":36,"column":16},"end":{"line":36,"column":17}},"loc":{"start":{"line":36,"column":22},"end":{"line":36,"column":53}},"line":36},"1":{"name":"(anonymous_1)","decl":{"start":{"line":37,"column":16},"end":{"line":37,"column":17}},"loc":{"start":{"line":37,"column":22},"end":{"line":37,"column":53}},"line":37}},"branchMap":{},"s":{"0":0,"1":0,"2":0,"3":0,"4":0},"f":{"0":0,"1":0},"b":{}}
,"D:\\kognitiv-portal-ui\\src\\KpStepper\\KpStepper.tsx": {"path":"D:\\kognitiv-portal-ui\\src\\KpStepper\\KpStepper.tsx","statementMap":{"0":{"start":{"line":26,"column":25},"end":{"line":164,"column":1}},"1":{"start":{"line":28,"column":32},"end":{"line":46,"column":11}},"2":{"start":{"line":28,"column":84},"end":{"line":46,"column":9}},"3":{"start":{"line":48,"column":30},"end":{"line":61,"column":11}},"4":{"start":{"line":48,"column":60},"end":{"line":61,"column":9}},"5":{"start":{"line":63,"column":27},"end":{"line":72,"column":11}},"6":{"start":{"line":63,"column":58},"end":{"line":72,"column":9}},"7":{"start":{"line":74,"column":33},"end":{"line":76,"column":11}},"8":{"start":{"line":74,"column":61},"end":{"line":76,"column":9}},"9":{"start":{"line":79,"column":44},"end":{"line":79,"column":61}},"10":{"start":{"line":80,"column":42},"end":{"line":82,"column":14}},"11":{"start":{"line":85,"column":23},"end":{"line":89,"column":9}},"12":{"start":{"line":86,"column":12},"end":{"line":88,"column":13}},"13":{"start":{"line":87,"column":16},"end":{"line":87,"column":29}},"14":{"start":{"line":92,"column":23},"end":{"line":94,"column":9}},"15":{"start":{"line":93,"column":12},"end":{"line":93,"column":25}},"16":{"start":{"line":97,"column":8},"end":{"line":97,"column":61}},"17":{"start":{"line":97,"column":40},"end":{"line":97,"column":58}},"18":{"start":{"line":100,"column":27},"end":{"line":102,"column":9}},"19":{"start":{"line":101,"column":12},"end":{"line":101,"column":32}},"20":{"start":{"line":105,"column":31},"end":{"line":107,"column":9}},"21":{"start":{"line":106,"column":12},"end":{"line":106,"column":49}},"22":{"start":{"line":110,"column":27},"end":{"line":112,"column":9}},"23":{"start":{"line":111,"column":12},"end":{"line":111,"column":51}},"24":{"start":{"line":115,"column":34},"end":{"line":117,"column":9}},"25":{"start":{"line":116,"column":12},"end":{"line":116,"column":53}},"26":{"start":{"line":120,"column":27},"end":{"line":126,"column":9}},"27":{"start":{"line":122,"column":16},"end":{"line":124,"column":36}},"28":{"start":{"line":123,"column":51},"end":{"line":123,"column":68}},"29":{"start":{"line":125,"column":12},"end":{"line":125,"column":41}},"30":{"start":{"line":129,"column":27},"end":{"line":131,"column":9}},"31":{"start":{"line":130,"column":12},"end":{"line":130,"column":66}},"32":{"start":{"line":130,"column":46},"end":{"line":130,"column":64}},"33":{"start":{"line":134,"column":27},"end":{"line":136,"column":9}},"34":{"start":{"line":134,"column":67},"end":{"line":136,"column":9}},"35":{"start":{"line":135,"column":12},"end":{"line":135,"column":32}},"36":{"start":{"line":138,"column":8},"end":{"line":162,"column":10}},"37":{"start":{"line":146,"column":24},"end":{"line":158,"column":31}},"38":{"start":{"line":150,"column":83},"end":{"line":150,"column":100}}},"fnMap":{"0":{"name":"(anonymous_0)","decl":{"start":{"line":27,"column":4},"end":{"line":27,"column":5}},"loc":{"start":{"line":27,"column":138},"end":{"line":163,"column":5}},"line":27},"1":{"name":"(anonymous_1)","decl":{"start":{"line":28,"column":56},"end":{"line":28,"column":57}},"loc":{"start":{"line":28,"column":84},"end":{"line":46,"column":9}},"line":28},"2":{"name":"(anonymous_2)","decl":{"start":{"line":48,"column":44},"end":{"line":48,"column":45}},"loc":{"start":{"line":48,"column":60},"end":{"line":61,"column":9}},"line":48},"3":{"name":"(anonymous_3)","decl":{"start":{"line":63,"column":42},"end":{"line":63,"column":43}},"loc":{"start":{"line":63,"column":58},"end":{"line":72,"column":9}},"line":63},"4":{"name":"(anonymous_4)","decl":{"start":{"line":74,"column":45},"end":{"line":74,"column":46}},"loc":{"start":{"line":74,"column":61},"end":{"line":76,"column":9}},"line":74},"5":{"name":"(anonymous_5)","decl":{"start":{"line":85,"column":23},"end":{"line":85,"column":24}},"loc":{"start":{"line":85,"column":29},"end":{"line":89,"column":9}},"line":85},"6":{"name":"(anonymous_6)","decl":{"start":{"line":92,"column":23},"end":{"line":92,"column":24}},"loc":{"start":{"line":92,"column":29},"end":{"line":94,"column":9}},"line":92},"7":{"name":"(anonymous_7)","decl":{"start":{"line":97,"column":33},"end":{"line":97,"column":34}},"loc":{"start":{"line":97,"column":40},"end":{"line":97,"column":58}},"line":97},"8":{"name":"(anonymous_8)","decl":{"start":{"line":100,"column":27},"end":{"line":100,"column":28}},"loc":{"start":{"line":100,"column":33},"end":{"line":102,"column":9}},"line":100},"9":{"name":"(anonymous_9)","decl":{"start":{"line":105,"column":31},"end":{"line":105,"column":32}},"loc":{"start":{"line":105,"column":37},"end":{"line":107,"column":9}},"line":105},"10":{"name":"(anonymous_10)","decl":{"start":{"line":110,"column":27},"end":{"line":110,"column":28}},"loc":{"start":{"line":110,"column":33},"end":{"line":112,"column":9}},"line":110},"11":{"name":"(anonymous_11)","decl":{"start":{"line":115,"column":34},"end":{"line":115,"column":35}},"loc":{"start":{"line":115,"column":40},"end":{"line":117,"column":9}},"line":115},"12":{"name":"(anonymous_12)","decl":{"start":{"line":120,"column":27},"end":{"line":120,"column":28}},"loc":{"start":{"line":120,"column":33},"end":{"line":126,"column":9}},"line":120},"13":{"name":"(anonymous_13)","decl":{"start":{"line":123,"column":38},"end":{"line":123,"column":39}},"loc":{"start":{"line":123,"column":51},"end":{"line":123,"column":68}},"line":123},"14":{"name":"(anonymous_14)","decl":{"start":{"line":129,"column":27},"end":{"line":129,"column":28}},"loc":{"start":{"line":129,"column":33},"end":{"line":131,"column":9}},"line":129},"15":{"name":"(anonymous_15)","decl":{"start":{"line":130,"column":26},"end":{"line":130,"column":27}},"loc":{"start":{"line":130,"column":46},"end":{"line":130,"column":64}},"line":130},"16":{"name":"(anonymous_16)","decl":{"start":{"line":134,"column":27},"end":{"line":134,"column":28}},"loc":{"start":{"line":134,"column":67},"end":{"line":136,"column":9}},"line":134},"17":{"name":"(anonymous_17)","decl":{"start":{"line":134,"column":67},"end":{"line":134,"column":68}},"loc":{"start":{"line":134,"column":73},"end":{"line":136,"column":9}},"line":134},"18":{"name":"(anonymous_18)","decl":{"start":{"line":145,"column":31},"end":{"line":145,"column":32}},"loc":{"start":{"line":146,"column":24},"end":{"line":158,"column":31}},"line":146},"19":{"name":"(anonymous_19)","decl":{"start":{"line":150,"column":77},"end":{"line":150,"column":78}},"loc":{"start":{"line":150,"column":83},"end":{"line":150,"column":100}},"line":150}},"branchMap":{"0":{"loc":{"start":{"line":31,"column":29},"end":{"line":31,"column":81}},"type":"cond-expr","locations":[{"start":{"line":31,"column":57},"end":{"line":31,"column":72}},{"start":{"line":31,"column":75},"end":{"line":31,"column":81}}],"line":31},"1":{"loc":{"start":{"line":32,"column":20},"end":{"line":32,"column":85}},"type":"cond-expr","locations":[{"start":{"line":32,"column":48},"end":{"line":32,"column":63}},{"start":{"line":32,"column":66},"end":{"line":32,"column":85}}],"line":32},"2":{"loc":{"start":{"line":33,"column":19},"end":{"line":33,"column":64}},"type":"cond-expr","locations":[{"start":{"line":33,"column":46},"end":{"line":33,"column":52}},{"start":{"line":33,"column":55},"end":{"line":33,"column":64}}],"line":33},"3":{"loc":{"start":{"line":44,"column":21},"end":{"line":44,"column":55}},"type":"cond-expr","locations":[{"start":{"line":44,"column":48},"end":{"line":44,"column":51}},{"start":{"line":44,"column":54},"end":{"line":44,"column":55}}],"line":44},"4":{"loc":{"start":{"line":86,"column":12},"end":{"line":88,"column":13}},"type":"if","locations":[{"start":{"line":86,"column":12},"end":{"line":88,"column":13}},{"start":{},"end":{}}],"line":86},"5":{"loc":{"start":{"line":122,"column":16},"end":{"line":124,"column":36}},"type":"cond-expr","locations":[{"start":{"line":123,"column":22},"end":{"line":123,"column":69}},{"start":{"line":124,"column":22},"end":{"line":124,"column":36}}],"line":122},"6":{"loc":{"start":{"line":122,"column":16},"end":{"line":122,"column":52}},"type":"binary-expr","locations":[{"start":{"line":122,"column":16},"end":{"line":122,"column":28}},{"start":{"line":122,"column":32},"end":{"line":122,"column":52}}],"line":122},"7":{"loc":{"start":{"line":143,"column":32},"end":{"line":143,"column":84}},"type":"cond-expr","locations":[{"start":{"line":143,"column":60},"end":{"line":143,"column":70}},{"start":{"line":143,"column":73},"end":{"line":143,"column":84}}],"line":143},"8":{"loc":{"start":{"line":147,"column":29},"end":{"line":157,"column":29}},"type":"cond-expr","locations":[{"start":{"line":148,"column":32},"end":{"line":148,"column":42}},{"start":{"line":149,"column":32},"end":{"line":157,"column":29}}],"line":147},"9":{"loc":{"start":{"line":149,"column":32},"end":{"line":157,"column":29}},"type":"cond-expr","locations":[{"start":{"line":150,"column":32},"end":{"line":152,"column":50}},{"start":{"line":154,"column":32},"end":{"line":156,"column":48}}],"line":149}},"s":{"0":1,"1":1,"2":2,"3":1,"4":1,"5":1,"6":1,"7":1,"8":1,"9":1,"10":1,"11":1,"12":0,"13":0,"14":1,"15":0,"16":1,"17":0,"18":1,"19":0,"20":1,"21":0,"22":1,"23":0,"24":1,"25":0,"26":1,"27":0,"28":0,"29":0,"30":1,"31":0,"32":0,"33":1,"34":1,"35":0,"36":1,"37":3,"38":0},"f":{"0":1,"1":2,"2":1,"3":1,"4":1,"5":0,"6":0,"7":0,"8":0,"9":0,"10":0,"11":0,"12":0,"13":0,"14":0,"15":0,"16":1,"17":0,"18":3,"19":0},"b":{"0":[1,1],"1":[1,1],"2":[1,1],"3":[0,2],"4":[0,0],"5":[0,0],"6":[0,0],"7":[0,1],"8":[0,3],"9":[2,1]},"_coverageSchema":"1a1c01bbd47fc00a2c39e90264f33305004495a9","hash":"f3cc4f295c6b41e4c6b1fa74101a62e1eb23fae4"}
,"D:\\kognitiv-portal-ui\\src\\assets\\svg\\index.tsx": {"path":"D:\\kognitiv-portal-ui\\src\\assets\\svg\\index.tsx","statementMap":{"0":{"start":{"line":14,"column":41},"end":{"line":32,"column":1}},"1":{"start":{"line":15,"column":2},"end":{"line":31,"column":4}},"2":{"start":{"line":34,"column":42},"end":{"line":52,"column":1}},"3":{"start":{"line":35,"column":2},"end":{"line":51,"column":4}},"4":{"start":{"line":54,"column":48},"end":{"line":72,"column":1}},"5":{"start":{"line":55,"column":2},"end":{"line":71,"column":4}},"6":{"start":{"line":74,"column":43},"end":{"line":92,"column":1}},"7":{"start":{"line":75,"column":2},"end":{"line":91,"column":4}},"8":{"start":{"line":94,"column":50},"end":{"line":112,"column":1}},"9":{"start":{"line":95,"column":2},"end":{"line":111,"column":4}},"10":{"start":{"line":114,"column":51},"end":{"line":132,"column":1}},"11":{"start":{"line":115,"column":2},"end":{"line":131,"column":4}},"12":{"start":{"line":134,"column":46},"end":{"line":152,"column":1}},"13":{"start":{"line":135,"column":2},"end":{"line":151,"column":4}},"14":{"start":{"line":154,"column":50},"end":{"line":172,"column":1}},"15":{"start":{"line":155,"column":2},"end":{"line":171,"column":4}},"16":{"start":{"line":174,"column":48},"end":{"line":192,"column":1}},"17":{"start":{"line":175,"column":2},"end":{"line":191,"column":4}},"18":{"start":{"line":194,"column":46},"end":{"line":212,"column":1}},"19":{"start":{"line":195,"column":2},"end":{"line":211,"column":4}},"20":{"start":{"line":214,"column":47},"end":{"line":232,"column":1}},"21":{"start":{"line":215,"column":2},"end":{"line":231,"column":4}},"22":{"start":{"line":234,"column":47},"end":{"line":252,"column":1}},"23":{"start":{"line":235,"column":2},"end":{"line":251,"column":4}},"24":{"start":{"line":254,"column":48},"end":{"line":272,"column":1}},"25":{"start":{"line":255,"column":2},"end":{"line":271,"column":4}},"26":{"start":{"line":274,"column":49},"end":{"line":292,"column":1}},"27":{"start":{"line":275,"column":2},"end":{"line":291,"column":4}},"28":{"start":{"line":294,"column":48},"end":{"line":311,"column":1}},"29":{"start":{"line":295,"column":2},"end":{"line":310,"column":4}},"30":{"start":{"line":313,"column":49},"end":{"line":330,"column":1}},"31":{"start":{"line":314,"column":2},"end":{"line":329,"column":4}},"32":{"start":{"line":332,"column":44},"end":{"line":351,"column":1}},"33":{"start":{"line":333,"column":2},"end":{"line":350,"column":4}},"34":{"start":{"line":353,"column":46},"end":{"line":372,"column":1}},"35":{"start":{"line":354,"column":2},"end":{"line":371,"column":4}},"36":{"start":{"line":374,"column":45},"end":{"line":393,"column":1}},"37":{"start":{"line":375,"column":2},"end":{"line":392,"column":4}},"38":{"start":{"line":395,"column":45},"end":{"line":413,"column":1}},"39":{"start":{"line":396,"column":2},"end":{"line":412,"column":4}},"40":{"start":{"line":415,"column":43},"end":{"line":435,"column":1}},"41":{"start":{"line":416,"column":2},"end":{"line":434,"column":4}},"42":{"start":{"line":437,"column":42},"end":{"line":457,"column":1}},"43":{"start":{"line":438,"column":2},"end":{"line":456,"column":4}},"44":{"start":{"line":459,"column":44},"end":{"line":478,"column":1}},"45":{"start":{"line":460,"column":2},"end":{"line":477,"column":4}},"46":{"start":{"line":480,"column":46},"end":{"line":498,"column":1}},"47":{"start":{"line":481,"column":2},"end":{"line":497,"column":4}},"48":{"start":{"line":500,"column":44},"end":{"line":523,"column":1}},"49":{"start":{"line":501,"column":2},"end":{"line":522,"column":4}},"50":{"start":{"line":525,"column":53},"end":{"line":544,"column":1}},"51":{"start":{"line":526,"column":2},"end":{"line":543,"column":4}},"52":{"start":{"line":546,"column":49},"end":{"line":565,"column":1}},"53":{"start":{"line":547,"column":2},"end":{"line":564,"column":4}},"54":{"start":{"line":567,"column":54},"end":{"line":586,"column":1}},"55":{"start":{"line":568,"column":2},"end":{"line":585,"column":4}},"56":{"start":{"line":588,"column":50},"end":{"line":604,"column":1}},"57":{"start":{"line":589,"column":2},"end":{"line":603,"column":4}},"58":{"start":{"line":606,"column":45},"end":{"line":622,"column":1}},"59":{"start":{"line":607,"column":2},"end":{"line":621,"column":4}},"60":{"start":{"line":624,"column":51},"end":{"line":640,"column":1}},"61":{"start":{"line":625,"column":2},"end":{"line":639,"column":4}},"62":{"start":{"line":642,"column":46},"end":{"line":658,"column":1}},"63":{"start":{"line":643,"column":2},"end":{"line":657,"column":4}},"64":{"start":{"line":660,"column":45},"end":{"line":676,"column":1}},"65":{"start":{"line":661,"column":2},"end":{"line":675,"column":4}}},"fnMap":{"0":{"name":"(anonymous_0)","decl":{"start":{"line":14,"column":41},"end":{"line":14,"column":42}},"loc":{"start":{"line":14,"column":62},"end":{"line":32,"column":1}},"line":14},"1":{"name":"(anonymous_1)","decl":{"start":{"line":34,"column":42},"end":{"line":34,"column":43}},"loc":{"start":{"line":34,"column":63},"end":{"line":52,"column":1}},"line":34},"2":{"name":"(anonymous_2)","decl":{"start":{"line":54,"column":48},"end":{"line":54,"column":49}},"loc":{"start":{"line":54,"column":69},"end":{"line":72,"column":1}},"line":54},"3":{"name":"(anonymous_3)","decl":{"start":{"line":74,"column":43},"end":{"line":74,"column":44}},"loc":{"start":{"line":74,"column":64},"end":{"line":92,"column":1}},"line":74},"4":{"name":"(anonymous_4)","decl":{"start":{"line":94,"column":50},"end":{"line":94,"column":51}},"loc":{"start":{"line":94,"column":71},"end":{"line":112,"column":1}},"line":94},"5":{"name":"(anonymous_5)","decl":{"start":{"line":114,"column":51},"end":{"line":114,"column":52}},"loc":{"start":{"line":114,"column":72},"end":{"line":132,"column":1}},"line":114},"6":{"name":"(anonymous_6)","decl":{"start":{"line":134,"column":46},"end":{"line":134,"column":47}},"loc":{"start":{"line":134,"column":67},"end":{"line":152,"column":1}},"line":134},"7":{"name":"(anonymous_7)","decl":{"start":{"line":154,"column":50},"end":{"line":154,"column":51}},"loc":{"start":{"line":154,"column":71},"end":{"line":172,"column":1}},"line":154},"8":{"name":"(anonymous_8)","decl":{"start":{"line":174,"column":48},"end":{"line":174,"column":49}},"loc":{"start":{"line":174,"column":69},"end":{"line":192,"column":1}},"line":174},"9":{"name":"(anonymous_9)","decl":{"start":{"line":194,"column":46},"end":{"line":194,"column":47}},"loc":{"start":{"line":194,"column":67},"end":{"line":212,"column":1}},"line":194},"10":{"name":"(anonymous_10)","decl":{"start":{"line":214,"column":47},"end":{"line":214,"column":48}},"loc":{"start":{"line":214,"column":68},"end":{"line":232,"column":1}},"line":214},"11":{"name":"(anonymous_11)","decl":{"start":{"line":234,"column":47},"end":{"line":234,"column":48}},"loc":{"start":{"line":234,"column":68},"end":{"line":252,"column":1}},"line":234},"12":{"name":"(anonymous_12)","decl":{"start":{"line":254,"column":48},"end":{"line":254,"column":49}},"loc":{"start":{"line":254,"column":69},"end":{"line":272,"column":1}},"line":254},"13":{"name":"(anonymous_13)","decl":{"start":{"line":274,"column":49},"end":{"line":274,"column":50}},"loc":{"start":{"line":274,"column":70},"end":{"line":292,"column":1}},"line":274},"14":{"name":"(anonymous_14)","decl":{"start":{"line":294,"column":48},"end":{"line":294,"column":49}},"loc":{"start":{"line":294,"column":69},"end":{"line":311,"column":1}},"line":294},"15":{"name":"(anonymous_15)","decl":{"start":{"line":313,"column":49},"end":{"line":313,"column":50}},"loc":{"start":{"line":313,"column":70},"end":{"line":330,"column":1}},"line":313},"16":{"name":"(anonymous_16)","decl":{"start":{"line":332,"column":44},"end":{"line":332,"column":45}},"loc":{"start":{"line":332,"column":65},"end":{"line":351,"column":1}},"line":332},"17":{"name":"(anonymous_17)","decl":{"start":{"line":353,"column":46},"end":{"line":353,"column":47}},"loc":{"start":{"line":353,"column":67},"end":{"line":372,"column":1}},"line":353},"18":{"name":"(anonymous_18)","decl":{"start":{"line":374,"column":45},"end":{"line":374,"column":46}},"loc":{"start":{"line":374,"column":66},"end":{"line":393,"column":1}},"line":374},"19":{"name":"(anonymous_19)","decl":{"start":{"line":395,"column":45},"end":{"line":395,"column":46}},"loc":{"start":{"line":395,"column":66},"end":{"line":413,"column":1}},"line":395},"20":{"name":"(anonymous_20)","decl":{"start":{"line":415,"column":43},"end":{"line":415,"column":44}},"loc":{"start":{"line":415,"column":64},"end":{"line":435,"column":1}},"line":415},"21":{"name":"(anonymous_21)","decl":{"start":{"line":437,"column":42},"end":{"line":437,"column":43}},"loc":{"start":{"line":437,"column":63},"end":{"line":457,"column":1}},"line":437},"22":{"name":"(anonymous_22)","decl":{"start":{"line":459,"column":44},"end":{"line":459,"column":45}},"loc":{"start":{"line":459,"column":65},"end":{"line":478,"column":1}},"line":459},"23":{"name":"(anonymous_23)","decl":{"start":{"line":480,"column":46},"end":{"line":480,"column":47}},"loc":{"start":{"line":480,"column":67},"end":{"line":498,"column":1}},"line":480},"24":{"name":"(anonymous_24)","decl":{"start":{"line":500,"column":44},"end":{"line":500,"column":45}},"loc":{"start":{"line":500,"column":65},"end":{"line":523,"column":1}},"line":500},"25":{"name":"(anonymous_25)","decl":{"start":{"line":525,"column":53},"end":{"line":525,"column":54}},"loc":{"start":{"line":525,"column":74},"end":{"line":544,"column":1}},"line":525},"26":{"name":"(anonymous_26)","decl":{"start":{"line":546,"column":49},"end":{"line":546,"column":50}},"loc":{"start":{"line":546,"column":70},"end":{"line":565,"column":1}},"line":546},"27":{"name":"(anonymous_27)","decl":{"start":{"line":567,"column":54},"end":{"line":567,"column":55}},"loc":{"start":{"line":567,"column":75},"end":{"line":586,"column":1}},"line":567},"28":{"name":"(anonymous_28)","decl":{"start":{"line":588,"column":50},"end":{"line":588,"column":51}},"loc":{"start":{"line":588,"column":71},"end":{"line":604,"column":1}},"line":588},"29":{"name":"(anonymous_29)","decl":{"start":{"line":606,"column":45},"end":{"line":606,"column":46}},"loc":{"start":{"line":606,"column":66},"end":{"line":622,"column":1}},"line":606},"30":{"name":"(anonymous_30)","decl":{"start":{"line":624,"column":51},"end":{"line":624,"column":52}},"loc":{"start":{"line":624,"column":72},"end":{"line":640,"column":1}},"line":624},"31":{"name":"(anonymous_31)","decl":{"start":{"line":642,"column":46},"end":{"line":642,"column":47}},"loc":{"start":{"line":642,"column":67},"end":{"line":658,"column":1}},"line":642},"32":{"name":"(anonymous_32)","decl":{"start":{"line":660,"column":45},"end":{"line":660,"column":46}},"loc":{"start":{"line":660,"column":66},"end":{"line":676,"column":1}},"line":660}},"branchMap":{"0":{"loc":{"start":{"line":19,"column":19},"end":{"line":19,"column":64}},"type":"cond-expr","locations":[{"start":{"line":19,"column":48},"end":{"line":19,"column":54}},{"start":{"line":19,"column":57},"end":{"line":19,"column":64}}],"line":19},"1":{"loc":{"start":{"line":27,"column":16},"end":{"line":27,"column":41}},"type":"cond-expr","locations":[{"start":{"line":27,"column":24},"end":{"line":27,"column":29}},{"start":{"line":27,"column":32},"end":{"line":27,"column":41}}],"line":27},"2":{"loc":{"start":{"line":39,"column":19},"end":{"line":39,"column":64}},"type":"cond-expr","locations":[{"start":{"line":39,"column":48},"end":{"line":39,"column":54}},{"start":{"line":39,"column":57},"end":{"line":39,"column":64}}],"line":39},"3":{"loc":{"start":{"line":47,"column":16},"end":{"line":47,"column":41}},"type":"cond-expr","locations":[{"start":{"line":47,"column":24},"end":{"line":47,"column":29}},{"start":{"line":47,"column":32},"end":{"line":47,"column":41}}],"line":47},"4":{"loc":{"start":{"line":61,"column":19},"end":{"line":61,"column":64}},"type":"cond-expr","locations":[{"start":{"line":61,"column":48},"end":{"line":61,"column":54}},{"start":{"line":61,"column":57},"end":{"line":61,"column":64}}],"line":61},"5":{"loc":{"start":{"line":67,"column":16},"end":{"line":67,"column":41}},"type":"cond-expr","locations":[{"start":{"line":67,"column":24},"end":{"line":67,"column":29}},{"start":{"line":67,"column":32},"end":{"line":67,"column":41}}],"line":67},"6":{"loc":{"start":{"line":81,"column":19},"end":{"line":81,"column":64}},"type":"cond-expr","locations":[{"start":{"line":81,"column":48},"end":{"line":81,"column":54}},{"start":{"line":81,"column":57},"end":{"line":81,"column":64}}],"line":81},"7":{"loc":{"start":{"line":87,"column":16},"end":{"line":87,"column":41}},"type":"cond-expr","locations":[{"start":{"line":87,"column":24},"end":{"line":87,"column":29}},{"start":{"line":87,"column":32},"end":{"line":87,"column":41}}],"line":87},"8":{"loc":{"start":{"line":100,"column":19},"end":{"line":100,"column":64}},"type":"cond-expr","locations":[{"start":{"line":100,"column":48},"end":{"line":100,"column":54}},{"start":{"line":100,"column":57},"end":{"line":100,"column":64}}],"line":100},"9":{"loc":{"start":{"line":107,"column":16},"end":{"line":107,"column":41}},"type":"cond-expr","locations":[{"start":{"line":107,"column":24},"end":{"line":107,"column":29}},{"start":{"line":107,"column":32},"end":{"line":107,"column":41}}],"line":107},"10":{"loc":{"start":{"line":121,"column":19},"end":{"line":121,"column":64}},"type":"cond-expr","locations":[{"start":{"line":121,"column":48},"end":{"line":121,"column":54}},{"start":{"line":121,"column":57},"end":{"line":121,"column":64}}],"line":121},"11":{"loc":{"start":{"line":127,"column":16},"end":{"line":127,"column":41}},"type":"cond-expr","locations":[{"start":{"line":127,"column":24},"end":{"line":127,"column":29}},{"start":{"line":127,"column":32},"end":{"line":127,"column":41}}],"line":127},"12":{"loc":{"start":{"line":140,"column":19},"end":{"line":140,"column":64}},"type":"cond-expr","locations":[{"start":{"line":140,"column":48},"end":{"line":140,"column":54}},{"start":{"line":140,"column":57},"end":{"line":140,"column":64}}],"line":140},"13":{"loc":{"start":{"line":147,"column":16},"end":{"line":147,"column":41}},"type":"cond-expr","locations":[{"start":{"line":147,"column":24},"end":{"line":147,"column":29}},{"start":{"line":147,"column":32},"end":{"line":147,"column":41}}],"line":147},"14":{"loc":{"start":{"line":160,"column":19},"end":{"line":160,"column":64}},"type":"cond-expr","locations":[{"start":{"line":160,"column":48},"end":{"line":160,"column":54}},{"start":{"line":160,"column":57},"end":{"line":160,"column":64}}],"line":160},"15":{"loc":{"start":{"line":167,"column":16},"end":{"line":167,"column":41}},"type":"cond-expr","locations":[{"start":{"line":167,"column":24},"end":{"line":167,"column":29}},{"start":{"line":167,"column":32},"end":{"line":167,"column":41}}],"line":167},"16":{"loc":{"start":{"line":180,"column":19},"end":{"line":180,"column":64}},"type":"cond-expr","locations":[{"start":{"line":180,"column":48},"end":{"line":180,"column":54}},{"start":{"line":180,"column":57},"end":{"line":180,"column":64}}],"line":180},"17":{"loc":{"start":{"line":187,"column":16},"end":{"line":187,"column":41}},"type":"cond-expr","locations":[{"start":{"line":187,"column":24},"end":{"line":187,"column":29}},{"start":{"line":187,"column":32},"end":{"line":187,"column":41}}],"line":187},"18":{"loc":{"start":{"line":201,"column":19},"end":{"line":201,"column":64}},"type":"cond-expr","locations":[{"start":{"line":201,"column":48},"end":{"line":201,"column":54}},{"start":{"line":201,"column":57},"end":{"line":201,"column":64}}],"line":201},"19":{"loc":{"start":{"line":207,"column":16},"end":{"line":207,"column":41}},"type":"cond-expr","locations":[{"start":{"line":207,"column":24},"end":{"line":207,"column":29}},{"start":{"line":207,"column":32},"end":{"line":207,"column":41}}],"line":207},"20":{"loc":{"start":{"line":220,"column":19},"end":{"line":220,"column":64}},"type":"cond-expr","locations":[{"start":{"line":220,"column":48},"end":{"line":220,"column":54}},{"start":{"line":220,"column":57},"end":{"line":220,"column":64}}],"line":220},"21":{"loc":{"start":{"line":227,"column":16},"end":{"line":227,"column":41}},"type":"cond-expr","locations":[{"start":{"line":227,"column":24},"end":{"line":227,"column":29}},{"start":{"line":227,"column":32},"end":{"line":227,"column":41}}],"line":227},"22":{"loc":{"start":{"line":241,"column":19},"end":{"line":241,"column":64}},"type":"cond-expr","locations":[{"start":{"line":241,"column":48},"end":{"line":241,"column":54}},{"start":{"line":241,"column":57},"end":{"line":241,"column":64}}],"line":241},"23":{"loc":{"start":{"line":247,"column":16},"end":{"line":247,"column":41}},"type":"cond-expr","locations":[{"start":{"line":247,"column":24},"end":{"line":247,"column":29}},{"start":{"line":247,"column":32},"end":{"line":247,"column":41}}],"line":247},"24":{"loc":{"start":{"line":260,"column":19},"end":{"line":260,"column":64}},"type":"cond-expr","locations":[{"start":{"line":260,"column":48},"end":{"line":260,"column":54}},{"start":{"line":260,"column":57},"end":{"line":260,"column":64}}],"line":260},"25":{"loc":{"start":{"line":267,"column":16},"end":{"line":267,"column":41}},"type":"cond-expr","locations":[{"start":{"line":267,"column":24},"end":{"line":267,"column":29}},{"start":{"line":267,"column":32},"end":{"line":267,"column":41}}],"line":267},"26":{"loc":{"start":{"line":280,"column":19},"end":{"line":280,"column":64}},"type":"cond-expr","locations":[{"start":{"line":280,"column":48},"end":{"line":280,"column":54}},{"start":{"line":280,"column":57},"end":{"line":280,"column":64}}],"line":280},"27":{"loc":{"start":{"line":287,"column":16},"end":{"line":287,"column":41}},"type":"cond-expr","locations":[{"start":{"line":287,"column":24},"end":{"line":287,"column":29}},{"start":{"line":287,"column":32},"end":{"line":287,"column":41}}],"line":287},"28":{"loc":{"start":{"line":302,"column":17},"end":{"line":302,"column":62}},"type":"cond-expr","locations":[{"start":{"line":302,"column":46},"end":{"line":302,"column":52}},{"start":{"line":302,"column":55},"end":{"line":302,"column":62}}],"line":302},"29":{"loc":{"start":{"line":307,"column":14},"end":{"line":307,"column":36}},"type":"cond-expr","locations":[{"start":{"line":307,"column":22},"end":{"line":307,"column":27}},{"start":{"line":307,"column":30},"end":{"line":307,"column":36}}],"line":307},"30":{"loc":{"start":{"line":321,"column":17},"end":{"line":321,"column":62}},"type":"cond-expr","locations":[{"start":{"line":321,"column":46},"end":{"line":321,"column":52}},{"start":{"line":321,"column":55},"end":{"line":321,"column":62}}],"line":321},"31":{"loc":{"start":{"line":326,"column":14},"end":{"line":326,"column":36}},"type":"cond-expr","locations":[{"start":{"line":326,"column":22},"end":{"line":326,"column":27}},{"start":{"line":326,"column":30},"end":{"line":326,"column":36}}],"line":326},"32":{"loc":{"start":{"line":340,"column":17},"end":{"line":340,"column":62}},"type":"cond-expr","locations":[{"start":{"line":340,"column":46},"end":{"line":340,"column":52}},{"start":{"line":340,"column":55},"end":{"line":340,"column":62}}],"line":340},"33":{"loc":{"start":{"line":346,"column":16},"end":{"line":346,"column":38}},"type":"cond-expr","locations":[{"start":{"line":346,"column":24},"end":{"line":346,"column":29}},{"start":{"line":346,"column":32},"end":{"line":346,"column":38}}],"line":346},"34":{"loc":{"start":{"line":361,"column":17},"end":{"line":361,"column":62}},"type":"cond-expr","locations":[{"start":{"line":361,"column":46},"end":{"line":361,"column":52}},{"start":{"line":361,"column":55},"end":{"line":361,"column":62}}],"line":361},"35":{"loc":{"start":{"line":367,"column":16},"end":{"line":367,"column":38}},"type":"cond-expr","locations":[{"start":{"line":367,"column":24},"end":{"line":367,"column":29}},{"start":{"line":367,"column":32},"end":{"line":367,"column":38}}],"line":367},"36":{"loc":{"start":{"line":382,"column":17},"end":{"line":382,"column":62}},"type":"cond-expr","locations":[{"start":{"line":382,"column":46},"end":{"line":382,"column":52}},{"start":{"line":382,"column":55},"end":{"line":382,"column":62}}],"line":382},"37":{"loc":{"start":{"line":388,"column":16},"end":{"line":388,"column":38}},"type":"cond-expr","locations":[{"start":{"line":388,"column":24},"end":{"line":388,"column":29}},{"start":{"line":388,"column":32},"end":{"line":388,"column":38}}],"line":388},"38":{"loc":{"start":{"line":403,"column":17},"end":{"line":403,"column":62}},"type":"cond-expr","locations":[{"start":{"line":403,"column":46},"end":{"line":403,"column":52}},{"start":{"line":403,"column":55},"end":{"line":403,"column":62}}],"line":403},"39":{"loc":{"start":{"line":408,"column":16},"end":{"line":408,"column":41}},"type":"cond-expr","locations":[{"start":{"line":408,"column":24},"end":{"line":408,"column":29}},{"start":{"line":408,"column":32},"end":{"line":408,"column":41}}],"line":408},"40":{"loc":{"start":{"line":423,"column":17},"end":{"line":423,"column":62}},"type":"cond-expr","locations":[{"start":{"line":423,"column":46},"end":{"line":423,"column":52}},{"start":{"line":423,"column":55},"end":{"line":423,"column":62}}],"line":423},"41":{"loc":{"start":{"line":427,"column":14},"end":{"line":427,"column":39}},"type":"cond-expr","locations":[{"start":{"line":427,"column":22},"end":{"line":427,"column":27}},{"start":{"line":427,"column":30},"end":{"line":427,"column":39}}],"line":427},"42":{"loc":{"start":{"line":431,"column":14},"end":{"line":431,"column":39}},"type":"cond-expr","locations":[{"start":{"line":431,"column":22},"end":{"line":431,"column":27}},{"start":{"line":431,"column":30},"end":{"line":431,"column":39}}],"line":431},"43":{"loc":{"start":{"line":445,"column":17},"end":{"line":445,"column":62}},"type":"cond-expr","locations":[{"start":{"line":445,"column":46},"end":{"line":445,"column":52}},{"start":{"line":445,"column":55},"end":{"line":445,"column":62}}],"line":445},"44":{"loc":{"start":{"line":452,"column":16},"end":{"line":452,"column":41}},"type":"cond-expr","locations":[{"start":{"line":452,"column":24},"end":{"line":452,"column":29}},{"start":{"line":452,"column":32},"end":{"line":452,"column":41}}],"line":452},"45":{"loc":{"start":{"line":467,"column":17},"end":{"line":467,"column":62}},"type":"cond-expr","locations":[{"start":{"line":467,"column":46},"end":{"line":467,"column":52}},{"start":{"line":467,"column":55},"end":{"line":467,"column":62}}],"line":467},"46":{"loc":{"start":{"line":472,"column":16},"end":{"line":472,"column":41}},"type":"cond-expr","locations":[{"start":{"line":472,"column":24},"end":{"line":472,"column":29}},{"start":{"line":472,"column":32},"end":{"line":472,"column":41}}],"line":472},"47":{"loc":{"start":{"line":474,"column":39},"end":{"line":474,"column":64}},"type":"cond-expr","locations":[{"start":{"line":474,"column":47},"end":{"line":474,"column":52}},{"start":{"line":474,"column":55},"end":{"line":474,"column":64}}],"line":474},"48":{"loc":{"start":{"line":488,"column":17},"end":{"line":488,"column":62}},"type":"cond-expr","locations":[{"start":{"line":488,"column":46},"end":{"line":488,"column":52}},{"start":{"line":488,"column":55},"end":{"line":488,"column":62}}],"line":488},"49":{"loc":{"start":{"line":493,"column":16},"end":{"line":493,"column":41}},"type":"cond-expr","locations":[{"start":{"line":493,"column":24},"end":{"line":493,"column":29}},{"start":{"line":493,"column":32},"end":{"line":493,"column":41}}],"line":493},"50":{"loc":{"start":{"line":508,"column":17},"end":{"line":508,"column":62}},"type":"cond-expr","locations":[{"start":{"line":508,"column":46},"end":{"line":508,"column":52}},{"start":{"line":508,"column":55},"end":{"line":508,"column":62}}],"line":508},"51":{"loc":{"start":{"line":513,"column":16},"end":{"line":513,"column":41}},"type":"cond-expr","locations":[{"start":{"line":513,"column":24},"end":{"line":513,"column":29}},{"start":{"line":513,"column":32},"end":{"line":513,"column":41}}],"line":513},"52":{"loc":{"start":{"line":515,"column":41},"end":{"line":515,"column":66}},"type":"cond-expr","locations":[{"start":{"line":515,"column":49},"end":{"line":515,"column":54}},{"start":{"line":515,"column":57},"end":{"line":515,"column":66}}],"line":515},"53":{"loc":{"start":{"line":518,"column":16},"end":{"line":518,"column":41}},"type":"cond-expr","locations":[{"start":{"line":518,"column":24},"end":{"line":518,"column":29}},{"start":{"line":518,"column":32},"end":{"line":518,"column":41}}],"line":518},"54":{"loc":{"start":{"line":533,"column":17},"end":{"line":533,"column":62}},"type":"cond-expr","locations":[{"start":{"line":533,"column":46},"end":{"line":533,"column":52}},{"start":{"line":533,"column":55},"end":{"line":533,"column":62}}],"line":533},"55":{"loc":{"start":{"line":539,"column":16},"end":{"line":539,"column":38}},"type":"cond-expr","locations":[{"start":{"line":539,"column":24},"end":{"line":539,"column":29}},{"start":{"line":539,"column":32},"end":{"line":539,"column":38}}],"line":539},"56":{"loc":{"start":{"line":554,"column":17},"end":{"line":554,"column":62}},"type":"cond-expr","locations":[{"start":{"line":554,"column":46},"end":{"line":554,"column":52}},{"start":{"line":554,"column":55},"end":{"line":554,"column":62}}],"line":554},"57":{"loc":{"start":{"line":560,"column":16},"end":{"line":560,"column":38}},"type":"cond-expr","locations":[{"start":{"line":560,"column":24},"end":{"line":560,"column":29}},{"start":{"line":560,"column":32},"end":{"line":560,"column":38}}],"line":560},"58":{"loc":{"start":{"line":575,"column":17},"end":{"line":575,"column":62}},"type":"cond-expr","locations":[{"start":{"line":575,"column":46},"end":{"line":575,"column":52}},{"start":{"line":575,"column":55},"end":{"line":575,"column":62}}],"line":575},"59":{"loc":{"start":{"line":581,"column":16},"end":{"line":581,"column":38}},"type":"cond-expr","locations":[{"start":{"line":581,"column":24},"end":{"line":581,"column":29}},{"start":{"line":581,"column":32},"end":{"line":581,"column":38}}],"line":581},"60":{"loc":{"start":{"line":596,"column":17},"end":{"line":596,"column":62}},"type":"cond-expr","locations":[{"start":{"line":596,"column":46},"end":{"line":596,"column":52}},{"start":{"line":596,"column":55},"end":{"line":596,"column":62}}],"line":596},"61":{"loc":{"start":{"line":600,"column":14},"end":{"line":600,"column":38}},"type":"cond-expr","locations":[{"start":{"line":600,"column":22},"end":{"line":600,"column":27}},{"start":{"line":600,"column":29},"end":{"line":600,"column":38}}],"line":600},"62":{"loc":{"start":{"line":614,"column":17},"end":{"line":614,"column":62}},"type":"cond-expr","locations":[{"start":{"line":614,"column":46},"end":{"line":614,"column":52}},{"start":{"line":614,"column":55},"end":{"line":614,"column":62}}],"line":614},"63":{"loc":{"start":{"line":618,"column":14},"end":{"line":618,"column":39}},"type":"cond-expr","locations":[{"start":{"line":618,"column":22},"end":{"line":618,"column":27}},{"start":{"line":618,"column":30},"end":{"line":618,"column":39}}],"line":618},"64":{"loc":{"start":{"line":632,"column":17},"end":{"line":632,"column":62}},"type":"cond-expr","locations":[{"start":{"line":632,"column":46},"end":{"line":632,"column":52}},{"start":{"line":632,"column":55},"end":{"line":632,"column":62}}],"line":632},"65":{"loc":{"start":{"line":636,"column":14},"end":{"line":636,"column":39}},"type":"cond-expr","locations":[{"start":{"line":636,"column":22},"end":{"line":636,"column":27}},{"start":{"line":636,"column":30},"end":{"line":636,"column":39}}],"line":636},"66":{"loc":{"start":{"line":650,"column":17},"end":{"line":650,"column":62}},"type":"cond-expr","locations":[{"start":{"line":650,"column":46},"end":{"line":650,"column":52}},{"start":{"line":650,"column":55},"end":{"line":650,"column":62}}],"line":650},"67":{"loc":{"start":{"line":654,"column":14},"end":{"line":654,"column":39}},"type":"cond-expr","locations":[{"start":{"line":654,"column":22},"end":{"line":654,"column":27}},{"start":{"line":654,"column":30},"end":{"line":654,"column":39}}],"line":654},"68":{"loc":{"start":{"line":668,"column":17},"end":{"line":668,"column":62}},"type":"cond-expr","locations":[{"start":{"line":668,"column":46},"end":{"line":668,"column":52}},{"start":{"line":668,"column":55},"end":{"line":668,"column":62}}],"line":668},"69":{"loc":{"start":{"line":672,"column":14},"end":{"line":672,"column":39}},"type":"cond-expr","locations":[{"start":{"line":672,"column":22},"end":{"line":672,"column":27}},{"start":{"line":672,"column":30},"end":{"line":672,"column":39}}],"line":672}},"s":{"0":6,"1":0,"2":6,"3":0,"4":6,"5":0,"6":6,"7":0,"8":6,"9":0,"10":6,"11":0,"12":6,"13":0,"14":6,"15":0,"16":6,"17":0,"18":6,"19":0,"20":6,"21":0,"22":6,"23":0,"24":6,"25":0,"26":6,"27":0,"28":6,"29":0,"30":6,"31":0,"32":6,"33":0,"34":6,"35":0,"36":6,"37":0,"38":6,"39":0,"40":6,"41":0,"42":6,"43":0,"44":6,"45":0,"46":6,"47":0,"48":6,"49":0,"50":6,"51":0,"52":6,"53":0,"54":6,"55":0,"56":6,"57":0,"58":6,"59":0,"60":6,"61":0,"62":6,"63":0,"64":6,"65":0},"f":{"0":0,"1":0,"2":0,"3":0,"4":0,"5":0,"6":0,"7":0,"8":0,"9":0,"10":0,"11":0,"12":0,"13":0,"14":0,"15":0,"16":0,"17":0,"18":0,"19":0,"20":0,"21":0,"22":0,"23":0,"24":0,"25":0,"26":0,"27":0,"28":0,"29":0,"30":0,"31":0,"32":0},"b":{"0":[0,0],"1":[0,0],"2":[0,0],"3":[0,0],"4":[0,0],"5":[0,0],"6":[0,0],"7":[0,0],"8":[0,0],"9":[0,0],"10":[0,0],"11":[0,0],"12":[0,0],"13":[0,0],"14":[0,0],"15":[0,0],"16":[0,0],"17":[0,0],"18":[0,0],"19":[0,0],"20":[0,0],"21":[0,0],"22":[0,0],"23":[0,0],"24":[0,0],"25":[0,0],"26":[0,0],"27":[0,0],"28":[0,0],"29":[0,0],"30":[0,0],"31":[0,0],"32":[0,0],"33":[0,0],"34":[0,0],"35":[0,0],"36":[0,0],"37":[0,0],"38":[0,0],"39":[0,0],"40":[0,0],"41":[0,0],"42":[0,0],"43":[0,0],"44":[0,0],"45":[0,0],"46":[0,0],"47":[0,0],"48":[0,0],"49":[0,0],"50":[0,0],"51":[0,0],"52":[0,0],"53":[0,0],"54":[0,0],"55":[0,0],"56":[0,0],"57":[0,0],"58":[0,0],"59":[0,0],"60":[0,0],"61":[0,0],"62":[0,0],"63":[0,0],"64":[0,0],"65":[0,0],"66":[0,0],"67":[0,0],"68":[0,0],"69":[0,0]},"_coverageSchema":"1a1c01bbd47fc00a2c39e90264f33305004495a9","hash":"02909fd46f3f84bf4c6b3224c60426fb243c3bca"}
,"D:\\kognitiv-portal-ui\\src\\kpAlert\\KpAlert.stories.ts": {"path":"D:\\kognitiv-portal-ui\\src\\kpAlert\\KpAlert.stories.ts","statementMap":{"0":{"start":{"line":6,"column":13},"end":{"line":10,"column":32}},"1":{"start":{"line":16,"column":34},"end":{"line":31,"column":1}}},"fnMap":{},"branchMap":{},"s":{"0":0,"1":0},"f":{},"b":{}}
,"D:\\kognitiv-portal-ui\\src\\kpAlert\\KpAlert.tsx": {"path":"D:\\kognitiv-portal-ui\\src\\kpAlert\\KpAlert.tsx","statementMap":{"0":{"start":{"line":34,"column":23},"end":{"line":128,"column":1}},"1":{"start":{"line":43,"column":25},"end":{"line":43,"column":60}},"2":{"start":{"line":44,"column":24},"end":{"line":44,"column":57}},"3":{"start":{"line":45,"column":25},"end":{"line":45,"column":60}},"4":{"start":{"line":46,"column":32},"end":{"line":46,"column":46}},"5":{"start":{"line":49,"column":21},"end":{"line":63,"column":1}},"6":{"start":{"line":50,"column":18},"end":{"line":50,"column":20}},"7":{"start":{"line":51,"column":2},"end":{"line":62,"column":3}},"8":{"start":{"line":53,"column":6},"end":{"line":53,"column":35}},"9":{"start":{"line":55,"column":6},"end":{"line":55,"column":35}},"10":{"start":{"line":57,"column":6},"end":{"line":57,"column":35}},"11":{"start":{"line":59,"column":6},"end":{"line":59,"column":35}},"12":{"start":{"line":61,"column":6},"end":{"line":61,"column":35}},"13":{"start":{"line":65,"column":25},"end":{"line":83,"column":4}},"14":{"start":{"line":85,"column":2},"end":{"line":127,"column":4}},"15":{"start":{"line":92,"column":31},"end":{"line":92,"column":48}},"16":{"start":{"line":99,"column":74},"end":{"line":99,"column":91}}},"fnMap":{"0":{"name":"(anonymous_0)","decl":{"start":{"line":34,"column":23},"end":{"line":34,"column":24}},"loc":{"start":{"line":42,"column":21},"end":{"line":128,"column":1}},"line":42},"1":{"name":"(anonymous_1)","decl":{"start":{"line":49,"column":21},"end":{"line":49,"column":22}},"loc":{"start":{"line":49,"column":25},"end":{"line":63,"column":1}},"line":49},"2":{"name":"(anonymous_2)","decl":{"start":{"line":92,"column":23},"end":{"line":92,"column":24}},"loc":{"start":{"line":92,"column":29},"end":{"line":92,"column":50}},"line":92},"3":{"name":"(anonymous_3)","decl":{"start":{"line":99,"column":66},"end":{"line":99,"column":67}},"loc":{"start":{"line":99,"column":72},"end":{"line":99,"column":93}},"line":99}},"branchMap":{"0":{"loc":{"start":{"line":43,"column":25},"end":{"line":43,"column":60}},"type":"cond-expr","locations":[{"start":{"line":43,"column":48},"end":{"line":43,"column":52}},{"start":{"line":43,"column":55},"end":{"line":43,"column":60}}],"line":43},"1":{"loc":{"start":{"line":43,"column":25},"end":{"line":43,"column":45}},"type":"binary-expr","locations":[{"start":{"line":43,"column":25},"end":{"line":43,"column":33}},{"start":{"line":43,"column":37},"end":{"line":43,"column":45}}],"line":43},"2":{"loc":{"start":{"line":44,"column":24},"end":{"line":44,"column":57}},"type":"cond-expr","locations":[{"start":{"line":44,"column":45},"end":{"line":44,"column":49}},{"start":{"line":44,"column":52},"end":{"line":44,"column":57}}],"line":44},"3":{"loc":{"start":{"line":44,"column":24},"end":{"line":44,"column":42}},"type":"binary-expr","locations":[{"start":{"line":44,"column":24},"end":{"line":44,"column":31}},{"start":{"line":44,"column":35},"end":{"line":44,"column":42}}],"line":44},"4":{"loc":{"start":{"line":45,"column":25},"end":{"line":45,"column":60}},"type":"cond-expr","locations":[{"start":{"line":45,"column":48},"end":{"line":45,"column":52}},{"start":{"line":45,"column":55},"end":{"line":45,"column":60}}],"line":45},"5":{"loc":{"start":{"line":45,"column":25},"end":{"line":45,"column":45}},"type":"binary-expr","locations":[{"start":{"line":45,"column":25},"end":{"line":45,"column":33}},{"start":{"line":45,"column":37},"end":{"line":45,"column":45}}],"line":45},"6":{"loc":{"start":{"line":51,"column":2},"end":{"line":62,"column":3}},"type":"switch","locations":[{"start":{"line":52,"column":4},"end":{"line":53,"column":35}},{"start":{"line":54,"column":4},"end":{"line":55,"column":35}},{"start":{"line":56,"column":4},"end":{"line":57,"column":35}},{"start":{"line":58,"column":4},"end":{"line":59,"column":35}},{"start":{"line":60,"column":4},"end":{"line":61,"column":35}}],"line":51},"7":{"loc":{"start":{"line":87,"column":7},"end":{"line":125,"column":14}},"type":"cond-expr","locations":[{"start":{"line":88,"column":8},"end":{"line":124,"column":11}},{"start":{"line":125,"column":10},"end":{"line":125,"column":14}}],"line":87},"8":{"loc":{"start":{"line":88,"column":11},"end":{"line":122,"column":13}},"type":"cond-expr","locations":[{"start":{"line":89,"column":10},"end":{"line":104,"column":15}},{"start":{"line":108,"column":10},"end":{"line":122,"column":13}}],"line":88},"9":{"loc":{"start":{"line":89,"column":13},"end":{"line":102,"column":29}},"type":"cond-expr","locations":[{"start":{"line":91,"column":12},"end":{"line":95,"column":29}},{"start":{"line":99,"column":12},"end":{"line":102,"column":29}}],"line":89},"10":{"loc":{"start":{"line":93,"column":15},"end":{"line":93,"column":71}},"type":"cond-expr","locations":[{"start":{"line":93,"column":32},"end":{"line":93,"column":64}},{"start":{"line":93,"column":67},"end":{"line":93,"column":71}}],"line":93},"11":{"loc":{"start":{"line":100,"column":15},"end":{"line":100,"column":72}},"type":"cond-expr","locations":[{"start":{"line":100,"column":32},"end":{"line":100,"column":65}},{"start":{"line":100,"column":68},"end":{"line":100,"column":72}}],"line":100},"12":{"loc":{"start":{"line":108,"column":13},"end":{"line":120,"column":20}},"type":"cond-expr","locations":[{"start":{"line":110,"column":12},"end":{"line":113,"column":29}},{"start":{"line":117,"column":12},"end":{"line":120,"column":20}}],"line":108},"13":{"loc":{"start":{"line":111,"column":15},"end":{"line":111,"column":72}},"type":"cond-expr","locations":[{"start":{"line":111,"column":32},"end":{"line":111,"column":65}},{"start":{"line":111,"column":68},"end":{"line":111,"column":72}}],"line":111},"14":{"loc":{"start":{"line":118,"column":15},"end":{"line":118,"column":71}},"type":"cond-expr","locations":[{"start":{"line":118,"column":32},"end":{"line":118,"column":64}},{"start":{"line":118,"column":67},"end":{"line":118,"column":71}}],"line":118}},"s":{"0":1,"1":3,"2":3,"3":3,"4":3,"5":3,"6":9,"7":9,"8":0,"9":0,"10":0,"11":9,"12":0,"13":3,"14":3,"15":0,"16":0},"f":{"0":3,"1":9,"2":0,"3":0},"b":{"0":[3,0],"1":[3,3],"2":[3,0],"3":[3,3],"4":[3,0],"5":[3,3],"6":[0,0,0,9,0],"7":[3,0],"8":[3,0],"9":[3,0],"10":[3,0],"11":[0,0],"12":[0,0],"13":[0,0],"14":[0,0]},"_coverageSchema":"1a1c01bbd47fc00a2c39e90264f33305004495a9","hash":"cad3af8ef3c19ec035b930b5548fd7e6974c7106"}
,"D:\\kognitiv-portal-ui\\src\\kpBadge\\KpBadge.stories.ts": {"path":"D:\\kognitiv-portal-ui\\src\\kpBadge\\KpBadge.stories.ts","statementMap":{"0":{"start":{"line":5,"column":13},"end":{"line":9,"column":32}},"1":{"start":{"line":15,"column":34},"end":{"line":41,"column":1}}},"fnMap":{},"branchMap":{},"s":{"0":0,"1":0},"f":{},"b":{}}
,"D:\\kognitiv-portal-ui\\src\\kpBadge\\KpBadge.tsx": {"path":"D:\\kognitiv-portal-ui\\src\\kpBadge\\KpBadge.tsx","statementMap":{"0":{"start":{"line":37,"column":36},"end":{"line":41,"column":1}},"1":{"start":{"line":38,"column":4},"end":{"line":40,"column":6}},"2":{"start":{"line":44,"column":23},"end":{"line":75,"column":1}},"3":{"start":{"line":54,"column":27},"end":{"line":60,"column":6}},"4":{"start":{"line":62,"column":4},"end":{"line":74,"column":6}}},"fnMap":{"0":{"name":"(anonymous_0)","decl":{"start":{"line":37,"column":36},"end":{"line":37,"column":37}},"loc":{"start":{"line":37,"column":42},"end":{"line":41,"column":1}},"line":37},"1":{"name":"(anonymous_1)","decl":{"start":{"line":44,"column":23},"end":{"line":44,"column":24}},"loc":{"start":{"line":53,"column":18},"end":{"line":75,"column":1}},"line":53}},"branchMap":{"0":{"loc":{"start":{"line":70,"column":29},"end":{"line":70,"column":43}},"type":"binary-expr","locations":[{"start":{"line":70,"column":29},"end":{"line":70,"column":34}},{"start":{"line":70,"column":38},"end":{"line":70,"column":43}}],"line":70},"1":{"loc":{"start":{"line":70,"column":50},"end":{"line":70,"column":70}},"type":"binary-expr","locations":[{"start":{"line":70,"column":50},"end":{"line":70,"column":58}},{"start":{"line":70,"column":62},"end":{"line":70,"column":70}}],"line":70}},"s":{"0":2,"1":1,"2":2,"3":1,"4":1},"f":{"0":1,"1":1},"b":{"0":[1,0],"1":[1,1]},"_coverageSchema":"1a1c01bbd47fc00a2c39e90264f33305004495a9","hash":"e6691bd12e23cfb525e76bd3d5cc62224627f87d"}
,"D:\\kognitiv-portal-ui\\src\\kpButton\\KpButton.stories.ts": {"path":"D:\\kognitiv-portal-ui\\src\\kpButton\\KpButton.stories.ts","statementMap":{"0":{"start":{"line":6,"column":13},"end":{"line":177,"column":33}},"1":{"start":{"line":183,"column":35},"end":{"line":201,"column":1}}},"fnMap":{},"branchMap":{},"s":{"0":0,"1":0},"f":{},"b":{}}
,"D:\\kognitiv-portal-ui\\src\\kpButton\\KpButton.tsx": {"path":"D:\\kognitiv-portal-ui\\src\\kpButton\\KpButton.tsx","statementMap":{"0":{"start":{"line":91,"column":24},"end":{"line":273,"column":1}},"1":{"start":{"line":109,"column":23},"end":{"line":119,"column":3}},"2":{"start":{"line":110,"column":4},"end":{"line":118,"column":5}},"3":{"start":{"line":111,"column":6},"end":{"line":111,"column":25}},"4":{"start":{"line":112,"column":11},"end":{"line":118,"column":5}},"5":{"start":{"line":113,"column":6},"end":{"line":113,"column":24}},"6":{"start":{"line":114,"column":11},"end":{"line":118,"column":5}},"7":{"start":{"line":115,"column":6},"end":{"line":115,"column":20}},"8":{"start":{"line":117,"column":6},"end":{"line":117,"column":20}},"9":{"start":{"line":120,"column":25},"end":{"line":126,"column":3}},"10":{"start":{"line":121,"column":4},"end":{"line":125,"column":5}},"11":{"start":{"line":122,"column":6},"end":{"line":122,"column":43}},"12":{"start":{"line":124,"column":6},"end":{"line":124,"column":42}},"13":{"start":{"line":128,"column":23},"end":{"line":234,"column":3}},"14":{"start":{"line":133,"column":4},"end":{"line":233,"column":5}},"15":{"start":{"line":134,"column":6},"end":{"line":196,"column":7}},"16":{"start":{"line":136,"column":10},"end":{"line":148,"column":12}},"17":{"start":{"line":150,"column":10},"end":{"line":166,"column":12}},"18":{"start":{"line":168,"column":10},"end":{"line":181,"column":12}},"19":{"start":{"line":183,"column":10},"end":{"line":191,"column":12}},"20":{"start":{"line":193,"column":10},"end":{"line":195,"column":12}},"21":{"start":{"line":198,"column":6},"end":{"line":232,"column":7}},"22":{"start":{"line":200,"column":10},"end":{"line":207,"column":12}},"23":{"start":{"line":209,"column":10},"end":{"line":220,"column":12}},"24":{"start":{"line":222,"column":10},"end":{"line":222,"column":75}},"25":{"start":{"line":224,"column":10},"end":{"line":231,"column":12}},"26":{"start":{"line":235,"column":26},"end":{"line":244,"column":4}},"27":{"start":{"line":246,"column":2},"end":{"line":272,"column":4}}},"fnMap":{"0":{"name":"(anonymous_0)","decl":{"start":{"line":91,"column":24},"end":{"line":91,"column":25}},"loc":{"start":{"line":108,"column":19},"end":{"line":273,"column":1}},"line":108},"1":{"name":"(anonymous_1)","decl":{"start":{"line":109,"column":23},"end":{"line":109,"column":24}},"loc":{"start":{"line":109,"column":63},"end":{"line":119,"column":3}},"line":109},"2":{"name":"(anonymous_2)","decl":{"start":{"line":120,"column":25},"end":{"line":120,"column":26}},"loc":{"start":{"line":120,"column":69},"end":{"line":126,"column":3}},"line":120},"3":{"name":"(anonymous_3)","decl":{"start":{"line":128,"column":23},"end":{"line":128,"column":24}},"loc":{"start":{"line":132,"column":7},"end":{"line":234,"column":3}},"line":132}},"branchMap":{"0":{"loc":{"start":{"line":92,"column":2},"end":{"line":92,"column":27}},"type":"default-arg","locations":[{"start":{"line":92,"column":12},"end":{"line":92,"column":27}}],"line":92},"1":{"loc":{"start":{"line":110,"column":4},"end":{"line":118,"column":5}},"type":"if","locations":[{"start":{"line":110,"column":4},"end":{"line":118,"column":5}},{"start":{"line":112,"column":11},"end":{"line":118,"column":5}}],"line":110},"2":{"loc":{"start":{"line":112,"column":11},"end":{"line":118,"column":5}},"type":"if","locations":[{"start":{"line":112,"column":11},"end":{"line":118,"column":5}},{"start":{"line":114,"column":11},"end":{"line":118,"column":5}}],"line":112},"3":{"loc":{"start":{"line":114,"column":11},"end":{"line":118,"column":5}},"type":"if","locations":[{"start":{"line":114,"column":11},"end":{"line":118,"column":5}},{"start":{"line":116,"column":11},"end":{"line":118,"column":5}}],"line":114},"4":{"loc":{"start":{"line":121,"column":4},"end":{"line":125,"column":5}},"type":"if","locations":[{"start":{"line":121,"column":4},"end":{"line":125,"column":5}},{"start":{"line":123,"column":11},"end":{"line":125,"column":5}}],"line":121},"5":{"loc":{"start":{"line":133,"column":4},"end":{"line":233,"column":5}},"type":"if","locations":[{"start":{"line":133,"column":4},"end":{"line":233,"column":5}},{"start":{"line":197,"column":11},"end":{"line":233,"column":5}}],"line":133},"6":{"loc":{"start":{"line":134,"column":6},"end":{"line":196,"column":7}},"type":"switch","locations":[{"start":{"line":135,"column":8},"end":{"line":148,"column":12}},{"start":{"line":149,"column":8},"end":{"line":166,"column":12}},{"start":{"line":167,"column":8},"end":{"line":181,"column":12}},{"start":{"line":182,"column":8},"end":{"line":191,"column":12}},{"start":{"line":192,"column":8},"end":{"line":195,"column":12}}],"line":134},"7":{"loc":{"start":{"line":138,"column":29},"end":{"line":138,"column":72}},"type":"cond-expr","locations":[{"start":{"line":138,"column":40},"end":{"line":138,"column":60}},{"start":{"line":138,"column":63},"end":{"line":138,"column":72}}],"line":138},"8":{"loc":{"start":{"line":152,"column":29},"end":{"line":152,"column":61}},"type":"cond-expr","locations":[{"start":{"line":152,"column":40},"end":{"line":152,"column":49}},{"start":{"line":152,"column":52},"end":{"line":152,"column":61}}],"line":152},"9":{"loc":{"start":{"line":198,"column":6},"end":{"line":232,"column":7}},"type":"switch","locations":[{"start":{"line":199,"column":8},"end":{"line":207,"column":12}},{"start":{"line":208,"column":8},"end":{"line":220,"column":12}},{"start":{"line":221,"column":8},"end":{"line":222,"column":75}},{"start":{"line":223,"column":8},"end":{"line":231,"column":12}}],"line":198},"10":{"loc":{"start":{"line":202,"column":29},"end":{"line":202,"column":72}},"type":"cond-expr","locations":[{"start":{"line":202,"column":40},"end":{"line":202,"column":60}},{"start":{"line":202,"column":63},"end":{"line":202,"column":72}}],"line":202},"11":{"loc":{"start":{"line":211,"column":29},"end":{"line":211,"column":61}},"type":"cond-expr","locations":[{"start":{"line":211,"column":40},"end":{"line":211,"column":49}},{"start":{"line":211,"column":52},"end":{"line":211,"column":61}}],"line":211},"12":{"loc":{"start":{"line":240,"column":13},"end":{"line":240,"column":55}},"type":"cond-expr","locations":[{"start":{"line":240,"column":32},"end":{"line":240,"column":42}},{"start":{"line":240,"column":45},"end":{"line":240,"column":55}}],"line":240},"13":{"loc":{"start":{"line":241,"column":14},"end":{"line":241,"column":48}},"type":"cond-expr","locations":[{"start":{"line":241,"column":33},"end":{"line":241,"column":39}},{"start":{"line":241,"column":42},"end":{"line":241,"column":48}}],"line":241},"14":{"loc":{"start":{"line":252,"column":7},"end":{"line":260,"column":7}},"type":"binary-expr","locations":[{"start":{"line":252,"column":7},"end":{"line":252,"column":18}},{"start":{"line":252,"column":22},"end":{"line":252,"column":30}},{"start":{"line":253,"column":8},"end":{"line":259,"column":10}}],"line":252},"15":{"loc":{"start":{"line":255,"column":20},"end":{"line":255,"column":48}},"type":"binary-expr","locations":[{"start":{"line":255,"column":20},"end":{"line":255,"column":32}},{"start":{"line":255,"column":36},"end":{"line":255,"column":48}}],"line":255},"16":{"loc":{"start":{"line":262,"column":7},"end":{"line":270,"column":7}},"type":"binary-expr","locations":[{"start":{"line":262,"column":7},"end":{"line":262,"column":19}},{"start":{"line":262,"column":23},"end":{"line":262,"column":32}},{"start":{"line":263,"column":8},"end":{"line":269,"column":10}}],"line":262},"17":{"loc":{"start":{"line":265,"column":20},"end":{"line":265,"column":50}},"type":"binary-expr","locations":[{"start":{"line":265,"column":20},"end":{"line":265,"column":33}},{"start":{"line":265,"column":37},"end":{"line":265,"column":50}}],"line":265}},"s":{"0":1,"1":1,"2":1,"3":1,"4":0,"5":0,"6":0,"7":0,"8":0,"9":1,"10":0,"11":0,"12":0,"13":1,"14":1,"15":1,"16":1,"17":0,"18":0,"19":0,"20":0,"21":0,"22":0,"23":0,"24":0,"25":0,"26":1,"27":1},"f":{"0":1,"1":1,"2":0,"3":1},"b":{"0":[0],"1":[1,0],"2":[0,0],"3":[0,0],"4":[0,0],"5":[1,0],"6":[1,0,0,0,0],"7":[0,1],"8":[0,0],"9":[0,0,0,0],"10":[0,0],"11":[0,0],"12":[0,1],"13":[0,1],"14":[1,0,0],"15":[0,0],"16":[1,0,0],"17":[0,0]},"_coverageSchema":"1a1c01bbd47fc00a2c39e90264f33305004495a9","hash":"098d35cb710b87a28e91b9707ec4ef1cc7909e57"}
,"D:\\kognitiv-portal-ui\\src\\kpDraggableList\\KpDraggableList.stories.ts": {"path":"D:\\kognitiv-portal-ui\\src\\kpDraggableList\\KpDraggableList.stories.ts","statementMap":{"0":{"start":{"line":4,"column":13},"end":{"line":9,"column":40}},"1":{"start":{"line":14,"column":30},"end":{"line":105,"column":1}}},"fnMap":{},"branchMap":{},"s":{"0":0,"1":0},"f":{},"b":{}}
,"D:\\kognitiv-portal-ui\\src\\kpDraggableList\\KpDraggableList.tsx": {"path":"D:\\kognitiv-portal-ui\\src\\kpDraggableList\\KpDraggableList.tsx","statementMap":{"0":{"start":{"line":38,"column":31},"end":{"line":266,"column":1}},"1":{"start":{"line":45,"column":36},"end":{"line":47,"column":3}},"2":{"start":{"line":46,"column":25},"end":{"line":46,"column":52}},"3":{"start":{"line":49,"column":4},"end":{"line":49,"column":64}},"4":{"start":{"line":51,"column":4},"end":{"line":51,"column":62}},"5":{"start":{"line":52,"column":38},"end":{"line":52,"column":56}},"6":{"start":{"line":53,"column":23},"end":{"line":53,"column":36}},"7":{"start":{"line":54,"column":20},"end":{"line":54,"column":40}},"8":{"start":{"line":55,"column":18},"end":{"line":57,"column":3}},"9":{"start":{"line":58,"column":24},"end":{"line":58,"column":58}},"10":{"start":{"line":59,"column":2},"end":{"line":66,"column":41}},"11":{"start":{"line":60,"column":21},"end":{"line":60,"column":52}},"12":{"start":{"line":61,"column":4},"end":{"line":64,"column":5}},"13":{"start":{"line":62,"column":6},"end":{"line":62,"column":59}},"14":{"start":{"line":63,"column":6},"end":{"line":63,"column":46}},"15":{"start":{"line":65,"column":4},"end":{"line":65,"column":39}},"16":{"start":{"line":68,"column":20},"end":{"line":190,"column":3}},"17":{"start":{"line":69,"column":4},"end":{"line":69,"column":37}},"18":{"start":{"line":69,"column":30},"end":{"line":69,"column":37}},"19":{"start":{"line":70,"column":4},"end":{"line":70,"column":25}},"20":{"start":{"line":72,"column":18},"end":{"line":72,"column":44}},"21":{"start":{"line":73,"column":21},"end":{"line":73,"column":33}},"22":{"start":{"line":74,"column":31},"end":{"line":74,"column":53}},"23":{"start":{"line":75,"column":25},"end":{"line":75,"column":59}},"24":{"start":{"line":75,"column":48},"end":{"line":75,"column":58}},"25":{"start":{"line":76,"column":21},"end":{"line":76,"column":37}},"26":{"start":{"line":80,"column":18},"end":{"line":82,"column":5}},"27":{"start":{"line":83,"column":29},"end":{"line":83,"column":61}},"28":{"start":{"line":87,"column":6},"end":{"line":88,"column":45}},"29":{"start":{"line":90,"column":4},"end":{"line":90,"column":38}},"30":{"start":{"line":91,"column":4},"end":{"line":91,"column":33}},"31":{"start":{"line":92,"column":4},"end":{"line":92,"column":57}},"32":{"start":{"line":93,"column":4},"end":{"line":93,"column":59}},"33":{"start":{"line":94,"column":4},"end":{"line":97,"column":5}},"34":{"start":{"line":95,"column":6},"end":{"line":95,"column":55}},"35":{"start":{"line":96,"column":6},"end":{"line":96,"column":61}},"36":{"start":{"line":98,"column":4},"end":{"line":98,"column":39}},"37":{"start":{"line":100,"column":16},"end":{"line":100,"column":45}},"38":{"start":{"line":101,"column":4},"end":{"line":101,"column":24}},"39":{"start":{"line":102,"column":4},"end":{"line":102,"column":52}},"40":{"start":{"line":103,"column":4},"end":{"line":103,"column":31}},"41":{"start":{"line":107,"column":21},"end":{"line":107,"column":52}},"42":{"start":{"line":109,"column":4},"end":{"line":111,"column":7}},"43":{"start":{"line":110,"column":6},"end":{"line":110,"column":57}},"44":{"start":{"line":114,"column":14},"end":{"line":114,"column":23}},"45":{"start":{"line":115,"column":14},"end":{"line":115,"column":23}},"46":{"start":{"line":118,"column":4},"end":{"line":118,"column":38}},"47":{"start":{"line":124,"column":19},"end":{"line":124,"column":32}},"48":{"start":{"line":125,"column":19},"end":{"line":125,"column":32}},"49":{"start":{"line":128,"column":6},"end":{"line":128,"column":67}},"50":{"start":{"line":129,"column":6},"end":{"line":129,"column":41}},"51":{"start":{"line":132,"column":6},"end":{"line":168,"column":9}},"52":{"start":{"line":134,"column":22},"end":{"line":134,"column":54}},"53":{"start":{"line":135,"column":22},"end":{"line":135,"column":50}},"54":{"start":{"line":138,"column":10},"end":{"line":139,"column":46}},"55":{"start":{"line":140,"column":31},"end":{"line":140,"column":61}},"56":{"start":{"line":141,"column":31},"end":{"line":141,"column":57}},"57":{"start":{"line":144,"column":8},"end":{"line":148,"column":9}},"58":{"start":{"line":145,"column":10},"end":{"line":145,"column":39}},"59":{"start":{"line":146,"column":15},"end":{"line":148,"column":9}},"60":{"start":{"line":147,"column":10},"end":{"line":147,"column":39}},"61":{"start":{"line":149,"column":8},"end":{"line":167,"column":9}},"62":{"start":{"line":150,"column":10},"end":{"line":156,"column":11}},"63":{"start":{"line":151,"column":12},"end":{"line":151,"column":38}},"64":{"start":{"line":152,"column":12},"end":{"line":152,"column":20}},"65":{"start":{"line":154,"column":12},"end":{"line":154,"column":63}},"66":{"start":{"line":155,"column":12},"end":{"line":155,"column":20}},"67":{"start":{"line":159,"column":10},"end":{"line":161,"column":12}},"68":{"start":{"line":160,"column":40},"end":{"line":160,"column":73}},"69":{"start":{"line":162,"column":10},"end":{"line":162,"column":45}},"70":{"start":{"line":163,"column":10},"end":{"line":166,"column":14}},"71":{"start":{"line":163,"column":53},"end":{"line":166,"column":11}},"72":{"start":{"line":172,"column":4},"end":{"line":172,"column":35}},"73":{"start":{"line":176,"column":6},"end":{"line":176,"column":34}},"74":{"start":{"line":177,"column":6},"end":{"line":177,"column":36}},"75":{"start":{"line":178,"column":6},"end":{"line":178,"column":31}},"76":{"start":{"line":179,"column":6},"end":{"line":179,"column":55}},"77":{"start":{"line":180,"column":6},"end":{"line":180,"column":61}},"78":{"start":{"line":181,"column":6},"end":{"line":181,"column":26}},"79":{"start":{"line":182,"column":6},"end":{"line":182,"column":33}},"80":{"start":{"line":184,"column":6},"end":{"line":184,"column":49}},"81":{"start":{"line":184,"column":31},"end":{"line":184,"column":46}},"82":{"start":{"line":185,"column":6},"end":{"line":188,"column":7}},"83":{"start":{"line":186,"column":8},"end":{"line":186,"column":30}},"84":{"start":{"line":187,"column":8},"end":{"line":187,"column":31}},"85":{"start":{"line":191,"column":27},"end":{"line":201,"column":3}},"86":{"start":{"line":194,"column":4},"end":{"line":194,"column":26}},"87":{"start":{"line":195,"column":4},"end":{"line":197,"column":5}},"88":{"start":{"line":196,"column":6},"end":{"line":196,"column":29}},"89":{"start":{"line":199,"column":19},"end":{"line":199,"column":38}},"90":{"start":{"line":200,"column":4},"end":{"line":200,"column":24}},"91":{"start":{"line":203,"column":27},"end":{"line":208,"column":3}},"92":{"start":{"line":204,"column":25},"end":{"line":204,"column":39}},"93":{"start":{"line":205,"column":4},"end":{"line":205,"column":63}},"94":{"start":{"line":206,"column":4},"end":{"line":206,"column":31}},"95":{"start":{"line":207,"column":4},"end":{"line":207,"column":32}},"96":{"start":{"line":210,"column":23},"end":{"line":210,"column":46}},"97":{"start":{"line":211,"column":4},"end":{"line":213,"column":5}},"98":{"start":{"line":212,"column":6},"end":{"line":212,"column":34}},"99":{"start":{"line":215,"column":4},"end":{"line":217,"column":5}},"100":{"start":{"line":216,"column":6},"end":{"line":216,"column":34}},"101":{"start":{"line":219,"column":4},"end":{"line":219,"column":32}},"102":{"start":{"line":221,"column":2},"end":{"line":265,"column":4}},"103":{"start":{"line":232,"column":10},"end":{"line":262,"column":11}},"104":{"start":{"line":235,"column":41},"end":{"line":235,"column":60}},"105":{"start":{"line":251,"column":37},"end":{"line":251,"column":60}},"106":{"start":{"line":256,"column":37},"end":{"line":256,"column":60}}},"fnMap":{"0":{"name":"(anonymous_0)","decl":{"start":{"line":38,"column":31},"end":{"line":38,"column":32}},"loc":{"start":{"line":44,"column":26},"end":{"line":266,"column":1}},"line":44},"1":{"name":"(anonymous_1)","decl":{"start":{"line":46,"column":15},"end":{"line":46,"column":16}},"loc":{"start":{"line":46,"column":25},"end":{"line":46,"column":52}},"line":46},"2":{"name":"(anonymous_2)","decl":{"start":{"line":59,"column":12},"end":{"line":59,"column":13}},"loc":{"start":{"line":59,"column":18},"end":{"line":66,"column":3}},"line":59},"3":{"name":"(anonymous_3)","decl":{"start":{"line":68,"column":20},"end":{"line":68,"column":21}},"loc":{"start":{"line":68,"column":77},"end":{"line":190,"column":3}},"line":68},"4":{"name":"(anonymous_4)","decl":{"start":{"line":75,"column":38},"end":{"line":75,"column":39}},"loc":{"start":{"line":75,"column":48},"end":{"line":75,"column":58}},"line":75},"5":{"name":"(anonymous_5)","decl":{"start":{"line":109,"column":31},"end":{"line":109,"column":32}},"loc":{"start":{"line":109,"column":41},"end":{"line":111,"column":5}},"line":109},"6":{"name":"dragMove","decl":{"start":{"line":120,"column":13},"end":{"line":120,"column":21}},"loc":{"start":{"line":120,"column":63},"end":{"line":169,"column":5}},"line":120},"7":{"name":"(anonymous_7)","decl":{"start":{"line":132,"column":27},"end":{"line":132,"column":28}},"loc":{"start":{"line":132,"column":37},"end":{"line":168,"column":7}},"line":132},"8":{"name":"(anonymous_8)","decl":{"start":{"line":160,"column":12},"end":{"line":160,"column":13}},"loc":{"start":{"line":160,"column":40},"end":{"line":160,"column":73}},"line":160},"9":{"name":"(anonymous_9)","decl":{"start":{"line":163,"column":32},"end":{"line":163,"column":33}},"loc":{"start":{"line":163,"column":53},"end":{"line":166,"column":11}},"line":163},"10":{"name":"dragEnd","decl":{"start":{"line":175,"column":13},"end":{"line":175,"column":20}},"loc":{"start":{"line":175,"column":23},"end":{"line":189,"column":5}},"line":175},"11":{"name":"(anonymous_11)","decl":{"start":{"line":184,"column":20},"end":{"line":184,"column":21}},"loc":{"start":{"line":184,"column":31},"end":{"line":184,"column":46}},"line":184},"12":{"name":"(anonymous_12)","decl":{"start":{"line":191,"column":27},"end":{"line":191,"column":28}},"loc":{"start":{"line":193,"column":7},"end":{"line":201,"column":3}},"line":193},"13":{"name":"(anonymous_13)","decl":{"start":{"line":203,"column":27},"end":{"line":203,"column":28}},"loc":{"start":{"line":203,"column":46},"end":{"line":208,"column":3}},"line":203},"14":{"name":"generateListItemClassName","decl":{"start":{"line":209,"column":11},"end":{"line":209,"column":36}},"loc":{"start":{"line":209,"column":78},"end":{"line":220,"column":3}},"line":209},"15":{"name":"(anonymous_15)","decl":{"start":{"line":230,"column":8},"end":{"line":230,"column":9}},"loc":{"start":{"line":232,"column":10},"end":{"line":262,"column":11}},"line":232},"16":{"name":"(anonymous_16)","decl":{"start":{"line":235,"column":29},"end":{"line":235,"column":30}},"loc":{"start":{"line":235,"column":41},"end":{"line":235,"column":60}},"line":235},"17":{"name":"(anonymous_17)","decl":{"start":{"line":251,"column":31},"end":{"line":251,"column":32}},"loc":{"start":{"line":251,"column":37},"end":{"line":251,"column":60}},"line":251},"18":{"name":"(anonymous_18)","decl":{"start":{"line":256,"column":31},"end":{"line":256,"column":32}},"loc":{"start":{"line":256,"column":37},"end":{"line":256,"column":60}},"line":256}},"branchMap":{"0":{"loc":{"start":{"line":61,"column":4},"end":{"line":64,"column":5}},"type":"if","locations":[{"start":{"line":61,"column":4},"end":{"line":64,"column":5}},{"start":{},"end":{}}],"line":61},"1":{"loc":{"start":{"line":69,"column":4},"end":{"line":69,"column":37}},"type":"if","locations":[{"start":{"line":69,"column":4},"end":{"line":69,"column":37}},{"start":{},"end":{}}],"line":69},"2":{"loc":{"start":{"line":94,"column":4},"end":{"line":97,"column":5}},"type":"if","locations":[{"start":{"line":94,"column":4},"end":{"line":97,"column":5}},{"start":{},"end":{}}],"line":94},"3":{"loc":{"start":{"line":138,"column":10},"end":{"line":139,"column":46}},"type":"binary-expr","locations":[{"start":{"line":138,"column":10},"end":{"line":138,"column":46}},{"start":{"line":139,"column":10},"end":{"line":139,"column":46}}],"line":138},"4":{"loc":{"start":{"line":144,"column":8},"end":{"line":148,"column":9}},"type":"if","locations":[{"start":{"line":144,"column":8},"end":{"line":148,"column":9}},{"start":{"line":146,"column":15},"end":{"line":148,"column":9}}],"line":144},"5":{"loc":{"start":{"line":146,"column":15},"end":{"line":148,"column":9}},"type":"if","locations":[{"start":{"line":146,"column":15},"end":{"line":148,"column":9}},{"start":{},"end":{}}],"line":146},"6":{"loc":{"start":{"line":149,"column":8},"end":{"line":167,"column":9}},"type":"if","locations":[{"start":{"line":149,"column":8},"end":{"line":167,"column":9}},{"start":{},"end":{}}],"line":149},"7":{"loc":{"start":{"line":150,"column":10},"end":{"line":156,"column":11}},"type":"if","locations":[{"start":{"line":150,"column":10},"end":{"line":156,"column":11}},{"start":{"line":153,"column":17},"end":{"line":156,"column":11}}],"line":150},"8":{"loc":{"start":{"line":185,"column":6},"end":{"line":188,"column":7}},"type":"if","locations":[{"start":{"line":185,"column":6},"end":{"line":188,"column":7}},{"start":{},"end":{}}],"line":185},"9":{"loc":{"start":{"line":194,"column":8},"end":{"line":194,"column":25}},"type":"binary-expr","locations":[{"start":{"line":194,"column":8},"end":{"line":194,"column":9}},{"start":{"line":194,"column":13},"end":{"line":194,"column":25}}],"line":194},"10":{"loc":{"start":{"line":195,"column":4},"end":{"line":197,"column":5}},"type":"if","locations":[{"start":{"line":195,"column":4},"end":{"line":197,"column":5}},{"start":{},"end":{}}],"line":195},"11":{"loc":{"start":{"line":199,"column":19},"end":{"line":199,"column":38}},"type":"binary-expr","locations":[{"start":{"line":199,"column":19},"end":{"line":199,"column":26}},{"start":{"line":199,"column":30},"end":{"line":199,"column":38}}],"line":199},"12":{"loc":{"start":{"line":211,"column":4},"end":{"line":213,"column":5}},"type":"if","locations":[{"start":{"line":211,"column":4},"end":{"line":213,"column":5}},{"start":{},"end":{}}],"line":211},"13":{"loc":{"start":{"line":215,"column":4},"end":{"line":217,"column":5}},"type":"if","locations":[{"start":{"line":215,"column":4},"end":{"line":217,"column":5}},{"start":{},"end":{}}],"line":215},"14":{"loc":{"start":{"line":215,"column":8},"end":{"line":215,"column":72}},"type":"binary-expr","locations":[{"start":{"line":215,"column":8},"end":{"line":215,"column":24}},{"start":{"line":215,"column":28},"end":{"line":215,"column":58}},{"start":{"line":215,"column":62},"end":{"line":215,"column":72}}],"line":215},"15":{"loc":{"start":{"line":226,"column":23},"end":{"line":226,"column":50}},"type":"cond-expr","locations":[{"start":{"line":226,"column":34},"end":{"line":226,"column":40}},{"start":{"line":226,"column":43},"end":{"line":226,"column":50}}],"line":226},"16":{"loc":{"start":{"line":232,"column":10},"end":{"line":262,"column":11}},"type":"binary-expr","locations":[{"start":{"line":232,"column":10},"end":{"line":232,"column":29}},{"start":{"line":233,"column":12},"end":{"line":261,"column":18}}],"line":232},"17":{"loc":{"start":{"line":247,"column":17},"end":{"line":259,"column":24}},"type":"cond-expr","locations":[{"start":{"line":248,"column":18},"end":{"line":258,"column":19}},{"start":{"line":259,"column":20},"end":{"line":259,"column":24}}],"line":247},"18":{"loc":{"start":{"line":248,"column":18},"end":{"line":258,"column":19}},"type":"cond-expr","locations":[{"start":{"line":249,"column":20},"end":{"line":252,"column":22}},{"start":{"line":254,"column":20},"end":{"line":257,"column":22}}],"line":248}},"s":{"0":0,"1":0,"2":0,"3":0,"4":0,"5":0,"6":0,"7":0,"8":0,"9":0,"10":0,"11":0,"12":0,"13":0,"14":0,"15":0,"16":0,"17":0,"18":0,"19":0,"20":0,"21":0,"22":0,"23":0,"24":0,"25":0,"26":0,"27":0,"28":0,"29":0,"30":0,"31":0,"32":0,"33":0,"34":0,"35":0,"36":0,"37":0,"38":0,"39":0,"40":0,"41":0,"42":0,"43":0,"44":0,"45":0,"46":0,"47":0,"48":0,"49":0,"50":0,"51":0,"52":0,"53":0,"54":0,"55":0,"56":0,"57":0,"58":0,"59":0,"60":0,"61":0,"62":0,"63":0,"64":0,"65":0,"66":0,"67":0,"68":0,"69":0,"70":0,"71":0,"72":0,"73":0,"74":0,"75":0,"76":0,"77":0,"78":0,"79":0,"80":0,"81":0,"82":0,"83":0,"84":0,"85":0,"86":0,"87":0,"88":0,"89":0,"90":0,"91":0,"92":0,"93":0,"94":0,"95":0,"96":0,"97":0,"98":0,"99":0,"100":0,"101":0,"102":0,"103":0,"104":0,"105":0,"106":0},"f":{"0":0,"1":0,"2":0,"3":0,"4":0,"5":0,"6":0,"7":0,"8":0,"9":0,"10":0,"11":0,"12":0,"13":0,"14":0,"15":0,"16":0,"17":0,"18":0},"b":{"0":[0,0],"1":[0,0],"2":[0,0],"3":[0,0],"4":[0,0],"5":[0,0],"6":[0,0],"7":[0,0],"8":[0,0],"9":[0,0],"10":[0,0],"11":[0,0],"12":[0,0],"13":[0,0],"14":
[...]
d":{"line":185,"column":23}},"loc":{"start":{"line":185,"column":28},"end":{"line":187,"column":3}},"line":185},"10":{"name":"(anonymous_10)","decl":{"start":{"line":186,"column":18},"end":{"line":186,"column":19}},"loc":{"start":{"line":186,"column":34},"end":{"line":186,"column":145}},"line":186},"11":{"name":"(anonymous_11)","decl":{"start":{"line":186,"column":49},"end":{"line":186,"column":50}},"loc":{"start":{"line":186,"column":63},"end":{"line":186,"column":144}},"line":186},"12":{"name":"(anonymous_12)","decl":{"start":{"line":190,"column":21},"end":{"line":190,"column":22}},"loc":{"start":{"line":190,"column":52},"end":{"line":192,"column":3}},"line":190},"13":{"name":"(anonymous_13)","decl":{"start":{"line":191,"column":18},"end":{"line":191,"column":19}},"loc":{"start":{"line":191,"column":34},"end":{"line":191,"column":185}},"line":191},"14":{"name":"(anonymous_14)","decl":{"start":{"line":191,"column":49},"end":{"line":191,"column":50}},"loc":{"start":{"line":191,"column":64},"end":{"line":191,"column":183}},"line":191},"15":{"name":"(anonymous_15)","decl":{"start":{"line":194,"column":35},"end":{"line":194,"column":36}},"loc":{"start":{"line":194,"column":70},"end":{"line":196,"column":3}},"line":194},"16":{"name":"(anonymous_16)","decl":{"start":{"line":195,"column":18},"end":{"line":195,"column":19}},"loc":{"start":{"line":195,"column":34},"end":{"line":195,"column":146}},"line":195},"17":{"name":"(anonymous_17)","decl":{"start":{"line":195,"column":49},"end":{"line":195,"column":50}},"loc":{"start":{"line":195,"column":64},"end":{"line":195,"column":144}},"line":195},"18":{"name":"(anonymous_18)","decl":{"start":{"line":198,"column":32},"end":{"line":198,"column":33}},"loc":{"start":{"line":198,"column":62},"end":{"line":204,"column":3}},"line":198},"19":{"name":"(anonymous_19)","decl":{"start":{"line":200,"column":23},"end":{"line":200,"column":24}},"loc":{"start":{"line":200,"column":40},"end":{"line":200,"column":131}},"line":200},"20":{"name":"(anonymous_20)","decl":{"start":{"line":206,"column":27},"end":{"line":206,"column":28}},"loc":{"start":{"line":206,"column":33},"end":{"line":284,"column":3}},"line":206},"21":{"name":"(anonymous_21)","decl":{"start":{"line":211,"column":27},"end":{"line":211,"column":28}},"loc":{"start":{"line":211,"column":44},"end":{"line":278,"column":13}},"line":211},"22":{"name":"(anonymous_22)","decl":{"start":{"line":227,"column":36},"end":{"line":227,"column":37}},"loc":{"start":{"line":227,"column":43},"end":{"line":227,"column":88}},"line":227},"23":{"name":"(anonymous_23)","decl":{"start":{"line":247,"column":36},"end":{"line":247,"column":37}},"loc":{"start":{"line":247,"column":43},"end":{"line":247,"column":88}},"line":247},"24":{"name":"(anonymous_24)","decl":{"start":{"line":264,"column":32},"end":{"line":264,"column":33}},"loc":{"start":{"line":264,"column":39},"end":{"line":264,"column":85}},"line":264},"25":{"name":"(anonymous_25)","decl":{"start":{"line":305,"column":22},"end":{"line":305,"column":23}},"loc":{"start":{"line":305,"column":29},"end":{"line":307,"column":13}},"line":305},"26":{"name":"(anonymous_26)","decl":{"start":{"line":318,"column":27},"end":{"line":318,"column":28}},"loc":{"start":{"line":318,"column":33},"end":{"line":318,"column":77}},"line":318},"27":{"name":"(anonymous_27)","decl":{"start":{"line":330,"column":20},"end":{"line":330,"column":21}},"loc":{"start":{"line":330,"column":27},"end":{"line":330,"column":87}},"line":330},"28":{"name":"(anonymous_28)","decl":{"start":{"line":411,"column":31},"end":{"line":411,"column":32}},"loc":{"start":{"line":411,"column":37},"end":{"line":414,"column":23}},"line":411},"29":{"name":"(anonymous_29)","decl":{"start":{"line":429,"column":31},"end":{"line":429,"column":32}},"loc":{"start":{"line":429,"column":37},"end":{"line":432,"column":23}},"line":429},"30":{"name":"(anonymous_30)","decl":{"start":{"line":430,"column":73},"end":{"line":430,"column":74}},"loc":{"start":{"line":430,"column":81},"end":{"line":430,"column":95}},"line":430},"31":{"name":"(anonymous_31)","decl":{"start":{"line":446,"column":26},"end":{"line":446,"column":27}},"loc":{"start":{"line":446,"column":36},"end":{"line":446,"column":59}},"line":446},"32":{"name":"(anonymous_32)","decl":{"start":{"line":449,"column":29},"end":{"line":449,"column":30}},"loc":{"start":{"line":449,"column":39},"end":{"line":471,"column":13}},"line":449},"33":{"name":"(anonymous_33)","decl":{"start":{"line":457,"column":32},"end":{"line":457,"column":33}},"loc":{"start":{"line":457,"column":38},"end":{"line":457,"column":54}},"line":457},"34":{"name":"(anonymous_34)","decl":{"start":{"line":466,"column":32},"end":{"line":466,"column":33}},"loc":{"start":{"line":466,"column":38},"end":{"line":466,"column":54}},"line":466},"35":{"name":"(anonymous_35)","decl":{"start":{"line":475,"column":30},"end":{"line":475,"column":31}},"loc":{"start":{"line":475,"column":40},"end":{"line":475,"column":63}},"line":475},"36":{"name":"(anonymous_36)","decl":{"start":{"line":476,"column":28},"end":{"line":476,"column":29}},"loc":{"start":{"line":476,"column":34},"end":{"line":476,"column":51}},"line":476}},"branchMap":{"0":{"loc":{"start":{"line":107,"column":20},"end":{"line":107,"column":79}},"type":"cond-expr","locations":[{"start":{"line":107,"column":29},"end":{"line":107,"column":53}},{"start":{"line":107,"column":56},"end":{"line":107,"column":79}}],"line":107},"1":{"loc":{"start":{"line":113,"column":10},"end":{"line":118,"column":26}},"type":"binary-expr","locations":[{"start":{"line":113,"column":10},"end":{"line":113,"column":16}},{"start":{"line":114,"column":10},"end":{"line":118,"column":26}}],"line":113},"2":{"loc":{"start":{"line":165,"column":62},"end":{"line":165,"column":80}},"type":"binary-expr","locations":[{"start":{"line":165,"column":62},"end":{"line":165,"column":74}},{"start":{"line":165,"column":78},"end":{"line":165,"column":80}}],"line":165},"3":{"loc":{"start":{"line":168,"column":4},"end":{"line":172,"column":5}},"type":"if","locations":[{"start":{"line":168,"column":4},"end":{"line":172,"column":5}},{"start":{"line":170,"column":11},"end":{"line":172,"column":5}}],"line":168},"4":{"loc":{"start":{"line":176,"column":4},"end":{"line":176,"column":77}},"type":"binary-expr","locations":[{"start":{"line":176,"column":4},"end":{"line":176,"column":29}},{"start":{"line":176,"column":33},"end":{"line":176,"column":77}}],"line":176},"5":{"loc":{"start":{"line":180,"column":62},"end":{"line":180,"column":142}},"type":"cond-expr","locations":[{"start":{"line":180,"column":90},"end":{"line":180,"column":129}},{"start":{"line":180,"column":132},"end":{"line":180,"column":142}}],"line":180},"6":{"loc":{"start":{"line":180,"column":163},"end":{"line":180,"column":325}},"type":"cond-expr","locations":[{"start":{"line":180,"column":260},"end":{"line":180,"column":312}},{"start":{"line":180,"column":315},"end":{"line":180,"column":325}}],"line":180},"7":{"loc":{"start":{"line":180,"column":163},"end":{"line":180,"column":257}},"type":"binary-expr","locations":[{"start":{"line":180,"column":163},"end":{"line":180,"column":188}},{"start":{"line":180,"column":192},"end":{"line":180,"column":222}},{"start":{"line":180,"column":226},"end":{"line":180,"column":257}}],"line":180},"8":{"loc":{"start":{"line":191,"column":64},"end":{"line":191,"column":183}},"type":"cond-expr","locations":[{"start":{"line":191,"column":100},"end":{"line":191,"column":170}},{"start":{"line":191,"column":173},"end":{"line":191,"column":183}}],"line":191},"9":{"loc":{"start":{"line":195,"column":64},"end":{"line":195,"column":144}},"type":"cond-expr","locations":[{"start":{"line":195,"column":92},"end":{"line":195,"column":131}},{"start":{"line":195,"column":134},"end":{"line":195,"column":144}}],"line":195},"10":{"loc":{"start":{"line":199,"column":4},"end":{"line":202,"column":5}},"type":"if","locations":[{"start":{"line":199,"column":4},"end":{"line":202,"column":5}},{"start":{},"end":{}}],"line":199},"11":{"loc":{"start":{"line":212,"column":12},"end":{"line":276,"column":13}},"type":"switch","locations":[{"start":{"line":213,"column":14},"end":{"line":231,"column":32}},{"start":{"line":233,"column":14},"end":{"line":274,"column":32}}],"line":212},"12":{"loc":{"start":{"line":303,"column":12},"end":{"line":350,"column":11}},"type":"cond-expr","locations":[{"start":{"line":304,"column":12},"end":{"line":327,"column":12}},{"start":{"line":329,"column":10},"end":{"line":349,"column":12}}],"line":303},"13":{"loc":{"start":{"line":303,"column":12},"end":{"line":303,"column":77}},"type":"binary-expr","locations":[{"start":{"line":303,"column":12},"end":{"line":303,"column":54}},{"start":{"line":303,"column":58},"end":{"line":303,"column":77}}],"line":303},"14":{"loc":{"start":{"line":306,"column":14},"end":{"line":306,"column":70}},"type":"binary-expr","locations":[{"start":{"line":306,"column":14},"end":{"line":306,"column":32}},{"start":{"line":306,"column":36},"end":{"line":306,"column":70}}],"line":306},"15":{"loc":{"start":{"line":318,"column":33},"end":{"line":318,"column":77}},"type":"binary-expr","locations":[{"start":{"line":318,"column":33},"end":{"line":318,"column":52}},{"start":{"line":318,"column":56},"end":{"line":318,"column":77}}],"line":318},"16":{"loc":{"start":{"line":330,"column":29},"end":{"line":330,"column":85}},"type":"binary-expr","locations":[{"start":{"line":330,"column":29},"end":{"line":330,"column":47}},{"start":{"line":330,"column":51},"end":{"line":330,"column":85}}],"line":330},"17":{"loc":{"start":{"line":352,"column":12},"end":{"line":442,"column":18}},"type":"binary-expr","locations":[{"start":{"line":352,"column":12},"end":{"line":352,"column":27}},{"start":{"line":353,"column":12},"end":{"line":442,"column":18}}],"line":352},"18":{"loc":{"start":{"line":358,"column":17},"end":{"line":358,"column":63}},"type":"cond-expr","locations":[{"start":{"line":358,"column":32},"end":{"line":358,"column":46}},{"start":{"line":358,"column":49},"end":{"line":358,"column":63}}],"line":358},"19":{"loc":{"start":{"line":361,"column":16},"end":{"line":440,"column":22}},"type":"binary-expr","locations":[{"start":{"line":361,"column":16},"end":{"line":361,"column":28}},{"start":{"line":362,"column":16},"end":{"line":440,"column":22}}],"line":361},"20":{"loc":{"start":{"line":430,"column":24},"end":{"line":430,"column":97}},"type":"binary-expr","locations":[{"start":{"line":430,"column":24},"end":{"line":430,"column":37}},{"start":{"line":430,"column":41},"end":{"line":430,"column":97}}],"line":430},"21":{"loc":{"start":{"line":446,"column":10},"end":{"line":479,"column":17}},"type":"binary-expr","locations":[{"start":{"line":446,"column":10},"end":{"line":446,"column":74}},{"start":{"line":447,"column":10},"end":{"line":479,"column":17}}],"line":446},"22":{"loc":{"start":{"line":451,"column":19},"end":{"line":459,"column":24}},"type":"cond-expr","locations":[{"start":{"line":453,"column":20},"end":{"line":458,"column":22}},{"start":{"line":459,"column":20},"end":{"line":459,"column":24}}],"line":451},"23":{"loc":{"start":{"line":451,"column":19},"end":{"line":452,"column":88}},"type":"binary-expr","locations":[{"start":{"line":451,"column":19},"end":{"line":451,"column":33}},{"start":{"line":452,"column":18},"end":{"line":452,"column":59}},{"start":{"line":452,"column":63},"end":{"line":452,"column":88}}],"line":451},"24":{"loc":{"start":{"line":462,"column":20},"end":{"line":467,"column":22}},"type":"binary-expr","locations":[{"start":{"line":462,"column":20},"end":{"line":462,"column":34}},{"start":{"line":462,"column":38},"end":{"line":462,"column":63}},{"start":{"line":462,"column":67},"end":{"line":467,"column":22}}],"line":462},"25":{"loc":{"start":{"line":475,"column":14},"end":{"line":476,"column":180}},"type":"binary-expr","locations":[{"start":{"line":475,"column":14},"end":{"line":475,"column":78}},{"start":{"line":476,"column":14},"end":{"line":476,"column":180}}],"line":475}},"s":{"0":0,"1":0,"2":0,"3":0,"4":0,"5":0,"6":0,"7":0,"8":0,"9":0,"10":0,"11":0,"12":0,"13":0,"14":0,"15":0,"16":0,"17":0,"18":0,"19":0,"20":0,"21":0,"22":0,"23":0,"24":0,"25":0,"26":0,"27":0,"28":0,"29":0,"30":0,"31":0,"32":0,"33":0,"34":0,"35":0,"36":0,"37":0,"38":0,"39":0,"40":0,"41":0,"42":0,"43":0,"44":0,"45":0,"46":0,"47":0,"48":0,"49":0,"50":0,"51":0,"52":0,"53":0,"54":0,"55":0,"56":0,"57":0,"58":0,"59":0,"60":0,"61":0,"62":0,"63":0,"64":0,"65":0},"f":{"0":0,"1":0,"2":0,"3":0,"4":0,"5":0,"6":0,"7":0,"8":0,"9":0,"10":0,"11":0,"12":0,"13":0,"14":0,"15":0,"16":0,"17":0,"18":0,"19":0,"20":0,"21":0,"22":0,"23":0,"24":0,"25":0,"26":0,"27":0,"28":0,"29":0,"30":0,"31":0,"32":0,"33":0,"34":0,"35":0,"36":0},"b":{"0":[0,0],"1":[0,0],"2":[0,0],"3":[0,0],"4":[0,0],"5":[0,0],"6":[0,0],"7":[0,0,0],"8":[0,0],"9":[0,0],"10":[0,0],"11":[0,0],"12":[0,0],"13":[0,0],"14":[0,0],"15":[0,0],"16":[0,0],"17":[0,0],"18":[0,0],"19":[0,0],"20":[0,0],"21":[0,0],"22":[0,0],"23":[0,0,0],"24":[0,0,0],"25":[0,0]}}
,"D:\\kognitiv-portal-ui\\src\\kpTable\\TablePaginationActions.tsx": {"path":"D:\\kognitiv-portal-ui\\src\\kpTable\\TablePaginationActions.tsx","statementMap":{"0":{"start":{"line":11,"column":38},"end":{"line":175,"column":1}},"1":{"start":{"line":12,"column":16},"end":{"line":12,"column":26}},"2":{"start":{"line":25,"column":6},"end":{"line":25,"column":11}},"3":{"start":{"line":27,"column":20},"end":{"line":27,"column":62}},"4":{"start":{"line":29,"column":37},"end":{"line":32,"column":3}},"5":{"start":{"line":30,"column":4},"end":{"line":30,"column":27}},"6":{"start":{"line":31,"column":4},"end":{"line":31,"column":28}},"7":{"start":{"line":34,"column":32},"end":{"line":37,"column":3}},"8":{"start":{"line":35,"column":4},"end":{"line":35,"column":34}},"9":{"start":{"line":36,"column":4},"end":{"line":36,"column":29}},"10":{"start":{"line":39,"column":32},"end":{"line":42,"column":3}},"11":{"start":{"line":40,"column":4},"end":{"line":40,"column":34}},"12":{"start":{"line":41,"column":4},"end":{"line":41,"column":29}},"13":{"start":{"line":44,"column":36},"end":{"line":50,"column":3}},"14":{"start":{"line":45,"column":4},"end":{"line":48,"column":6}},"15":{"start":{"line":49,"column":4},"end":{"line":49,"column":33}},"16":{"start":{"line":52,"column":33},"end":{"line":55,"column":3}},"17":{"start":{"line":53,"column":4},"end":{"line":53,"column":44}},"18":{"start":{"line":54,"column":4},"end":{"line":54,"column":50}},"19":{"start":{"line":57,"column":28},"end":{"line":60,"column":3}},"20":{"start":{"line":58,"column":4},"end":{"line":58,"column":27}},"21":{"start":{"line":59,"column":4},"end":{"line":59,"column":51}},"22":{"start":{"line":62,"column":2},"end":{"line":174,"column":4}},"23":{"start":{"line":83,"column":14},"end":{"line":91,"column":16}},"24":{"start":{"line":143,"column":12},"end":{"line":151,"column":14}}},"fnMap":{"0":{"name":"(anonymous_0)","decl":{"start":{"line":11,"column":38},"end":{"line":11,"column":39}},"loc":{"start":{"line":11,"column":54},"end":{"line":175,"column":1}},"line":11},"1":{"name":"(anonymous_1)","decl":{"start":{"line":29,"column":37},"end":{"line":29,"column":38}},"loc":{"start":{"line":29,"column":53},"end":{"line":32,"column":3}},"line":29},"2":{"name":"(anonymous_2)","decl":{"start":{"line":34,"column":32},"end":{"line":34,"column":33}},"loc":{"start":{"line":34,"column":48},"end":{"line":37,"column":3}},"line":34},"3":{"name":"(anonymous_3)","decl":{"start":{"line":39,"column":32},"end":{"line":39,"column":33}},"loc":{"start":{"line":39,"column":48},"end":{"line":42,"column":3}},"line":39},"4":{"name":"(anonymous_4)","decl":{"start":{"line":44,"column":36},"end":{"line":44,"column":37}},"loc":{"start":{"line":44,"column":52},"end":{"line":50,"column":3}},"line":44},"5":{"name":"(anonymous_5)","decl":{"start":{"line":52,"column":33},"end":{"line":52,"column":34}},"loc":{"start":{"line":52,"column":49},"end":{"line":55,"column":3}},"line":52},"6":{"name":"(anonymous_6)","decl":{"start":{"line":57,"column":28},"end":{"line":57,"column":29}},"loc":{"start":{"line":57,"column":44},"end":{"line":60,"column":3}},"line":57},"7":{"name":"(anonymous_7)","decl":{"start":{"line":82,"column":36},"end":{"line":82,"column":37}},"loc":{"start":{"line":82,"column":65},"end":{"line":92,"column":13}},"line":82},"8":{"name":"(anonymous_8)","decl":{"start":{"line":142,"column":37},"end":{"line":142,"column":38}},"loc":{"start":{"line":142,"column":47},"end":{"line":152,"column":11}},"line":142}},"branchMap":{"0":{"loc":{"start":{"line":103,"column":14},"end":{"line":103,"column":55}},"type":"cond-expr","locations":[{"start":{"line":103,"column":27},"end":{"line":103,"column":28}},{"start":{"line":103,"column":31},"end":{"line":103,"column":55}}],"line":103},"1":{"loc":{"start":{"line":106,"column":14},"end":{"line":108,"column":36}},"type":"cond-expr","locations":[{"start":{"line":107,"column":18},"end":{"line":107,"column":35}},{"start":{"line":108,"column":18},"end":{"line":108,"column":36}}],"line":106},"2":{"loc":{"start":{"line":118,"column":11},"end":{"line":118,"column":75}},"type":"cond-expr","locations":[{"start":{"line":118,"column":39},"end":{"line":118,"column":55}},{"start":{"line":118,"column":58},"end":{"line":118,"column":75}}],"line":118},"3":{"loc":{"start":{"line":125,"column":11},"end":{"line":129,"column":11}},"type":"cond-expr","locations":[{"start":{"line":126,"column":12},"end":{"line":126,"column":34}},{"start":{"line":128,"column":12},"end":{"line":128,"column":33}}],"line":125},"4":{"loc":{"start":{"line":159,"column":11},"end":{"line":163,"column":11}},"type":"cond-expr","locations":[{"start":{"line":160,"column":12},"end":{"line":160,"column":33}},{"start":{"line":162,"column":12},"end":{"line":162,"column":34}}],"line":159},"5":{"loc":{"start":{"line":170,"column":11},"end":{"line":170,"column":75}},"type":"cond-expr","locations":[{"start":{"line":170,"column":39},"end":{"line":170,"column":56}},{"start":{"line":170,"column":59},"end":{"line":170,"column":75}}],"line":170}},"s":{"0":0,"1":0,"2":0,"3":0,"4":0,"5":0,"6":0,"7":0,"8":0,"9":0,"10":0,"11":0,"12":0,"13":0,"14":0,"15":0,"16":0,"17":0,"18":0,"19":0,"20":0,"21":0,"22":0,"23":0,"24":0},"f":{"0":0,"1":0,"2":0,"3":0,"4":0,"5":0,"6":0,"7":0,"8":0},"b":{"0":[0,0],"1":[0,0],"2":[0,0],"3":[0,0],"4":[0,0],"5":[0,0]}}
,"D:\\kognitiv-portal-ui\\src\\kpTable\\orderTypes.ts": {"path":"D:\\kognitiv-portal-ui\\src\\kpTable\\orderTypes.ts","statementMap":{},"fnMap":{},"branchMap":{},"s":{},"f":{},"b":{}}
,"D:\\kognitiv-portal-ui\\src\\kpTooltip\\KpTooltip.stories.ts": {"path":"D:\\kognitiv-portal-ui\\src\\kpTooltip\\KpTooltip.stories.ts","statementMap":{"0":{"start":{"line":5,"column":13},"end":{"line":9,"column":34}},"1":{"start":{"line":15,"column":36},"end":{"line":27,"column":1}}},"fnMap":{},"branchMap":{},"s":{"0":0,"1":0},"f":{},"b":{}}
,"D:\\kognitiv-portal-ui\\src\\kpTooltip\\KpTooltip.tsx": {"path":"D:\\kognitiv-portal-ui\\src\\kpTooltip\\KpTooltip.tsx","statementMap":{"0":{"start":{"line":21,"column":43},"end":{"line":25,"column":1}},"1":{"start":{"line":22,"column":4},"end":{"line":24,"column":6}},"2":{"start":{"line":27,"column":25},"end":{"line":58,"column":1}},"3":{"start":{"line":35,"column":4},"end":{"line":57,"column":6}}},"fnMap":{"0":{"name":"(anonymous_0)","decl":{"start":{"line":21,"column":43},"end":{"line":21,"column":44}},"loc":{"start":{"line":21,"column":49},"end":{"line":25,"column":1}},"line":21},"1":{"name":"(anonymous_1)","decl":{"start":{"line":27,"column":25},"end":{"line":27,"column":26}},"loc":{"start":{"line":32,"column":20},"end":{"line":58,"column":1}},"line":32}},"branchMap":{},"s":{"0":0,"1":0,"2":0,"3":0},"f":{"0":0,"1":0},"b":{}}
,"D:\\kognitiv-portal-ui\\src\\theme\\theme.ts": {"path":"D:\\kognitiv-portal-ui\\src\\theme\\theme.ts","statementMap":{"0":{"start":{"line":6,"column":42},"end":{"line":228,"column":1}},"1":{"start":{"line":229,"column":22},"end":{"line":229,"column":47}}},"fnMap":{},"branchMap":{},"s":{"0":0,"1":0},"f":{},"b":{}}
}
