TN:
SF:src\index.tsx
FNF:0
FNH:0
LF:0
LH:0
BRF:0
BRH:0
end_of_record
TN:
SF:src\KpAccordion\KpAccordion.stories.tsx
FN:49,(anonymous_0)
FNF:1
FNH:0
FNDA:0,(anonymous_0)
DA:7,0
DA:18,0
DA:49,0
LF:3
LH:0
BRF:0
BRH:0
end_of_record
TN:
SF:src\KpAccordion\KpAccordion.tsx
FN:29,(anonymous_0)
FN:42,(anonymous_1)
FN:48,(anonymous_2)
FN:48,(anonymous_3)
FN:52,(anonymous_4)
FN:58,(anonymous_5)
FNF:6
FNH:4
FNDA:2,(anonymous_0)
FNDA:2,(anonymous_1)
FNDA:5,(anonymous_2)
FNDA:0,(anonymous_3)
FNDA:0,(anonymous_4)
FNDA:5,(anonymous_5)
DA:29,1
DA:39,2
DA:42,2
DA:43,2
DA:44,0
DA:48,5
DA:49,0
DA:50,0
DA:52,0
DA:56,2
DA:59,5
LF:11
LH:7
BRDA:39,0,0,2
BRDA:39,0,1,2
BRDA:43,1,0,0
BRDA:43,1,1,2
BRDA:49,2,0,0
BRDA:49,2,1,0
BRDA:63,3,0,5
BRDA:63,3,1,2
BRDA:68,4,0,5
BRDA:68,4,1,2
BRDA:76,5,0,0
BRDA:76,5,1,5
BRDA:82,6,0,5
BRDA:82,6,1,0
BRDA:85,7,0,5
BRDA:85,7,1,1
BRF:16
BRH:11
end_of_record
TN:
SF:src\KpStepper\KpStepper.stories.ts
FN:36,(anonymous_0)
FN:37,(anonymous_1)
FNF:2
FNH:0
FNDA:0,(anonymous_0)
FNDA:0,(anonymous_1)
DA:4,0
DA:13,0
DA:29,0
DA:36,0
DA:37,0
LF:5
LH:0
BRF:0
BRH:0
end_of_record
TN:
SF:src\KpStepper\KpStepper.tsx
FN:27,(anonymous_0)
FN:28,(anonymous_1)
FN:48,(anonymous_2)
FN:63,(anonymous_3)
FN:74,(anonymous_4)
FN:85,(anonymous_5)
FN:92,(anonymous_6)
FN:97,(anonymous_7)
FN:100,(anonymous_8)
FN:105,(anonymous_9)
FN:110,(anonymous_10)
FN:115,(anonymous_11)
FN:120,(anonymous_12)
FN:123,(anonymous_13)
FN:129,(anonymous_14)
FN:130,(anonymous_15)
FN:134,(anonymous_16)
FN:134,(anonymous_17)
FN:145,(anonymous_18)
FN:150,(anonymous_19)
FNF:20
FNH:7
FNDA:1,(anonymous_0)
FNDA:2,(anonymous_1)
FNDA:1,(anonymous_2)
FNDA:1,(anonymous_3)
FNDA:1,(anonymous_4)
FNDA:0,(anonymous_5)
FNDA:0,(anonymous_6)
FNDA:0,(anonymous_7)
FNDA:0,(anonymous_8)
FNDA:0,(anonymous_9)
FNDA:0,(anonymous_10)
FNDA:0,(anonymous_11)
FNDA:0,(anonymous_12)
FNDA:0,(anonymous_13)
FNDA:0,(anonymous_14)
FNDA:0,(anonymous_15)
FNDA:1,(anonymous_16)
FNDA:0,(anonymous_17)
FNDA:3,(anonymous_18)
FNDA:0,(anonymous_19)
DA:26,1
DA:28,2
DA:48,1
DA:63,1
DA:74,1
DA:79,1
DA:80,1
DA:85,1
DA:86,0
DA:87,0
DA:92,1
DA:93,0
DA:97,1
DA:100,1
DA:101,0
DA:105,1
DA:106,0
DA:110,1
DA:111,0
DA:115,1
DA:116,0
DA:120,1
DA:122,0
DA:123,0
DA:125,0
DA:129,1
DA:130,0
DA:134,1
DA:135,0
DA:138,1
DA:146,3
DA:150,0
LF:32
LH:19
BRDA:31,0,0,1
BRDA:31,0,1,1
BRDA:32,1,0,1
BRDA:32,1,1,1
BRDA:33,2,0,1
BRDA:33,2,1,1
BRDA:44,3,0,0
BRDA:44,3,1,2
BRDA:86,4,0,0
BRDA:86,4,1,0
BRDA:122,5,0,0
BRDA:122,5,1,0
BRDA:122,6,0,0
BRDA:122,6,1,0
BRDA:143,7,0,0
BRDA:143,7,1,1
BRDA:147,8,0,0
BRDA:147,8,1,3
BRDA:149,9,0,2
BRDA:149,9,1,1
BRF:20
BRH:11
end_of_record
TN:
SF:src\assets\svg\index.tsx
FN:14,(anonymous_0)
FN:34,(anonymous_1)
FN:54,(anonymous_2)
FN:74,(anonymous_3)
FN:94,(anonymous_4)
FN:114,(anonymous_5)
FN:134,(anonymous_6)
FN:154,(anonymous_7)
FN:174,(anonymous_8)
FN:194,(anonymous_9)
FN:214,(anonymous_10)
FN:234,(anonymous_11)
FN:254,(anonymous_12)
FN:274,(anonymous_13)
FN:294,(anonymous_14)
FN:313,(anonymous_15)
FN:332,(anonymous_16)
FN:353,(anonymous_17)
FN:374,(anonymous_18)
FN:395,(anonymous_19)
FN:415,(anonymous_20)
FN:437,(anonymous_21)
FN:459,(anonymous_22)
FN:480,(anonymous_23)
FN:500,(anonymous_24)
FN:525,(anonymous_25)
FN:546,(anonymous_26)
FN:567,(anonymous_27)
FN:588,(anonymous_28)
FN:606,(anonymous_29)
FN:624,(anonymous_30)
FN:642,(anonymous_31)
FN:660,(anonymous_32)
FNF:33
FNH:0
FNDA:0,(anonymous_0)
FNDA:0,(anonymous_1)
FNDA:0,(anonymous_2)
FNDA:0,(anonymous_3)
FNDA:0,(anonymous_4)
FNDA:0,(anonymous_5)
FNDA:0,(anonymous_6)
FNDA:0,(anonymous_7)
FNDA:0,(anonymous_8)
FNDA:0,(anonymous_9)
FNDA:0,(anonymous_10)
FNDA:0,(anonymous_11)
FNDA:0,(anonymous_12)
FNDA:0,(anonymous_13)
FNDA:0,(anonymous_14)
FNDA:0,(anonymous_15)
FNDA:0,(anonymous_16)
FNDA:0,(anonymous_17)
FNDA:0,(anonymous_18)
FNDA:0,(anonymous_19)
FNDA:0,(anonymous_20)
FNDA:0,(anonymous_21)
FNDA:0,(anonymous_22)
FNDA:0,(anonymous_23)
FNDA:0,(anonymous_24)
FNDA:0,(anonymous_25)
FNDA:0,(anonymous_26)
FNDA:0,(anonymous_27)
FNDA:0,(anonymous_28)
FNDA:0,(anonymous_29)
FNDA:0,(anonymous_30)
FNDA:0,(anonymous_31)
FNDA:0,(anonymous_32)
DA:14,6
DA:15,0
DA:34,6
DA:35,0
DA:54,6
DA:55,0
DA:74,6
DA:75,0
DA:94,6
DA:95,0
DA:114,6
DA:115,0
DA:134,6
DA:135,0
DA:154,6
DA:155,0
DA:174,6
DA:175,0
DA:194,6
DA:195,0
DA:214,6
DA:215,0
DA:234,6
DA:235,0
DA:254,6
DA:255,0
DA:274,6
DA:275,0
DA:294,6
DA:295,0
DA:313,6
DA:314,0
DA:332,6
DA:333,0
DA:353,6
DA:354,0
DA:374,6
DA:375,0
DA:395,6
DA:396,0
DA:415,6
DA:416,0
DA:437,6
DA:438,0
DA:459,6
DA:460,0
DA:480,6
DA:481,0
DA:500,6
DA:501,0
DA:525,6
DA:526,0
DA:546,6
DA:547,0
DA:567,6
DA:568,0
DA:588,6
DA:589,0
DA:606,6
DA:607,0
DA:624,6
DA:625,0
DA:642,6
DA:643,0
DA:660,6
DA:661,0
LF:66
LH:33
BRDA:19,0,0,0
BRDA:19,0,1,0
BRDA:27,1,0,0
BRDA:27,1,1,0
BRDA:39,2,0,0
BRDA:39,2,1,0
BRDA:47,3,0,0
BRDA:47,3,1,0
BRDA:61,4,0,0
BRDA:61,4,1,0
BRDA:67,5,0,0
BRDA:67,5,1,0
BRDA:81,6,0,0
BRDA:81,6,1,0
BRDA:87,7,0,0
BRDA:87,7,1,0
BRDA:100,8,0,0
BRDA:100,8,1,0
BRDA:107,9,0,0
BRDA:107,9,1,0
BRDA:121,10,0,0
BRDA:121,10,1,0
BRDA:127,11,0,0
BRDA:127,11,1,0
BRDA:140,12,0,0
BRDA:140,12,1,0
BRDA:147,13,0,0
BRDA:147,13,1,0
BRDA:160,14,0,0
BRDA:160,14,1,0
BRDA:167,15,0,0
BRDA:167,15,1,0
BRDA:180,16,0,0
BRDA:180,16,1,0
BRDA:187,17,0,0
BRDA:187,17,1,0
BRDA:201,18,0,0
BRDA:201,18,1,0
BRDA:207,19,0,0
BRDA:207,19,1,0
BRDA:220,20,0,0
BRDA:220,20,1,0
BRDA:227,21,0,0
BRDA:227,21,1,0
BRDA:241,22,0,0
BRDA:241,22,1,0
BRDA:247,23,0,0
BRDA:247,23,1,0
BRDA:260,24,0,0
BRDA:260,24,1,0
BRDA:267,25,0,0
BRDA:267,25,1,0
BRDA:280,26,0,0
BRDA:280,26,1,0
BRDA:287,27,0,0
BRDA:287,27,1,0
BRDA:302,28,0,0
BRDA:302,28,1,0
BRDA:307,29,0,0
BRDA:307,29,1,0
BRDA:321,30,0,0
BRDA:321,30,1,0
BRDA:326,31,0,0
BRDA:326,31,1,0
BRDA:340,32,0,0
BRDA:340,32,1,0
BRDA:346,33,0,0
BRDA:346,33,1,0
BRDA:361,34,0,0
BRDA:361,34,1,0
BRDA:367,35,0,0
BRDA:367,35,1,0
BRDA:382,36,0,0
BRDA:382,36,1,0
BRDA:388,37,0,0
BRDA:388,37,1,0
BRDA:403,38,0,0
BRDA:403,38,1,0
BRDA:408,39,0,0
BRDA:408,39,1,0
BRDA:423,40,0,0
BRDA:423,40,1,0
BRDA:427,41,0,0
BRDA:427,41,1,0
BRDA:431,42,0,0
BRDA:431,42,1,0
BRDA:445,43,0,0
BRDA:445,43,1,0
BRDA:452,44,0,0
BRDA:452,44,1,0
BRDA:467,45,0,0
BRDA:467,45,1,0
BRDA:472,46,0,0
BRDA:472,46,1,0
BRDA:474,47,0,0
BRDA:474,47,1,0
BRDA:488,48,0,0
BRDA:488,48,1,0
BRDA:493,49,0,0
BRDA:493,49,1,0
BRDA:508,50,0,0
BRDA:508,50,1,0
BRDA:513,51,0,0
BRDA:513,51,1,0
BRDA:515,52,0,0
BRDA:515,52,1,0
BRDA:518,53,0,0
BRDA:518,53,1,0
BRDA:533,54,0,0
BRDA:533,54,1,0
BRDA:539,55,0,0
BRDA:539,55,1,0
BRDA:554,56,0,0
BRDA:554,56,1,0
BRDA:560,57,0,0
BRDA:560,57,1,0
BRDA:575,58,0,0
BRDA:575,58,1,0
BRDA:581,59,0,0
BRDA:581,59,1,0
BRDA:596,60,0,0
BRDA:596,60,1,0
BRDA:600,61,0,0
BRDA:600,61,1,0
BRDA:614,62,0,0
BRDA:614,62,1,0
BRDA:618,63,0,0
BRDA:618,63,1,0
BRDA:632,64,0,0
BRDA:632,64,1,0
BRDA:636,65,0,0
BRDA:636,65,1,0
BRDA:650,66,0,0
BRDA:650,66,1,0
BRDA:654,67,0,0
BRDA:654,67,1,0
BRDA:668,68,0,0
BRDA:668,68,1,0
BRDA:672,69,0,0
BRDA:672,69,1,0
BRF:140
BRH:0
end_of_record
TN:
SF:src\kpAlert\KpAlert.stories.ts
FNF:0
FNH:0
DA:6,0
DA:16,0
LF:2
LH:0
BRF:0
BRH:0
end_of_record
TN:
SF:src\kpAlert\KpAlert.tsx
FN:34,(anonymous_0)
FN:49,(anonymous_1)
FN:92,(anonymous_2)
FN:99,(anonymous_3)
FNF:4
FNH:2
FNDA:3,(anonymous_0)
FNDA:9,(anonymous_1)
FNDA:0,(anonymous_2)
FNDA:0,(anonymous_3)
DA:34,1
DA:43,3
DA:44,3
DA:45,3
DA:46,3
DA:49,3
DA:50,9
DA:51,9
DA:53,0
DA:55,0
DA:57,0
DA:59,9
DA:61,0
DA:65,3
DA:85,3
DA:92,0
DA:99,0
LF:17
LH:11
BRDA:43,0,0,3
BRDA:43,0,1,0
BRDA:43,1,0,3
BRDA:43,1,1,3
BRDA:44,2,0,3
BRDA:44,2,1,0
BRDA:44,3,0,3
BRDA:44,3,1,3
BRDA:45,4,0,3
BRDA:45,4,1,0
BRDA:45,5,0,3
BRDA:45,5,1,3
BRDA:51,6,0,0
BRDA:51,6,1,0
BRDA:51,6,2,0
BRDA:51,6,3,9
BRDA:51,6,4,0
BRDA:87,7,0,3
BRDA:87,7,1,0
BRDA:88,8,0,3
BRDA:88,8,1,0
BRDA:89,9,0,3
BRDA:89,9,1,0
BRDA:93,10,0,3
BRDA:93,10,1,0
BRDA:100,11,0,0
BRDA:100,11,1,0
BRDA:108,12,0,0
BRDA:108,12,1,0
BRDA:111,13,0,0
BRDA:111,13,1,0
BRDA:118,14,0,0
BRDA:118,14,1,0
BRF:33
BRH:14
end_of_record
TN:
SF:src\kpBadge\KpBadge.stories.ts
FNF:0
FNH:0
DA:5,0
DA:15,0
LF:2
LH:0
BRF:0
BRH:0
end_of_record
TN:
SF:src\kpBadge\KpBadge.tsx
FN:37,(anonymous_0)
FN:44,(anonymous_1)
FNF:2
FNH:2
FNDA:1,(anonymous_0)
FNDA:1,(anonymous_1)
DA:37,2
DA:38,1
DA:44,2
DA:54,1
DA:62,1
LF:5
LH:5
BRDA:70,0,0,1
BRDA:70,0,1,0
BRDA:70,1,0,1
BRDA:70,1,1,1
BRF:4
BRH:3
end_of_record
TN:
SF:src\kpButton\KpButton.stories.ts
FNF:0
FNH:0
DA:6,0
DA:183,0
LF:2
LH:0
BRF:0
BRH:0
end_of_record
TN:
SF:src\kpButton\KpButton.tsx
FN:91,(anonymous_0)
FN:109,(anonymous_1)
FN:120,(anonymous_2)
FN:128,(anonymous_3)
FNF:4
FNH:3
FNDA:1,(anonymous_0)
FNDA:1,(anonymous_1)
FNDA:0,(anonymous_2)
FNDA:1,(anonymous_3)
DA:91,1
DA:109,1
DA:110,1
DA:111,1
DA:112,0
DA:113,0
DA:114,0
DA:115,0
DA:117,0
DA:120,1
DA:121,0
DA:122,0
DA:124,0
DA:128,1
DA:133,1
DA:134,1
DA:136,1
DA:150,0
DA:168,0
DA:183,0
DA:193,0
DA:198,0
DA:200,0
DA:209,0
DA:222,0
DA:224,0
DA:235,1
DA:246,1
LF:28
LH:11
BRDA:92,0,0,0
BRDA:110,1,0,1
BRDA:110,1,1,0
BRDA:112,2,0,0
BRDA:112,2,1,0
BRDA:114,3,0,0
BRDA:114,3,1,0
BRDA:121,4,0,0
BRDA:121,4,1,0
BRDA:133,5,0,1
BRDA:133,5,1,0
BRDA:134,6,0,1
BRDA:134,6,1,0
BRDA:134,6,2,0
BRDA:134,6,3,0
BRDA:134,6,4,0
BRDA:138,7,0,0
BRDA:138,7,1,1
BRDA:152,8,0,0
BRDA:152,8,1,0
BRDA:198,9,0,0
BRDA:198,9,1,0
BRDA:198,9,2,0
BRDA:198,9,3,0
BRDA:202,10,0,0
BRDA:202,10,1,0
BRDA:211,11,0,0
BRDA:211,11,1,0
BRDA:240,12,0,0
BRDA:240,12,1,1
BRDA:241,13,0,0
BRDA:241,13,1,1
BRDA:252,14,0,1
BRDA:252,14,1,0
BRDA:252,14,2,0
BRDA:255,15,0,0
BRDA:255,15,1,0
BRDA:262,16,0,1
BRDA:262,16,1,0
BRDA:262,16,2,0
BRDA:265,17,0,0
BRDA:265,17,1,0
BRF:42
BRH:8
end_of_record
TN:
SF:src\kpDraggableList\KpDraggableList.stories.ts
FNF:0
FNH:0
DA:4,0
DA:14,0
LF:2
LH:0
BRF:0
BRH:0
end_of_record
TN:
SF:src\kpDraggableList\KpDraggableList.tsx
FN:38,(anonymous_0)
FN:46,(anonymous_1)
FN:59,(anonymous_2)
FN:68,(anonymous_3)
FN:75,(anonymous_4)
FN:109,(anonymous_5)
FN:120,dragMove
FN:132,(anonymous_7)
FN:160,(anonymous_8)
FN:163,(anonymous_9)
FN:175,dragEnd
FN:184,(anonymous_11)
FN:191,(anonymous_12)
FN:203,(anonymous_13)
FN:209,generateListItemClassName
FN:230,(anonymous_15)
FN:235,(anonymous_16)
FN:251,(anonymous_17)
FN:256,(anonymous_18)
FNF:19
FNH:0
FNDA:0,(anonymous_0)
FNDA:0,(anonymous_1)
FNDA:0,(anonymous_2)
FNDA:0,(anonymous_3)
FNDA:0,(anonymous_4)
FNDA:0,(anonymous_5)
FNDA:0,dragMove
FNDA:0,(anonymous_7)
FNDA:0,(anonymous_8)
FNDA:0,(anonymous_9)
FNDA:0,dragEnd
FNDA:0,(anonymous_11)
FNDA:0,(anonymous_12)
FNDA:0,(anonymous_13)
FNDA:0,generateListItemClassName
FNDA:0,(anonymous_15)
FNDA:0,(anonymous_16)
FNDA:0,(anonymous_17)
FNDA:0,(anonymous_18)
DA:38,0
DA:45,0
DA:46,0
DA:49,0
DA:51,0
DA:52,0
DA:53,0
DA:54,0
DA:55,0
DA:58,0
DA:59,0
DA:60,0
DA:61,0
DA:62,0
DA:63,0
DA:65,0
DA:68,0
DA:69,0
DA:70,0
DA:72,0
DA:73,0
DA:74,0
DA:75,0
DA:76,0
DA:80,0
DA:83,0
DA:87,0
DA:90,0
DA:91,0
DA:92,0
DA:93,0
DA:94,0
DA:95,0
DA:96,0
DA:98,0
DA:100,0
DA:101,0
DA:102,0
DA:103,0
DA:107,0
DA:109,0
DA:110,0
DA:114,0
DA:115,0
DA:118,0
DA:124,0
DA:125,0
DA:128,0
DA:129,0
DA:132,0
DA:134,0
DA:135,0
DA:138,0
DA:140,0
DA:141,0
DA:144,0
DA:145,0
DA:146,0
DA:147,0
DA:149,0
DA:150,0
DA:151,0
DA:152,0
DA:154,0
DA:155,0
DA:159,0
DA:160,0
DA:162,0
DA:163,0
DA:172,0
DA:176,0
DA:177,0
DA:178,0
DA:179,0
DA:180,0
DA:181,0
DA:182,0
DA:184,0
DA:185,0
DA:186,0
DA:187,0
DA:191,0
DA:194,0
DA:195,0
DA:196,0
DA:199,0
DA:200,0
DA:203,0
DA:204,0
DA:205,0
DA:206,0
DA:207,0
DA:210,0
DA:211,0
DA:212,0
DA:215,0
DA:216,0
DA:219,0
DA:221,0
DA:232,0
DA:235,0
DA:251,0
DA:256,0
LF:103
LH:0
BRDA:61,0,0,0
BRDA:61,0,1,0
BRDA:69,1,0,0
BRDA:69,1,1,0
BRDA:94,2,0,0
BRDA:94,2,1,0
BRDA:138,3,0,0
BRDA:138,3,1,0
BRDA:144,4,0,0
BRDA:144,4,1,0
BRDA:146,5,0,0
BRDA:146,5,1,0
BRDA:149,6,0,0
BRDA:149,6,1,0
BRDA:150,7,0,0
BRDA:150,7,1,0
BRDA:185,8,0,0
BRDA:185,8,1,0
BRDA:194,9,0,0
BRDA:194,9,1,0
BRDA:195,10,0,0
BRDA:195,10,1,0
BRDA:199,11,0,0
BRDA:199,11,1,0
BRDA:211,12,0,0
BRDA:211,12,1,0
BRDA:215,13,0,0
BRDA:215,13,1,0
BRDA:215,14,0,0
BRDA:215,14,1,0
BRDA:215,14,2,0
BRDA:226,15,0,0
BRDA:226,15,1,0
BRDA:232,16,0,0
BRDA:232,16,1,0
BRDA:247,17,0,0
BRDA:247,17,1,0
BRDA:248,18,0,0
BRDA:248,18,1,0
BRF:39
BRH:0
end_of_record
TN:
SF:src\kpFilter\KpFilter.stories.ts
FNF:0
FNH:0
DA:4,0
DA:30,0
LF:2
LH:0
BRF:0
BRH:0
end_of_record
TN:
SF:src\kpFilter\KpFilter.tsx
FN:34,(anonymous_0)
FN:81,(anonymous_1)
FN:91,(anonymous_2)
FN:116,(anonymous_3)
FN:134,(anonymous_4)
FNF:5
FNH:0
FNDA:0,(anonymous_0)
FNDA:0,(anonymous_1)
FNDA:0,(anonymous_2)
FNDA:0,(anonymous_3)
FNDA:0,(anonymous_4)
DA:34,0
DA:39,0
DA:40,0
DA:57,0
DA:64,0
DA:69,0
DA:77,0
DA:82,0
DA:92,0
LF:9
LH:0
BRDA:79,0,0,0
BRDA:79,0,1,0
BRDA:79,0,2,0
BRDA:89,1,0,0
BRDA:89,1,1,0
BRDA:89,1,2,0
BRDA:98,2,0,0
BRDA:98,2,1,0
BRDA:98,2,2,0
BRF:9
BRH:0
end_of_record
TN:
SF:src\kpFilter\selectBox.tsx
FN:13,(anonymous_0)
FN:31,(anonymous_1)
FN:40,(anonymous_2)
FN:44,(anonymous_3)
FNF:4
FNH:0
FNDA:0,(anonymous_0)
FNDA:0,(anonymous_1)
FNDA:0,(anonymous_2)
FNDA:0,(anonymous_3)
DA:13,0
DA:14,0
DA:15,0
DA:31,0
DA:32,0
DA:34,0
DA:40,0
DA:45,0
LF:8
LH:0
BRDA:42,0,0,0
BRDA:42,0,1,0
BRDA:42,0,2,0
BRF:3
BRH:0
end_of_record
TN:
SF:src\kpFormInput\KpFormInput.stories.ts
FN:33,(anonymous_0)
FN:37,(anonymous_1)
FNF:2
FNH:0
FNDA:0,(anonymous_0)
FNDA:0,(anonymous_1)
DA:5,0
DA:21,0
DA:37,0
LF:3
LH:0
BRF:0
BRH:0
end_of_record
TN:
SF:src\kpFormInput\KpFromInput.tsx
FN:92,(anonymous_0)
FN:119,(anonymous_1)
FN:123,(anonymous_2)
FN:132,useOutsideAlerter
FN:133,(anonymous_4)
FN:134,handleClickOutside
FN:140,(anonymous_6)
FN:178,(anonymous_7)
FN:182,(anonymous_8)
FN:205,(anonymous_9)
FN:209,(anonymous_10)
FNF:11
FNH:5
FNDA:1,(anonymous_0)
FNDA:0,(anonymous_1)
FNDA:1,(anonymous_2)
FNDA:1,useOutsideAlerter
FNDA:1,(anonymous_4)
FNDA:0,handleClickOutside
FNDA:1,(anonymous_6)
FNDA:0,(anonymous_7)
FNDA:0,(anonymous_8)
FNDA:0,(anonymous_9)
FNDA:0,(anonymous_10)
DA:29,1
DA:37,1
DA:56,1
DA:60,1
DA:65,1
DA:71,1
DA:77,1
DA:84,1
DA:92,1
DA:114,1
DA:115,1
DA:116,1
DA:119,1
DA:120,0
DA:121,0
DA:123,1
DA:124,1
DA:125,0
DA:126,0
DA:128,1
DA:133,1
DA:135,0
DA:136,0
DA:139,1
DA:140,1
DA:141,1
DA:146,1
DA:148,1
DA:149,1
DA:151,1
DA:178,0
DA:182,0
DA:205,0
DA:209,0
LF:34
LH:24
BRDA:96,0,0,0
BRDA:111,1,0,1
BRDA:117,2,0,1
BRDA:117,2,1,0
BRDA:124,3,0,0
BRDA:124,3,1,1
BRDA:126,4,0,0
BRDA:126,4,1,0
BRDA:128,5,0,1
BRDA:128,5,1,1
BRDA:135,6,0,0
BRDA:135,6,1,0
BRDA:135,7,0,0
BRDA:135,7,1,0
BRDA:146,8,0,0
BRDA:146,8,1,1
BRDA:146,9,0,0
BRDA:146,9,1,1
BRDA:153,10,0,1
BRDA:153,10,1,1
BRDA:156,11,0,1
BRDA:156,11,1,0
BRDA:158,12,0,0
BRDA:158,12,1,1
BRDA:162,13,0,0
BRDA:162,13,1,0
BRDA:169,14,0,0
BRDA:169,14,1,1
BRDA:175,15,0,0
BRDA:175,15,1,0
BRDA:188,16,0,0
BRDA:188,16,1,0
BRDA:189,17,0,0
BRDA:189,17,1,0
BRDA:193,18,0,0
BRDA:193,18,1,0
BRDA:193,18,2,0
BRDA:202,19,0,0
BRDA:202,19,1,1
BRDA:216,20,0,1
BRDA:216,20,1,1
BRDA:217,21,0,1
BRDA:217,21,1,1
BRDA:221,22,0,1
BRDA:221,22,1,0
BRDA:221,22,2,0
BRDA:229,23,0,1
BRDA:229,23,1,1
BRDA:232,24,0,1
BRDA:232,24,1,1
BRF:50
BRH:22
end_of_record
TN:
SF:src\kpFormSelect\KpFormSelect.stories.ts
FN:25,(anonymous_0)
FNF:1
FNH:0
FNDA:0,(anonymous_0)
DA:5,0
DA:15,0
LF:2
LH:0
BRF:0
BRH:0
end_of_record
TN:
SF:src\kpFormSelect\KpFormSelect.tsx
FN:80,getStyles
FN:89,(anonymous_1)
FN:113,(anonymous_2)
FN:116,(anonymous_3)
FN:116,(anonymous_4)
FN:119,(anonymous_5)
FN:128,(anonymous_6)
FN:132,(anonymous_7)
FN:138,useOutsideAlerter
FN:139,(anonymous_9)
FN:140,handleClickOutside
FN:146,(anonymous_11)
FN:174,(anonymous_12)
FN:179,(anonymous_13)
FN:201,(anonymous_14)
FN:206,(anonymous_15)
FN:209,(anonymous_16)
FNF:17
FNH:8
FNDA:0,getStyles
FNDA:3,(anonymous_1)
FNDA:0,(anonymous_2)
FNDA:1,(anonymous_3)
FNDA:0,(anonymous_4)
FNDA:0,(anonymous_5)
FNDA:1,(anonymous_6)
FNDA:1,(anonymous_7)
FNDA:3,useOutsideAlerter
FNDA:1,(anonymous_9)
FNDA:0,handleClickOutside
FNDA:1,(anonymous_11)
FNDA:0,(anonymous_12)
FNDA:6,(anonymous_13)
FNDA:0,(anonymous_14)
FNDA:0,(anonymous_15)
FNDA:0,(anonymous_16)
DA:24,1
DA:27,1
DA:44,1
DA:49,1
DA:56,1
DA:63,1
DA:69,1
DA:74,1
DA:81,0
DA:89,1
DA:106,3
DA:107,3
DA:108,3
DA:109,3
DA:110,3
DA:111,3
DA:113,3
DA:115,3
DA:116,1
DA:119,3
DA:122,0
DA:123,0
DA:128,3
DA:129,1
DA:132,3
DA:133,1
DA:134,1
DA:139,3
DA:141,0
DA:142,0
DA:145,1
DA:146,1
DA:147,1
DA:151,3
DA:153,3
DA:174,0
DA:180,6
DA:181,0
DA:183,2
DA:202,0
DA:203,0
DA:206,0
DA:210,0
LF:43
LH:32
BRDA:83,0,0,0
BRDA:83,0,1,0
BRDA:103,1,0,0
BRDA:104,2,0,0
BRDA:107,3,0,0
BRDA:107,3,1,3
BRDA:107,4,0,0
BRDA:107,4,1,3
BRDA:124,5,0,0
BRDA:124,5,1,0
BRDA:133,6,0,1
BRDA:133,6,1,0
BRDA:133,7,0,1
BRDA:133,7,1,1
BRDA:134,8,0,0
BRDA:134,8,1,1
BRDA:141,9,0,0
BRDA:141,9,1,0
BRDA:141,10,0,0
BRDA:141,10,1,0
BRDA:155,11,0,3
BRDA:155,11,1,3
BRDA:158,12,0,3
BRDA:158,12,1,0
BRDA:160,13,0,0
BRDA:160,13,1,3
BRDA:164,14,0,0
BRDA:164,14,1,0
BRDA:173,15,0,0
BRDA:173,15,1,3
BRDA:180,16,0,0
BRDA:180,16,1,2
BRDA:188,17,0,3
BRDA:188,17,1,0
BRDA:202,18,0,0
BRDA:202,18,1,0
BRDA:221,19,0,3
BRDA:221,19,1,3
BRF:38
BRH:15
end_of_record
TN:
SF:src\kpHeader\KpHeader.stories.ts
FN:58,(anonymous_0)
FN:59,(anonymous_1)
FN:60,(anonymous_2)
FN:63,(anonymous_3)
FNF:4
FNH:0
FNDA:0,(anonymous_0)
FNDA:0,(anonymous_1)
FNDA:0,(anonymous_2)
FNDA:0,(anonymous_3)
DA:5,0
DA:14,0
DA:38,0
DA:58,0
DA:59,0
DA:60,0
DA:63,0
LF:7
LH:0
BRF:0
BRH:0
end_of_record
TN:
SF:src\kpHeader\KpHeader.tsx
FN:216,(anonymous_0)
FN:225,(anonymous_1)
FN:234,(anonymous_2)
FN:246,(anonymous_3)
FN:250,(anonymous_4)
FN:252,(anonymous_5)
FN:257,(anonymous_6)
FN:263,(anonymous_7)
FN:292,(anonymous_8)
FN:332,(anonymous_9)
FN:335,(anonymous_10)
FN:338,(anonymous_11)
FN:341,(anonymous_12)
FN:345,(anonymous_13)
FN:347,(anonymous_14)
FN:364,(anonymous_15)
FN:393,(anonymous_16)
FN:441,(anonymous_17)
FNF:18
FNH:10
FNDA:1,(anonymous_0)
FNDA:1,(anonymous_1)
FNDA:2,(anonymous_2)
FNDA:0,(anonymous_3)
FNDA:2,(anonymous_4)
FNDA:2,(anonymous_5)
FNDA:0,(anonymous_6)
FNDA:2,(anonymous_7)
FNDA:1,(anonymous_8)
FNDA:0,(anonymous_9)
FNDA:0,(anonymous_10)
FNDA:0,(anonymous_11)
FNDA:0,(anonymous_12)
FNDA:1,(anonymous_13)
FNDA:1,(anonymous_14)
FNDA:0,(anonymous_15)
FNDA:4,(anonymous_16)
FNDA:0,(anonymous_17)
DA:54,1
DA:67,1
DA:73,1
DA:80,1
DA:85,1
DA:94,1
DA:101,1
DA:110,1
DA:115,1
DA:123,1
DA:131,1
DA:137,1
DA:145,1
DA:152,1
DA:157,1
DA:163,1
DA:169,1
DA:175,1
DA:180,1
DA:188,1
DA:197,1
DA:203,1
DA:214,1
DA:216,1
DA:217,1
DA:225,1
DA:226,1
DA:234,1
DA:244,2
DA:245,2
DA:246,2
DA:247,0
DA:250,2
DA:251,2
DA:252,2
DA:253,2
DA:257,2
DA:258,0
DA:259,0
DA:263,2
DA:264,2
DA:267,2
DA:292,1
DA:321,1
DA:322,1
DA:323,1
DA:324,1
DA:326,1
DA:329,1
DA:332,1
DA:333,0
DA:335,1
DA:336,0
DA:338,1
DA:339,0
DA:341,1
DA:342,0
DA:343,0
DA:345,1
DA:346,1
DA:347,1
DA:348,1
DA:351,1
DA:354,1
DA:364,0
DA:394,4
DA:441,0
LF:67
LH:57
BRDA:258,0,0,0
BRDA:258,0,1,0
BRDA:258,1,0,0
BRDA:258,1,1,0
BRDA:273,2,0,0
BRDA:273,2,1,2
BRDA:279,3,0,2
BRDA:279,3,1,0
BRDA:321,4,0,1
BRDA:321,4,1,0
BRDA:322,5,0,1
BRDA:322,5,1,1
BRDA:346,6,0,1
BRDA:346,6,1,0
BRDA:352,7,0,1
BRDA:352,7,1,0
BRDA:358,8,0,1
BRDA:358,8,1,0
BRDA:362,9,0,1
BRDA:362,9,1,1
BRDA:364,10,0,0
BRDA:364,10,1,1
BRDA:388,11,0,0
BRDA:388,11,1,1
BRDA:396,12,0,1
BRDA:396,12,1,3
BRDA:405,13,0,1
BRDA:405,13,1,0
BRDA:408,14,0,0
BRDA:408,14,1,0
BRDA:417,15,0,0
BRDA:417,15,1,0
BRDA:424,16,0,0
BRDA:424,16,1,0
BRDA:427,17,0,0
BRDA:427,17,1,0
BRDA:441,18,0,0
BRDA:441,18,1,1
BRDA:443,19,0,0
BRDA:443,19,1,1
BRDA:444,20,0,0
BRDA:444,20,1,1
BRF:42
BRH:18
end_of_record
TN:
SF:src\kpIcons\KpIcon.tsx
FN:219,(anonymous_0)
FN:226,(anonymous_1)
FN:252,(anonymous_2)
FNF:3
FNH:3
FNDA:4,(anonymous_0)
FNDA:3,(anonymous_1)
FNDA:4,(anonymous_2)
DA:219,6
DA:226,4
DA:227,3
DA:228,0
DA:234,3
DA:235,0
DA:243,3
DA:252,4
DA:253,4
DA:255,4
DA:256,3
DA:258,0
DA:260,0
DA:262,0
DA:264,0
DA:266,0
DA:268,0
DA:270,0
DA:272,0
DA:274,0
DA:276,0
DA:278,0
DA:280,0
DA:282,0
DA:284,0
DA:286,0
DA:290,0
DA:294,0
DA:296,0
DA:298,0
DA:300,0
DA:302,0
DA:309,0
DA:316,2
DA:320,0
DA:327,1
DA:331,0
DA:338,0
DA:342,0
DA:344,0
DA:346,0
DA:350,0
DA:352,0
DA:356,0
DA:358,0
DA:360,0
DA:362,0
DA:364,0
DA:366,0
DA:373,0
DA:380,0
DA:384,0
DA:386,0
DA:390,0
DA:392,0
DA:394,0
DA:396,0
DA:398,0
DA:402,0
DA:409,0
DA:413,0
DA:415,0
DA:417,0
DA:419,0
DA:421,0
DA:423,0
DA:426,1
DA:428,0
DA:430,0
DA:432,0
DA:434,0
DA:436,0
DA:438,0
DA:440,0
DA:442,0
DA:444,0
DA:446,0
DA:448,0
DA:450,0
DA:452,0
DA:454,0
DA:456,0
DA:458,0
DA:460,0
DA:462,0
DA:464,0
DA:466,0
DA:468,0
DA:470,0
DA:472,0
DA:474,0
DA:476,0
DA:478,0
DA:480,0
DA:482,0
DA:484,0
DA:486,0
DA:488,0
DA:490,0
DA:492,0
DA:496,4
LF:101
LH:13
BRDA:227,0,0,0
BRDA:227,0,1,3
BRDA:229,1,0,0
BRDA:229,1,1,0
BRDA:234,2,0,0
BRDA:234,2,1,3
BRDA:236,3,0,0
BRDA:236,3,1,0
BRDA:244,4,0,3
BRDA:244,4,1,2
BRDA:253,5,0,0
BRDA:253,5,1,4
BRDA:253,6,0,4
BRDA:253,6,1,0
BRDA:255,7,0,3
BRDA:255,7,1,1
BRDA:256,8,0,0
BRDA:256,8,1,0
BRDA:256,8,2,0
BRDA:256,8,3,0
BRDA:256,8,4,0
BRDA:256,8,5,0
BRDA:256,8,6,0
BRDA:256,8,7,0
BRDA:256,8,8,0
BRDA:256,8,9,0
BRDA:256,8,10,0
BRDA:256,8,11,0
BRDA:256,8,12,0
BRDA:256,8,13,0
BRDA:256,8,14,0
BRDA:256,8,15,0
BRDA:256,8,16,0
BRDA:256,8,17,0
BRDA:256,8,18,0
BRDA:256,8,19,0
BRDA:256,8,20,0
BRDA:256,8,21,0
BRDA:256,8,22,2
BRDA:256,8,23,0
BRDA:256,8,24,1
BRDA:256,8,25,0
BRDA:256,8,26,0
BRDA:256,8,27,0
BRDA:256,8,28,0
BRDA:256,8,29,0
BRDA:256,8,30,0
BRDA:256,8,31,0
BRDA:256,8,32,0
BRDA:256,8,33,0
BRDA:256,8,34,0
BRDA:256,8,35,0
BRDA:256,8,36,0
BRDA:256,8,37,0
BRDA:256,8,38,0
BRDA:256,8,39,0
BRDA:256,8,40,0
BRDA:256,8,41,0
BRDA:256,8,42,0
BRDA:256,8,43,0
BRDA:256,8,44,0
BRDA:256,8,45,0
BRDA:256,8,46,0
BRDA:256,8,47,0
BRDA:256,8,48,0
BRDA:256,8,49,0
BRDA:256,8,50,0
BRDA:256,8,51,0
BRDA:256,8,52,0
BRDA:256,8,53,0
BRDA:256,8,54,0
BRDA:426,9,0,0
BRDA:426,9,1,0
BRDA:426,9,2,0
BRDA:426,9,3,0
BRDA:426,9,4,0
BRDA:426,9,5,0
BRDA:426,9,6,0
BRDA:426,9,7,0
BRDA:426,9,8,0
BRDA:426,9,9,0
BRDA:426,9,10,0
BRDA:426,9,11,0
BRDA:426,9,12,0
BRDA:426,9,13,0
BRDA:426,9,14,0
BRDA:426,9,15,0
BRDA:426,9,16,0
BRDA:426,9,17,0
BRDA:426,9,18,0
BRDA:426,9,19,0
BRDA:426,9,20,0
BRDA:426,9,21,0
BRDA:426,9,22,0
BRDA:426,9,23,0
BRDA:426,9,24,0
BRDA:426,9,25,0
BRDA:426,9,26,0
BRDA:426,9,27,0
BRDA:426,9,28,0
BRDA:426,9,29,0
BRDA:426,9,30,0
BRDA:426,9,31,0
BRDA:426,9,32,0
BRF:104
BRH:10
end_of_record
TN:
SF:src\kpIcons\KpIcons.stories.ts
FNF:0
FNH:0
DA:6,0
DA:108,0
DA:127,0
DA:131,0
LF:4
LH:0
BRDA:127,0,0,0
BRDA:127,0,1,0
BRF:2
BRH:0
end_of_record
TN:
SF:src\kpLabel\kpLabel.stories.ts
FNF:0
FNH:0
DA:8,0
DA:102,0
LF:2
LH:0
BRF:0
BRH:0
end_of_record
TN:
SF:src\kpLabel\kpLabel.tsx
FN:62,(anonymous_0)
FN:72,(anonymous_1)
FN:86,(anonymous_2)
FNF:3
FNH:3
FNDA:1,(anonymous_0)
FNDA:1,(anonymous_1)
FNDA:1,(anonymous_2)
DA:62,1
DA:72,1
DA:73,1
DA:74,1
DA:75,0
DA:76,0
DA:77,0
DA:78,0
DA:80,0
DA:84,1
DA:86,1
DA:87,1
DA:88,1
DA:90,1
DA:91,1
DA:99,0
DA:100,0
DA:110,0
DA:111,0
DA:121,0
DA:122,0
DA:124,0
DA:132,0
DA:141,0
DA:142,0
DA:152,0
DA:153,0
DA:155,0
DA:163,0
DA:164,0
DA:174,0
DA:175,0
DA:185,0
DA:186,0
DA:188,0
DA:189,0
DA:197,0
DA:198,0
DA:208,0
DA:209,0
DA:220,0
DA:221,0
DA:223,0
DA:224,0
DA:232,0
DA:233,0
DA:243,0
DA:244,0
DA:255,0
DA:256,0
DA:258,0
DA:259,0
DA:267,0
DA:268,0
DA:278,0
DA:279,0
DA:290,0
DA:291,0
DA:293,0
DA:294,0
DA:302,0
DA:303,0
DA:313,0
DA:314,0
DA:327,1
DA:352,1
LF:66
LH:12
BRDA:63,0,0,1
BRDA:64,1,0,1
BRDA:73,2,0,1
BRDA:73,2,1,0
BRDA:75,3,0,0
BRDA:75,3,1,0
BRDA:77,4,0,0
BRDA:77,4,1,0
BRDA:87,5,0,1
BRDA:87,5,1,0
BRDA:88,6,0,1
BRDA:88,6,1,0
BRDA:88,6,2,0
BRDA:121,7,0,0
BRDA:121,7,1,0
BRDA:122,8,0,0
BRDA:122,8,1,0
BRDA:122,8,2,0
BRDA:152,9,0,0
BRDA:152,9,1,0
BRDA:153,10,0,0
BRDA:153,10,1,0
BRDA:153,10,2,0
BRDA:185,11,0,0
BRDA:185,11,1,0
BRDA:186,12,0,0
BRDA:186,12,1,0
BRDA:186,12,2,0
BRDA:220,13,0,0
BRDA:220,13,1,0
BRDA:221,14,0,0
BRDA:221,14,1,0
BRDA:221,14,2,0
BRDA:255,15,0,0
BRDA:255,15,1,0
BRDA:256,16,0,0
BRDA:256,16,1,0
BRDA:256,16,2,0
BRDA:290,17,0,0
BRDA:290,17,1,0
BRDA:291,18,0,0
BRDA:291,18,1,0
BRDA:291,18,2,0
BRDA:358,19,0,0
BRDA:358,19,1,1
BRF:45
BRH:6
end_of_record
TN:
SF:src\kpLogo\KpLogo.stories.ts
FNF:0
FNH:0
DA:6,0
DA:16,0
LF:2
LH:0
BRF:0
BRH:0
end_of_record
TN:
SF:src\kpLogo\KpLogo.tsx
FN:11,(anonymous_0)
FN:24,(anonymous_1)
FN:103,(anonymous_2)
FNF:3
FNH:2
FNDA:2,(anonymous_0)
FNDA:2,(anonymous_1)
FNDA:0,(anonymous_2)
DA:11,2
DA:18,2
DA:24,2
DA:25,2
DA:103,2
DA:104,0
DA:183,2
LF:7
LH:6
BRDA:13,0,0,1
BRDA:14,1,0,1
BRDA:185,2,0,2
BRDA:185,2,1,0
BRDA:185,3,0,2
BRDA:185,3,1,2
BRF:6
BRH:5
end_of_record
TN:
SF:src\kpModal\KpModal.stories.ts
FNF:0
FNH:0
DA:7,0
DA:19,0
LF:2
LH:0
BRF:0
BRH:0
end_of_record
TN:
SF:src\kpModal\KpModal.tsx
FN:161,(anonymous_0)
FN:164,(anonymous_1)
FN:167,(anonymous_2)
FN:170,(anonymous_3)
FN:199,(anonymous_4)
FN:233,(anonymous_5)
FN:237,(anonymous_6)
FN:239,(anonymous_7)
FN:245,(anonymous_8)
FN:250,(anonymous_9)
FN:265,(anonymous_10)
FN:282,(anonymous_11)
FNF:12
FNH:0
FNDA:0,(anonymous_0)
FNDA:0,(anonymous_1)
FNDA:0,(anonymous_2)
FNDA:0,(anonymous_3)
FNDA:0,(anonymous_4)
FNDA:0,(anonymous_5)
FNDA:0,(anonymous_6)
FNDA:0,(anonymous_7)
FNDA:0,(anonymous_8)
FNDA:0,(anonymous_9)
FNDA:0,(anonymous_10)
FNDA:0,(anonymous_11)
DA:145,0
DA:161,0
DA:162,0
DA:164,0
DA:165,0
DA:167,0
DA:168,0
DA:170,0
DA:171,0
DA:199,0
DA:231,0
DA:233,0
DA:234,0
DA:237,0
DA:239,0
DA:240,0
DA:241,0
DA:245,0
DA:246,0
DA:247,0
DA:250,0
DA:251,0
DA:252,0
DA:253,0
DA:256,0
DA:266,0
DA:273,0
DA:283,0
DA:290,0
LF:29
LH:0
BRDA:224,0,0,0
BRDA:226,1,0,0
BRDA:234,2,0,0
BRDA:234,2,1,0
BRDA:241,3,0,0
BRDA:241,3,1,0
BRDA:247,4,0,0
BRDA:247,4,1,0
BRDA:251,5,0,0
BRDA:251,5,1,0
BRDA:251,6,0,0
BRDA:251,6,1,0
BRDA:251,6,2,0
BRDA:306,7,0,0
BRDA:306,7,1,0
BRDA:319,8,0,0
BRDA:319,8,1,0
BRDA:332,9,0,0
BRDA:332,9,1,0
BRF:19
BRH:0
end_of_record
TN:
SF:src\kpOverview\KpOverview.stories.ts
FN:104,(anonymous_0)
FNF:1
FNH:0
FNDA:0,(anonymous_0)
DA:6,0
DA:93,0
DA:104,0
LF:3
LH:0
BRF:0
BRH:0
end_of_record
TN:
SF:src\kpOverview\KpOverview.tsx
FN:97,(anonymous_0)
FN:116,(anonymous_1)
FN:133,(anonymous_2)
FN:143,(anonymous_3)
FN:150,(anonymous_4)
FN:164,(anonymous_5)
FNF:6
FNH:1
FNDA:1,(anonymous_0)
FNDA:0,(anonymous_1)
FNDA:0,(anonymous_2)
FNDA:0,(anonymous_3)
FNDA:0,(anonymous_4)
FNDA:0,(anonymous_5)
DA:23,1
DA:31,1
DA:43,1
DA:54,1
DA:65,1
DA:76,1
DA:81,1
DA:87,1
DA:97,1
DA:114,1
DA:115,1
DA:116,1
DA:117,0
DA:118,0
DA:121,1
DA:133,0
DA:143,0
DA:150,0
DA:164,0
LF:19
LH:13
BRDA:109,0,0,1
BRDA:117,1,0,0
BRDA:117,1,1,0
BRDA:124,2,0,1
BRDA:124,2,1,1
BRDA:132,3,0,1
BRDA:132,3,1,1
BRDA:136,4,0,1
BRDA:136,4,1,1
BRDA:138,5,0,1
BRDA:138,5,1,0
BRDA:140,6,0,1
BRDA:140,6,1,0
BRDA:163,7,0,1
BRDA:163,7,1,1
BRDA:163,7,2,1
BRF:16
BRH:12
end_of_record
TN:
SF:src\kpSidebar\KpSidebar.stories.tsx
FN:459,(anonymous_0)
FN:619,(anonymous_1)
FN:624,(anonymous_2)
FNF:3
FNH:0
FNDA:0,(anonymous_0)
FNDA:0,(anonymous_1)
FNDA:0,(anonymous_2)
DA:26,0
DA:69,0
DA:100,0
DA:186,0
DA:222,0
DA:256,0
DA:314,0
DA:350,0
DA:386,0
DA:440,0
DA:449,0
DA:459,0
DA:460,0
DA:462,0
DA:463,0
DA:464,0
DA:466,0
DA:467,0
DA:468,0
DA:470,0
DA:471,0
DA:472,0
DA:473,0
DA:474,0
DA:476,0
DA:477,0
DA:478,0
DA:479,0
DA:481,0
DA:482,0
DA:486,0
DA:487,0
DA:488,0
DA:489,0
DA:490,0
DA:492,0
DA:493,0
DA:494,0
DA:495,0
DA:496,0
DA:497,0
DA:499,0
DA:500,0
DA:501,0
DA:502,0
DA:503,0
DA:505,0
DA:506,0
DA:507,0
DA:508,0
DA:510,0
DA:511,0
DA:513,0
DA:514,0
DA:515,0
DA:516,0
DA:517,0
DA:519,0
DA:520,0
DA:521,0
DA:522,0
DA:524,0
DA:525,0
DA:527,0
DA:528,0
DA:529,0
DA:531,0
DA:532,0
DA:534,0
DA:535,0
DA:537,0
DA:538,0
DA:539,0
DA:541,0
DA:542,0
DA:544,0
DA:545,0
DA:547,0
DA:550,0
DA:551,0
DA:553,0
DA:554,0
DA:555,0
DA:556,0
DA:558,0
DA:561,0
DA:562,0
DA:564,0
DA:565,0
DA:567,0
DA:568,0
DA:570,0
DA:571,0
DA:572,0
DA:573,0
DA:574,0
DA:575,0
DA:576,0
DA:578,0
DA:579,0
DA:580,0
DA:581,0
DA:582,0
DA:583,0
DA:584,0
DA:586,0
DA:587,0
DA:588,0
DA:589,0
DA:590,0
DA:591,0
DA:592,0
DA:594,0
DA:595,0
DA:596,0
DA:597,0
DA:598,0
DA:599,0
DA:600,0
DA:605,0
DA:620,0
DA:625,0
LF:122
LH:0
BRDA:460,0,0,0
BRDA:460,0,1,0
BRDA:460,0,2,0
BRDA:460,0,3,0
BRDA:460,0,4,0
BRDA:460,0,5,0
BRDA:460,0,6,0
BRDA:460,0,7,0
BRDA:460,0,8,0
BRDA:460,0,9,0
BRDA:460,0,10,0
BRDA:460,0,11,0
BRDA:460,0,12,0
BRDA:460,0,13,0
BRDA:460,0,14,0
BRDA:460,0,15,0
BRF:16
BRH:0
end_of_record
TN:
SF:src\kpSidebar\KpSidebar.tsx
FN:136,(anonymous_0)
FN:162,(anonymous_1)
FN:165,(anonymous_2)
FN:166,(anonymous_3)
FN:174,(anonymous_4)
FN:180,(anonymous_5)
FN:183,(anonymous_6)
FN:191,(anonymous_7)
FN:196,(anonymous_8)
FN:207,(anonymous_9)
FN:210,(anonymous_10)
FN:216,(anonymous_11)
FN:217,(anonymous_12)
FN:232,(anonymous_13)
FN:239,(anonymous_14)
FN:252,(anonymous_15)
FN:257,(anonymous_16)
FN:273,(anonymous_17)
FN:303,(anonymous_18)
FN:380,(anonymous_19)
FN:448,(anonymous_20)
FN:470,(anonymous_21)
FN:480,(anonymous_22)
FN:538,(anonymous_23)
FN:543,(anonymous_24)
FN:550,(anonymous_25)
FN:724,(anonymous_26)
FN:784,(anonymous_27)
FNF:28
FNH:1
FNDA:4,(anonymous_0)
FNDA:0,(anonymous_1)
FNDA:0,(anonymous_2)
FNDA:0,(anonymous_3)
FNDA:0,(anonymous_4)
FNDA:0,(anonymous_5)
FNDA:0,(anonymous_6)
FNDA:0,(anonymous_7)
FNDA:0,(anonymous_8)
FNDA:0,(anonymous_9)
FNDA:0,(anonymous_10)
FNDA:0,(anonymous_11)
FNDA:0,(anonymous_12)
FNDA:0,(anonymous_13)
FNDA:0,(anonymous_14)
FNDA:0,(anonymous_15)
FNDA:0,(anonymous_16)
FNDA:0,(anonymous_17)
FNDA:0,(anonymous_18)
FNDA:0,(anonymous_19)
FNDA:0,(anonymous_20)
FNDA:0,(anonymous_21)
FNDA:0,(anonymous_22)
FNDA:0,(anonymous_23)
FNDA:0,(anonymous_24)
FNDA:0,(anonymous_25)
FNDA:0,(anonymous_26)
FNDA:0,(anonymous_27)
DA:136,1
DA:155,4
DA:156,4
DA:157,4
DA:158,4
DA:160,4
DA:161,4
DA:162,4
DA:163,0
DA:165,4
DA:166,0
DA:167,0
DA:171,4
DA:174,0
DA:178,0
DA:180,0
DA:182,0
DA:183,0
DA:184,0
DA:185,0
DA:188,0
DA:191,0
DA:192,0
DA:193,0
DA:196,0
DA:197,0
DA:198,0
DA:200,0
DA:201,0
DA:203,0
DA:204,0
DA:207,0
DA:208,0
DA:209,0
DA:210,0
DA:211,0
DA:212,0
DA:213,0
DA:216,0
DA:217,0
DA:218,0
DA:219,0
DA:223,0
DA:224,0
DA:226,0
DA:228,0
DA:232,0
DA:233,0
DA:239,0
DA:240,0
DA:241,0
DA:246,0
DA:252,0
DA:253,0
DA:254,0
DA:257,0
DA:258,0
DA:259,0
DA:261,0
DA:263,0
DA:274,0
DA:304,0
DA:381,0
DA:448,0
DA:449,0
DA:461,0
DA:470,0
DA:471,0
DA:472,0
DA:475,0
DA:476,0
DA:478,0
DA:480,0
DA:481,0
DA:539,0
DA:543,0
DA:551,0
DA:725,0
DA:790,0
DA:799,0
LF:80
LH:10
BRDA:145,0,0,4
BRDA:146,1,0,4
BRDA:178,2,0,0
BRDA:178,2,1,0
BRDA:179,3,0,0
BRDA:179,3,1,0
BRDA:185,4,0,0
BRDA:185,4,1,0
BRDA:193,5,0,0
BRDA:193,5,1,0
BRDA:197,6,0,0
BRDA:197,6,1,0
BRDA:204,7,0,0
BRDA:204,7,1,0
BRDA:208,8,0,0
BRDA:208,8,1,0
BRDA:209,9,0,0
BRDA:209,9,1,0
BRDA:223,10,0,0
BRDA:223,10,1,0
BRDA:234,11,0,0
BRDA:234,11,1,0
BRDA:240,12,0,0
BRDA:240,12,1,0
BRDA:254,13,0,0
BRDA:254,13,1,0
BRDA:258,14,0,0
BRDA:258,14,1,0
BRDA:261,15,0,0
BRDA:261,15,1,0
BRDA:265,16,0,0
BRDA:265,16,1,0
BRDA:269,17,0,0
BRDA:269,17,1,0
BRDA:269,18,0,0
BRDA:269,18,1,0
BRDA:272,19,0,0
BRDA:272,19,1,0
BRDA:281,20,0,0
BRDA:281,20,1,0
BRDA:286,21,0,0
BRDA:286,21,1,0
BRDA:286,22,0,0
BRDA:286,22,1,0
BRDA:286,22,2,0
BRDA:307,23,0,0
BRDA:307,23,1,0
BRDA:307,24,0,0
BRDA:307,24,1,0
BRDA:310,25,0,0
BRDA:310,25,1,0
BRDA:310,25,2,0
BRDA:314,26,0,0
BRDA:314,26,1,0
BRDA:319,27,0,0
BRDA:319,27,1,0
BRDA:324,28,0,0
BRDA:324,28,1,0
BRDA:324,28,2,0
BRDA:329,29,0,0
BRDA:329,29,1,0
BRDA:334,30,0,0
BRDA:334,30,1,0
BRDA:334,31,0,0
BRDA:334,31,1,0
BRDA:344,32,0,0
BRDA:344,32,1,0
BRDA:344,32,2,0
BRDA:347,33,0,0
BRDA:347,33,1,0
BRDA:350,34,0,0
BRDA:350,34,1,0
BRDA:350,35,0,0
BRDA:350,35,1,0
BRDA:353,36,0,0
BRDA:353,36,1,0
BRDA:361,37,0,0
BRDA:361,37,1,0
BRDA:365,38,0,0
BRDA:365,38,1,0
BRDA:376,39,0,0
BRDA:376,39,1,0
BRDA:388,40,0,0
BRDA:388,40,1,0
BRDA:401,41,0,0
BRDA:401,41,1,0
BRDA:405,42,0,0
BRDA:405,42,1,0
BRDA:409,43,0,0
BRDA:409,43,1,0
BRDA:423,44,0,0
BRDA:423,44,1,0
BRDA:423,45,0,0
BRDA:423,45,1,0
BRDA:452,46,0,0
BRDA:452,46,1,0
BRDA:454,47,0,0
BRDA:454,47,1,0
BRDA:463,48,0,0
BRDA:463,48,1,0
BRDA:464,49,0,0
BRDA:464,49,1,0
BRDA:464,50,0,0
BRDA:464,50,1,0
BRDA:465,51,0,0
BRDA:465,51,1,0
BRDA:465,52,0,0
BRDA:465,52,1,0
BRDA:465,53,0,0
BRDA:465,53,1,0
BRDA:472,54,0,0
BRDA:472,54,1,0
BRDA:475,55,0,0
BRDA:475,55,1,0
BRDA:478,56,0,0
BRDA:478,56,1,0
BRDA:482,57,0,0
BRDA:482,57,1,0
BRDA:521,58,0,0
BRDA:521,58,1,0
BRDA:523,59,0,0
BRDA:523,59,1,0
BRDA:523,59,2,0
BRDA:532,60,0,0
BRDA:532,60,1,0
BRDA:532,61,0,0
BRDA:532,61,1,0
BRDA:535,62,0,0
BRDA:535,62,1,0
BRDA:537,63,0,0
BRDA:537,63,1,0
BRDA:546,64,0,0
BRDA:546,64,1,0
BRDA:554,65,0,0
BRDA:554,65,1,0
BRDA:554,66,0,0
BRDA:554,66,1,0
BRDA:554,66,2,0
BRDA:574,67,0,0
BRDA:574,67,1,0
BRDA:574,68,0,0
BRDA:574,68,1,0
BRDA:577,69,0,0
BRDA:577,69,1,0
BRDA:579,70,0,0
BRDA:579,70,1,0
BRDA:581,71,0,0
BRDA:581,71,1,0
BRDA:581,72,0,0
BRDA:581,72,1,0
BRDA:581,72,2,0
BRDA:585,73,0,0
BRDA:585,73,1,0
BRDA:585,73,2,0
BRDA:585,73,3,0
BRDA:587,74,0,0
BRDA:587,74,1,0
BRDA:597,75,0,0
BRDA:597,75,1,0
BRDA:602,76,0,0
BRDA:602,76,1,0
BRDA:602,76,2,0
BRDA:606,77,0,0
BRDA:606,77,1,0
BRDA:606,78,0,0
BRDA:606,78,1,0
BRDA:610,79,0,0
BRDA:610,79,1,0
BRDA:610,79,2,0
BRDA:619,80,0,0
BRDA:619,80,1,0
BRDA:621,81,0,0
BRDA:621,81,1,0
BRDA:640,82,0,0
BRDA:640,82,1,0
BRDA:640,82,2,0
BRDA:644,83,0,0
BRDA:644,83,1,0
BRDA:644,84,0,0
BRDA:644,84,1,0
BRDA:644,84,2,0
BRDA:650,85,0,0
BRDA:650,85,1,0
BRDA:650,85,2,0
BRDA:650,85,3,0
BRDA:652,86,0,0
BRDA:652,86,1,0
BRDA:660,87,0,0
BRDA:660,87,1,0
BRDA:664,88,0,0
BRDA:664,88,1,0
BRDA:671,89,0,0
BRDA:671,89,1,0
BRDA:671,90,0,0
BRDA:671,90,1,0
BRDA:674,91,0,0
BRDA:674,91,1,0
BRDA:679,92,0,0
BRDA:679,92,1,0
BRDA:679,92,2,0
BRDA:683,93,0,0
BRDA:683,93,1,0
BRDA:683,94,0,0
BRDA:683,94,1,0
BRDA:687,95,0,0
BRDA:687,95,1,0
BRDA:689,96,0,0
BRDA:689,96,1,0
BRDA:702,97,0,0
BRDA:702,97,1,0
BRDA:702,97,2,0
BRDA:705,98,0,0
BRDA:705,98,1,0
BRDA:709,99,0,0
BRDA:709,99,1,0
BRDA:720,100,0,0
BRDA:720,100,1,0
BRDA:732,101,0,0
BRDA:732,101,1,0
BRDA:745,102,0,0
BRDA:745,102,1,0
BRDA:749,103,0,0
BRDA:749,103,1,0
BRDA:753,104,0,0
BRDA:753,104,1,0
BRDA:790,105,0,0
BRDA:790,105,1,0
BRDA:795,106,0,0
BRDA:795,106,1,0
BRDA:806,107,0,0
BRDA:806,107,1,0
BRF:231
BRH:2
end_of_record
TN:
SF:src\kpSidebar\KpSidebarMenu.tsx
FN:26,KpSidebarMenu
FN:39,(anonymous_1)
FN:43,(anonymous_2)
FN:47,(anonymous_3)
FN:59,(anonymous_4)
FN:70,(anonymous_5)
FNF:6
FNH:0
FNDA:0,KpSidebarMenu
FNDA:0,(anonymous_1)
FNDA:0,(anonymous_2)
FNDA:0,(anonymous_3)
FNDA:0,(anonymous_4)
FNDA:0,(anonymous_5)
DA:35,0
DA:36,0
DA:37,0
DA:39,0
DA:40,0
DA:43,0
DA:44,0
DA:47,0
DA:48,0
DA:51,0
DA:60,0
DA:70,0
LF:12
LH:0
BRDA:58,0,0,0
BRDA:58,0,1,0
BRDA:63,1,0,0
BRDA:63,1,1,0
BRDA:64,2,0,0
BRDA:64,2,1,0
BRDA:74,3,0,0
BRDA:74,3,1,0
BRDA:79,4,0,0
BRDA:79,4,1,0
BRDA:79,5,0,0
BRDA:79,5,1,0
BRDA:79,5,2,0
BRDA:91,6,0,0
BRDA:91,6,1,0
BRDA:99,7,0,0
BRDA:99,7,1,0
BRDA:99,8,0,0
BRDA:99,8,1,0
BRDA:108,9,0,0
BRDA:108,9,1,0
BRDA:108,10,0,0
BRDA:108,10,1,0
BRDA:112,11,0,0
BRDA:112,11,1,0
BRDA:112,12,0,0
BRDA:112,12,1,0
BRDA:116,13,0,0
BRDA:116,13,1,0
BRDA:116,14,0,0
BRDA:116,14,1,0
BRDA:116,14,2,0
BRDA:130,15,0,0
BRDA:130,15,1,0
BRDA:137,16,0,0
BRDA:137,16,1,0
BRDA:137,17,0,0
BRDA:137,17,1,0
BRDA:137,17,2,0
BRDA:147,18,0,0
BRDA:147,18,1,0
BRDA:147,18,2,0
BRF:42
BRH:0
end_of_record
TN:
SF:src\kpSnackbar\KpSnackbar.tsx
FN:54,(anonymous_0)
FN:74,(anonymous_1)
FN:121,(anonymous_2)
FN:136,(anonymous_3)
FN:136,(anonymous_4)
FN:140,(anonymous_5)
FN:153,(anonymous_6)
FN:160,(anonymous_7)
FNF:8
FNH:3
FNDA:2,(anonymous_0)
FNDA:4,(anonymous_1)
FNDA:1,(anonymous_2)
FNDA:0,(anonymous_3)
FNDA:0,(anonymous_4)
FNDA:0,(anonymous_5)
FNDA:0,(anonymous_6)
FNDA:0,(anonymous_7)
DA:54,1
DA:67,2
DA:68,2
DA:69,2
DA:70,2
DA:71,2
DA:74,2
DA:75,4
DA:76,4
DA:78,0
DA:80,0
DA:82,0
DA:84,4
DA:85,0
DA:89,2
DA:121,2
DA:122,1
DA:129,2
DA:134,2
DA:136,2
DA:137,0
DA:140,2
DA:141,0
DA:142,0
DA:145,2
DA:153,0
DA:160,0
LF:27
LH:18
BRDA:68,0,0,2
BRDA:68,0,1,0
BRDA:68,1,0,2
BRDA:68,1,1,2
BRDA:69,2,0,2
BRDA:69,2,1,0
BRDA:69,3,0,2
BRDA:69,3,1,2
BRDA:70,4,0,2
BRDA:70,4,1,0
BRDA:70,5,0,2
BRDA:70,5,1,2
BRDA:71,6,0,2
BRDA:71,6,1,0
BRDA:71,7,0,2
BRDA:71,7,1,2
BRDA:76,8,0,0
BRDA:76,8,1,0
BRDA:76,8,2,0
BRDA:76,8,3,4
BRDA:76,8,4,0
BRDA:124,9,0,1
BRDA:124,9,1,1
BRDA:125,10,0,1
BRDA:125,10,1,1
BRDA:142,11,0,0
BRDA:142,11,1,0
BRDA:147,12,0,2
BRDA:147,12,1,0
BRDA:148,13,0,2
BRDA:148,13,1,0
BRDA:151,14,0,2
BRDA:151,14,1,0
BRDA:154,15,0,2
BRDA:154,15,1,0
BRDA:161,16,0,0
BRDA:161,16,1,0
BRDA:169,17,0,0
BRDA:169,17,1,0
BRDA:172,18,0,0
BRDA:172,18,1,0
BRDA:179,19,0,0
BRDA:179,19,1,0
BRF:43
BRH:21
end_of_record
TN:
SF:src\kpSnackbar\KpuSnackbar.stories.ts
FNF:0
FNH:0
DA:6,0
DA:16,0
LF:2
LH:0
BRF:0
BRH:0
end_of_record
TN:
SF:src\kpTab\KpTabs.stories.ts
FNF:0
FNH:0
DA:5,0
DA:20,0
LF:2
LH:0
BRF:0
BRH:0
end_of_record
TN:
SF:src\kpTab\KpTabs.tsx
FN:44,(anonymous_0)
FN:48,(anonymous_1)
FN:55,(anonymous_2)
FN:59,(anonymous_3)
FN:94,(anonymous_4)
FN:109,(anonymous_5)
FNF:6
FNH:0
FNDA:0,(anonymous_0)
FNDA:0,(anonymous_1)
FNDA:0,(anonymous_2)
FNDA:0,(anonymous_3)
FNDA:0,(anonymous_4)
FNDA:0,(anonymous_5)
DA:44,0
DA:45,0
DA:48,0
DA:49,0
DA:55,0
DA:56,0
DA:57,0
DA:59,0
DA:60,0
DA:63,0
DA:79,0
DA:95,0
DA:110,0
LF:13
LH:0
BRDA:56,0,0,0
BRDA:56,0,1,0
BRDA:57,1,0,0
BRDA:57,1,1,0
BRDA:93,2,0,0
BRDA:93,2,1,0
BRDA:100,3,0,0
BRDA:100,3,1,0
BRDA:102,4,0,0
BRDA:102,4,1,0
BRDA:108,5,0,0
BRDA:108,5,1,0
BRF:12
BRH:0
end_of_record
TN:
SF:src\kpTable\CustomNoRowsOverlay.tsx
FN:5,(anonymous_0)
FN:29,CustomNoRowsOverlay
FNF:2
FNH:0
FNDA:0,(anonymous_0)
FNDA:0,CustomNoRowsOverlay
DA:5,0
DA:30,0
LF:2
LH:0
BRDA:12,0,0,0
BRDA:12,0,1,0
BRDA:15,1,0,0
BRDA:15,1,1,0
BRDA:18,2,0,0
BRDA:18,2,1,0
BRDA:21,3,0,0
BRDA:21,3,1,0
BRDA:24,4,0,0
BRDA:24,4,1,0
BRDA:25,5,0,0
BRDA:25,5,1,0
BRF:12
BRH:0
end_of_record
TN:
SF:src\kpTable\KpTable.stories.tsx
FN:87,(anonymous_0)
FN:94,(anonymous_1)
FNF:2
FNH:0
FNDA:0,(anonymous_0)
FNDA:0,(anonymous_1)
DA:7,0
DA:17,0
DA:87,0
DA:94,0
LF:4
LH:0
BRF:0
BRH:0
end_of_record
TN:
SF:src\kpTable\KpTable.tsx
FN:12,(anonymous_0)
FN:22,noRefCheck
FN:200,(anonymous_2)
FN:246,(anonymous_3)
FN:250,(anonymous_4)
FN:254,(anonymous_5)
FN:264,(anonymous_6)
FNF:7
FNH:0
FNDA:0,(anonymous_0)
FNDA:0,noRefCheck
FNDA:0,(anonymous_2)
FNDA:0,(anonymous_3)
FNDA:0,(anonymous_4)
FNDA:0,(anonymous_5)
FNDA:0,(anonymous_6)
DA:12,0
DA:13,0
DA:200,0
DA:242,0
DA:243,0
DA:244,0
DA:246,0
DA:247,0
DA:250,0
DA:251,0
DA:254,0
DA:258,0
DA:259,0
DA:264,0
DA:265,0
DA:268,0
LF:16
LH:0
BRDA:277,0,0,0
BRDA:277,0,1,0
BRDA:278,1,0,0
BRDA:278,1,1,0
BRF:4
BRH:0
end_of_record
TN:
SF:src\kpTable\TableComponent.tsx
FN:55,(anonymous_0)
FN:85,(anonymous_1)
FN:90,(anonymous_2)
FN:91,(anonymous_3)
FN:94,(anonymous_4)
FN:98,(anonymous_5)
FN:102,(anonymous_6)
FN:102,(anonymous_7)
FN:113,(anonymous_8)
FN:115,(anonymous_9)
FN:124,(anonymous_10)
FN:125,(anonymous_11)
FN:137,(anonymous_12)
FN:138,(anonymous_13)
FN:169,(anonymous_14)
FN:209,(anonymous_15)
FN:230,(anonymous_16)
FN:239,(anonymous_17)
FN:254,(anonymous_18)
FN:262,(anonymous_19)
FN:270,(anonymous_20)
FN:281,(anonymous_21)
FN:288,(anonymous_22)
FN:299,(anonymous_23)
FN:302,(anonymous_24)
FN:305,(anonymous_25)
FNF:26
FNH:0
FNDA:0,(anonymous_0)
FNDA:0,(anonymous_1)
FNDA:0,(anonymous_2)
FNDA:0,(anonymous_3)
FNDA:0,(anonymous_4)
FNDA:0,(anonymous_5)
FNDA:0,(anonymous_6)
FNDA:0,(anonymous_7)
FNDA:0,(anonymous_8)
FNDA:0,(anonymous_9)
FNDA:0,(anonymous_10)
FNDA:0,(anonymous_11)
FNDA:0,(anonymous_12)
FNDA:0,(anonymous_13)
FNDA:0,(anonymous_14)
FNDA:0,(anonymous_15)
FNDA:0,(anonymous_16)
FNDA:0,(anonymous_17)
FNDA:0,(anonymous_18)
FNDA:0,(anonymous_19)
FNDA:0,(anonymous_20)
FNDA:0,(anonymous_21)
FNDA:0,(anonymous_22)
FNDA:0,(anonymous_23)
FNDA:0,(anonymous_24)
FNDA:0,(anonymous_25)
DA:55,0
DA:79,0
DA:80,0
DA:81,0
DA:82,0
DA:83,0
DA:85,0
DA:86,0
DA:87,0
DA:90,0
DA:91,0
DA:94,0
DA:95,0
DA:98,0
DA:99,0
DA:102,0
DA:103,0
DA:104,0
DA:105,0
DA:107,0
DA:108,0
DA:109,0
DA:110,0
DA:113,0
DA:114,0
DA:115,0
DA:116,0
DA:117,0
DA:118,0
DA:120,0
DA:121,0
DA:124,0
DA:125,0
DA:126,0
DA:128,0
DA:129,0
DA:131,0
DA:133,0
DA:134,0
DA:137,0
DA:138,0
DA:140,0
DA:141,0
DA:170,0
DA:210,0
DA:211,0
DA:212,0
DA:230,0
DA:240,0
DA:241,0
DA:242,0
DA:254,0
DA:262,0
DA:270,0
DA:281,0
DA:288,0
DA:299,0
DA:302,0
DA:305,0
LF:59
LH:0
BRDA:83,0,0,0
BRDA:83,0,1,0
BRDA:83,1,0,0
BRDA:83,1,1,0
BRDA:99,2,0,0
BRDA:99,2,1,0
BRDA:99,3,0,0
BRDA:99,3,1,0
BRDA:103,4,0,0
BRDA:103,4,1,0
BRDA:104,5,0,0
BRDA:104,5,1,0
BRDA:108,6,0,0
BRDA:108,6,1,0
BRDA:109,7,0,0
BRDA:109,7,1,0
BRDA:114,8,0,0
BRDA:114,8,1,0
BRDA:128,9,0,0
BRDA:128,9,1,0
BRDA:145,10,0,0
BRDA:145,10,1,0
BRDA:148,11,0,0
BRDA:148,11,1,0
BRDA:150,12,0,0
BRDA:150,12,1,0
BRDA:159,13,0,0
BRDA:159,13,1,0
BRDA:160,14,0,0
BRDA:160,14,1,0
BRDA:180,15,0,0
BRDA:180,15,1,0
BRDA:184,16,0,0
BRDA:184,16,1,0
BRDA:186,17,0,0
BRDA:186,17,1,0
BRDA:189,18,0,0
BRDA:189,18,1,0
BRDA:191,19,0,0
BRDA:191,19,1,0
BRDA:209,20,0,0
BRDA:209,20,1,0
BRDA:216,21,0,0
BRDA:216,21,1,0
BRDA:219,22,0,0
BRDA:219,22,1,0
BRDA:221,23,0,0
BRDA:221,23,1,0
BRDA:240,24,0,0
BRDA:240,24,1,0
BRDA:241,25,0,0
BRDA:241,25,1,0
BRDA:241,26,0,0
BRDA:241,26,1,0
BRDA:243,27,0,0
BRDA:243,27,1,0
BRDA:243,28,0,0
BRDA:243,28,1,0
BRDA:246,29,0,0
BRDA:246,29,1,0
BRDA:251,30,0,0
BRDA:251,30,1,0
BRDA:259,31,0,0
BRDA:259,31,1,0
BRDA:267,32,0,0
BRDA:267,32,1,0
BRDA:275,33,0,0
BRDA:275,33,1,0
BRDA:299,34,0,0
BRDA:299,34,1,0
BRDA:302,35,0,0
BRDA:302,35,1,0
BRDA:305,36,0,0
BRDA:305,36,1,0
BRDA:316,37,0,0
BRDA:316,37,1,0
BRF:76
BRH:0
end_of_record
TN:
SF:src\kpTable\TableHeaderComponent.tsx
FN:88,(anonymous_0)
FN:98,(anonymous_1)
FN:144,(anonymous_2)
FN:161,(anonymous_3)
FN:167,(anonymous_4)
FN:175,(anonymous_5)
FN:179,(anonymous_6)
FN:180,(anonymous_7)
FN:180,(anonymous_8)
FN:185,(anonymous_9)
FN:186,(anonymous_10)
FN:186,(anonymous_11)
FN:190,(anonymous_12)
FN:191,(anonymous_13)
FN:191,(anonymous_14)
FN:194,(anonymous_15)
FN:195,(anonymous_16)
FN:195,(anonymous_17)
FN:198,(anonymous_18)
FN:200,(anonymous_19)
FN:206,(anonymous_20)
FN:211,(anonymous_21)
FN:227,(anonymous_22)
FN:247,(anonymous_23)
FN:264,(anonymous_24)
FN:305,(anonymous_25)
FN:318,(anonymous_26)
FN:330,(anonymous_27)
FN:411,(anonymous_28)
FN:429,(anonymous_29)
FN:430,(anonymous_30)
FN:446,(anonymous_31)
FN:449,(anonymous_32)
FN:457,(anonymous_33)
FN:466,(anonymous_34)
FN:475,(anonymous_35)
FN:476,(anonymous_36)
FNF:37
FNH:0
FNDA:0,(anonymous_0)
FNDA:0,(anonymous_1)
FNDA:0,(anonymous_2)
FNDA:0,(anonymous_3)
FNDA:0,(anonymous_4)
FNDA:0,(anonymous_5)
FNDA:0,(anonymous_6)
FNDA:0,(anonymous_7)
FNDA:0,(anonymous_8)
FNDA:0,(anonymous_9)
FNDA:0,(anonymous_10)
FNDA:0,(anonymous_11)
FNDA:0,(anonymous_12)
FNDA:0,(anonymous_13)
FNDA:0,(anonymous_14)
FNDA:0,(anonymous_15)
FNDA:0,(anonymous_16)
FNDA:0,(anonymous_17)
FNDA:0,(anonymous_18)
FNDA:0,(anonymous_19)
FNDA:0,(anonymous_20)
FNDA:0,(anonymous_21)
FNDA:0,(anonymous_22)
FNDA:0,(anonymous_23)
FNDA:0,(anonymous_24)
FNDA:0,(anonymous_25)
FNDA:0,(anonymous_26)
FNDA:0,(anonymous_27)
FNDA:0,(anonymous_28)
FNDA:0,(anonymous_29)
FNDA:0,(anonymous_30)
FNDA:0,(anonymous_31)
FNDA:0,(anonymous_32)
FNDA:0,(anonymous_33)
FNDA:0,(anonymous_34)
FNDA:0,(anonymous_35)
FNDA:0,(anonymous_36)
DA:72,0
DA:82,0
DA:88,0
DA:97,0
DA:98,0
DA:99,0
DA:101,0
DA:125,0
DA:134,0
DA:144,0
DA:157,0
DA:158,0
DA:159,0
DA:161,0
DA:162,0
DA:165,0
DA:167,0
DA:168,0
DA:169,0
DA:171,0
DA:175,0
DA:176,0
DA:179,0
DA:180,0
DA:181,0
DA:185,0
DA:186,0
DA:190,0
DA:191,0
DA:194,0
DA:195,0
DA:198,0
DA:199,0
DA:200,0
DA:206,0
DA:207,0
DA:212,0
DA:214,0
DA:227,0
DA:234,0
DA:247,0
DA:264,0
DA:288,0
DA:306,0
DA:318,0
DA:330,0
DA:412,0
DA:413,0
DA:430,0
DA:431,0
DA:446,0
DA:450,0
DA:457,0
DA:466,0
DA:475,0
DA:476,0
LF:56
LH:0
BRDA:107,0,0,0
BRDA:107,0,1,0
BRDA:113,1,0,0
BRDA:113,1,1,0
BRDA:165,2,0,0
BRDA:165,2,1,0
BRDA:168,3,0,0
BRDA:168,3,1,0
BRDA:176,4,0,0
BRDA:176,4,1,0
BRDA:180,5,0,0
BRDA:180,5,1,0
BRDA:180,6,0,0
BRDA:180,6,1,0
BRDA:180,7,0,0
BRDA:180,7,1,0
BRDA:180,7,2,0
BRDA:191,8,0,0
BRDA:191,8,1,0
BRDA:195,9,0,0
BRDA:195,9,1,0
BRDA:199,10,0,0
BRDA:199,10,1,0
BRDA:212,11,0,0
BRDA:212,11,1,0
BRDA:303,12,0,0
BRDA:303,12,1,0
BRDA:303,13,0,0
BRDA:303,13,1,0
BRDA:306,14,0,0
BRDA:306,14,1,0
BRDA:318,15,0,0
BRDA:318,15,1,0
BRDA:330,16,0,0
BRDA:330,16,1,0
BRDA:352,17,0,0
BRDA:352,17,1,0
BRDA:358,18,0,0
BRDA:358,18,1,0
BRDA:361,19,0,0
BRDA:361,19,1,0
BRDA:430,20,0,0
BRDA:430,20,1,0
BRDA:446,21,0,0
BRDA:446,21,1,0
BRDA:451,22,0,0
BRDA:451,22,1,0
BRDA:451,23,0,0
BRDA:451,23,1,0
BRDA:451,23,2,0
BRDA:462,24,0,0
BRDA:462,24,1,0
BRDA:462,24,2,0
BRDA:475,25,0,0
BRDA:475,25,1,0
BRF:55
BRH:0
end_of_record
TN:
SF:src\kpTable\TablePaginationActions.tsx
FN:11,(anonymous_0)
FN:29,(anonymous_1)
FN:34,(anonymous_2)
FN:39,(anonymous_3)
FN:44,(anonymous_4)
FN:52,(anonymous_5)
FN:57,(anonymous_6)
FN:82,(anonymous_7)
FN:142,(anonymous_8)
FNF:9
FNH:0
FNDA:0,(anonymous_0)
FNDA:0,(anonymous_1)
FNDA:0,(anonymous_2)
FNDA:0,(anonymous_3)
FNDA:0,(anonymous_4)
FNDA:0,(anonymous_5)
FNDA:0,(anonymous_6)
FNDA:0,(anonymous_7)
FNDA:0,(anonymous_8)
DA:11,0
DA:12,0
DA:25,0
DA:27,0
DA:29,0
DA:30,0
DA:31,0
DA:34,0
DA:35,0
DA:36,0
DA:39,0
DA:40,0
DA:41,0
DA:44,0
DA:45,0
DA:49,0
DA:52,0
DA:53,0
DA:54,0
DA:57,0
DA:58,0
DA:59,0
DA:62,0
DA:83,0
DA:143,0
LF:25
LH:0
BRDA:103,0,0,0
BRDA:103,0,1,0
BRDA:106,1,0,0
BRDA:106,1,1,0
BRDA:118,2,0,0
BRDA:118,2,1,0
BRDA:125,3,0,0
BRDA:125,3,1,0
BRDA:159,4,0,0
BRDA:159,4,1,0
BRDA:170,5,0,0
BRDA:170,5,1,0
BRF:12
BRH:0
end_of_record
TN:
SF:src\kpTable\orderTypes.ts
FNF:0
FNH:0
LF:0
LH:0
BRF:0
BRH:0
end_of_record
TN:
SF:src\kpTooltip\KpTooltip.stories.ts
FNF:0
FNH:0
DA:5,0
DA:15,0
LF:2
LH:0
BRF:0
BRH:0
end_of_record
TN:
SF:src\kpTooltip\KpTooltip.tsx
FN:21,(anonymous_0)
FN:27,(anonymous_1)
FNF:2
FNH:0
FNDA:0,(anonymous_0)
FNDA:0,(anonymous_1)
DA:21,0
DA:22,0
DA:27,0
DA:35,0
LF:4
LH:0
BRF:0
BRH:0
end_of_record
TN:
SF:src\theme\theme.ts
FNF:0
FNH:0
DA:6,0
DA:229,0
LF:2
LH:0
BRF:0
BRH:0
end_of_record
